This is pdfTeX, Version 3.1415926-2.5-1.40.14 (TeX Live 2013/Debian) (format=pdflatex 2014.9.6)  10 OCT 2014 14:24
entering extended mode
 restricted \write18 enabled.
 %&-line parsing enabled.
**tcc.tex
(./tcc.tex
LaTeX2e <2011/06/27>
Babel <3.9h> and hyphenation patterns for 78 languages loaded.
(./fixos/pacotes.tex
(/usr/share/texlive/texmf-dist/tex/latex/abntex2/abntex2.cls
Document Class: abntex2 2014/01/26 v1.9.2 abnTeX2
(/usr/share/texlive/texmf-dist/tex/latex/base/ifthen.sty
Package: ifthen 2001/05/26 v1.1c Standard LaTeX ifthen package (DPC)
)
(/usr/share/texlive/texmf-dist/tex/latex/memoir/memoir.cls
Document Class: memoir 2013/05/30 v3.7b configurable book, report, article docu
ment class
\onelineskip=\skip41
\lxvchars=\skip42
\xlvchars=\skip43
\@memcnta=\count79
\c@@memmarkcntra=\count80
(/usr/share/texlive/texmf-dist/tex/generic/oberdiek/ifpdf.sty
Package: ifpdf 2011/01/30 v2.3 Provides the ifpdf switch (HO)
Package ifpdf Info: pdfTeX in PDF mode is detected.
)
(/usr/share/texlive/texmf-dist/tex/latex/ifetex/ifetex.sty
Package: ifetex 2011/12/15 v1.2 ifetex

(/usr/share/texlive/texmf-dist/tex/plain/ifetex/ifetex.tex))
(/usr/share/texlive/texmf-dist/tex/generic/ifxetex/ifxetex.sty
Package: ifxetex 2010/09/12 v0.6 Provides ifxetex conditional
)
(/usr/share/texlive/texmf-dist/tex/generic/oberdiek/ifluatex.sty
Package: ifluatex 2010/03/01 v1.3 Provides the ifluatex switch (HO)
Package ifluatex Info: LuaTeX not detected.
)
\stockheight=\skip44
\stockwidth=\skip45
\trimtop=\skip46
\trimedge=\skip47

(/usr/share/texlive/texmf-dist/tex/latex/etex-pkg/etex.sty
Package: etex 1998/03/26 v2.0 eTeX basic definition package (PEB)
\et@xins=\count81
)
(/usr/share/texlive/texmf-dist/tex/latex/memoir/mem12.clo
File: mem12.clo 2010/10/19 v0.4b memoir class 12pt size option
)
\binding=\skip48
\spinemargin=\skip49
\foremargin=\skip50
\uppermargin=\skip51
\lowermargin=\skip52
\headdrop=\skip53
\normalrulethickness=\skip54
\mem@maxheadheight=\skip55
\mem@maxfootheight=\skip56
\headwidth=\skip57
\c@storedpagenumber=\count82
\memPD=\dimen102
\m@mabparskip=\skip58
\thanksmarkwidth=\skip59
\thanksmarksep=\skip60
\droptitle=\skip61
\c@book=\count83
\c@part=\count84
\c@chapter=\count85
\c@section=\count86
\c@subsection=\count87
\c@subsubsection=\count88
\c@paragraph=\count89
\c@subparagraph=\count90
\beforechapskip=\skip62
\midchapskip=\skip63
\afterchapskip=\skip64
\chapindent=\skip65
\bottomsectionskip=\skip66
\secindent=\skip67
\beforesecskip=\skip68
\aftersecskip=\skip69
\subsecindent=\skip70
\beforesubsecskip=\skip71
\aftersubsecskip=\skip72
\subsubsecindent=\skip73
\beforesubsubsecskip=\skip74
\aftersubsubsecskip=\skip75
\paraindent=\skip76
\beforeparaskip=\skip77
\afterparaskip=\skip78
\subparaindent=\skip79
\beforesubparaskip=\skip80
\aftersubparaskip=\skip81
\pfbreakskip=\skip82
\c@@ppsavesec=\count91
\c@@ppsaveapp=\count92
\ragrparindent=\dimen103
\everylistparindent=\dimen104
\parsepi=\skip83
\topsepi=\skip84
\itemsepi=\skip85
\parsepii=\skip86
\topsepii=\skip87
\topsepiii=\skip88
\itemsepii=\skip89
\itemsepiii=\skip90
\partopsepii=\skip91
\partopsepiii=\skip92
\m@msavetopsep=\skip93
\m@msavepartopsep=\skip94
\@enLab=\toks14
\abstitleskip=\skip95
\absleftindent=\skip96
\abs@leftindent=\dimen105
\absrightindent=\skip97
\absparindent=\skip98
\absparsep=\skip99
\c@vslineno=\count93
\c@poemline=\count94
\c@modulo@vs=\count95
\c@memfvsline=\count96
\vleftskip=\skip100
\vrightskip=\skip101
\stanzaskip=\skip102
\versewidth=\skip103
\vgap=\skip104
\vindent=\skip105
\vleftmargin=\dimen106
\c@verse=\count97
\c@chrsinstr=\count98
\beforepoemtitleskip=\skip106
\afterpoemtitleskip=\skip107
\c@poem=\count99
\beforePoemTitleskip=\skip108
\midPoemTitleskip=\skip109
\afterPoemTitleskip=\skip110
\col@sep=\dimen107
\extrarowheight=\dimen108
\NC@list=\toks15
\extratabsurround=\skip111
\backup@length=\skip112
\TX@col@width=\dimen109
\TX@old@table=\dimen110
\TX@old@col=\dimen111
\TX@target=\dimen112
\TX@delta=\dimen113
\TX@cols=\count100
\TX@ftn=\toks16
\heavyrulewidth=\dimen114
\lightrulewidth=\dimen115
\cmidrulewidth=\dimen116
\belowrulesep=\dimen117
\belowbottomsep=\dimen118
\aboverulesep=\dimen119
\abovetopsep=\dimen120
\cmidrulesep=\dimen121
\cmidrulekern=\dimen122
\defaultaddspace=\dimen123
\@cmidla=\count101
\@cmidlb=\count102
\@aboverulesep=\dimen124
\@belowrulesep=\dimen125
\@thisruleclass=\count103
\@lastruleclass=\count104
\@thisrulewidth=\dimen126
\ctableftskip=\skip113
\ctabrightskip=\skip114
\abovecolumnspenalty=\count105
\@linestogo=\count106
\@cellstogo=\count107
\@cellsincolumn=\count108
\crtok=\toks17
\@mincolumnwidth=\dimen127
\c@newflo@tctr=\count109
\mem@margin@floatbox=\box26
\@contcwidth=\skip115
\@contindw=\skip116
\abovecaptionskip=\skip117
\belowcaptionskip=\skip118
\subfloattopskip=\skip119
\subfloatcapskip=\skip120
\subfloatcaptopadj=\skip121
\subfloatbottomskip=\skip122
\subfloatlabelskip=\skip123
\subfloatcapmargin=\dimen128
\c@@contsubnum=\count110
\m@mscap@capbox=\box27
\m@mscap@fbox=\box28
\sidecapsep=\dimen129
\sidecapwidth=\dimen130
\m@m@tempdima=\dimen131
\m@mscapraise=\dimen132
\sidecapraise=\dimen133
\m@mscapmainwidth=\dimen134
\m@mscaplkern=\dimen135
\beforeepigraphskip=\skip124
\afterepigraphskip=\skip125
\epigraphwidth=\skip126
\epigraphrule=\skip127
LaTeX Info: Redefining \em on input line 7492.
LaTeX Info: Redefining \emph on input line 7500.
\tocentryskip=\skip128
\tocbaseline=\skip129
\cftparskip=\skip130
\cftbeforebookskip=\skip131
\cftbookindent=\dimen136
\cftbooknumwidth=\dimen137
\cftbeforepartskip=\skip132
\cftpartindent=\skip133
\cftpartnumwidth=\skip134
\cftbeforechapterskip=\skip135
\cftchapterindent=\skip136
\cftchapternumwidth=\skip137
\cftbeforesectionskip=\skip138
\cftsectionindent=\skip139
\cftsectionnumwidth=\skip140
\cftbeforesubsectionskip=\skip141
\cftsubsectionindent=\skip142
\cftsubsectionnumwidth=\skip143
\cftbeforesubsubsectionskip=\skip144
\cftsubsubsectionindent=\skip145
\cftsubsubsectionnumwidth=\skip146
\cftbeforeparagraphskip=\skip147
\cftparagraphindent=\skip148
\cftparagraphnumwidth=\skip149
\cftbeforesubparagraphskip=\skip150
\cftsubparagraphindent=\skip151
\cftsubparagraphnumwidth=\skip152
\prechapterprecisshift=\dimen138
\c@maxsecnumdepth=\count111
\bibindent=\dimen139
\bibitemsep=\skip153
\indexcolsep=\skip154
\indexrule=\skip155
\indexmarkstyle=\toks18
\@indexbox=\insert233
\glossarycolsep=\dimen140
\glossaryrule=\dimen141
\sideparvshift=\skip156
\sideins=\insert232
\sidebartopsep=\skip157
\sidebarhsep=\skip158
\sidebarvsep=\skip159
\sidebarwidth=\skip160
\footmarkwidth=\skip161
\footmarksep=\skip162
\footparindent=\skip163
\footinsdim=\skip164
\footinsv@r=\insert231
\@mpfootinsv@r=\insert230
\m@m@k=\count112
\m@m@h=\dimen142
\m@mipn@skip=\skip165
\sidefootins=\insert229
\sidefootadjust=\skip166
\sidefootheight=\skip167
\sidefoothsep=\skip168
\sidefootvsep=\skip169
\sidefootwidth=\skip170
\m@mdownsf=\skip171
\c@sidefootnote=\count113
\sidefootmarkwidth=\skip172
\sidefootmarksep=\skip173
\sidefootparindent=\skip174
\c@pagenote=\count114
\c@pagenoteshadow=\count115
\mem@pn@lastkern=\skip175
\every@verbatim=\toks19
\afterevery@verbatim=\toks20
\verbatim@line=\toks21
\tab@position=\count116
\verbatim@in@stream=\read1
\verbatimindent=\skip176
\verbatim@out=\write3
\bvboxsep=\skip177
\c@memfbvline=\count117
\c@bvlinectr=\count118
\bvnumlength=\skip178
\fb@frw=\dimen143
\fb@frh=\dimen144
\FrameRule=\dimen145
\FrameSep=\dimen146
\c@cp@cntr=\count119
LaTeX Info: Redefining \: on input line 11958.
LaTeX Info: Redefining \! on input line 11960.
\c@ism@mctr=\count120
\c@xsm@mctr=\count121
\c@csm@mctr=\count122
\c@ksm@mctr=\count123
\c@xksm@mctr=\count124
\c@cksm@mctr=\count125
\c@msm@mctr=\count126
\c@xmsm@mctr=\count127
\c@cmsm@mctr=\count128
\c@bsm@mctr=\count129
\c@workm@mctr=\count130
\c@sheetsequence=\count131
\c@lastsheet=\count132
\c@lastpage=\count133
\c@figure=\count134
\c@lofdepth=\count135
\cftbeforefigureskip=\skip179
\cftfigureindent=\skip180
\cftfigurenumwidth=\skip181
\c@table=\count136
\c@lotdepth=\count137
\cftbeforetableskip=\skip182
\cfttableindent=\skip183
\cfttablenumwidth=\skip184
Package abstract [2008/07/23] emulated by memoir.
Package appendix [2008/07/23] emulated by memoir.
Package array [2008/09/09] emulated by memoir.
Package booktabs [2008/07/23] emulated by memoir.
Package ccaption [2008/07/23] emulated by memoir.
Package changepage [2008/07/23] emulated by memoir.
Package chngcntr [2008/07/23] emulated by memoir.
Package chngpage [2008/07/23] emulated by memoir.
Package crop emulated by memoir.
Package dcolumn [2008/07/23] emulated by memoir.
Package delarray [2008/07/23] emulated by memoir.
Package enumerate [2008/07/23] emulated by memoir.
Package epigraph [2008/07/23] emulated by memoir.
Package ifmtarg [2008/07/23] emulated by memoir.
Package index [2008/07/23] emulated by memoir.
Package makeidx [2008/07/23] emulated by memoir.
Package moreverb [2008/07/23] emulated by memoir.
Package mparhack [2008/07/23] emulated by memoir.
Package needspace [2008/07/23] emulated by memoir.
Package newfile [2008/07/23] emulated by memoir.
Package nextpage [2008/07/23] emulated by memoir.
Package pagenote [2008/07/23] emulated by memoir.
Package parskip [2008/07/23] emulated by memoir.
Package patchcmd [2008/07/23] emulated by memoir.
Package setspace [2008/07/23] emulated by memoir.
Package shortvrb [2008/07/23] emulated by memoir.
Package showidx [2008/07/23] emulated by memoir.
Package tabularx [2008/07/23] emulated by memoir.
Package titleref [2008/07/23] emulated by memoir.
Package titling [2008/07/23] emulated by memoir.
Package tocbibind [2008/07/23] emulated by memoir.
Package tocloft [2008/07/23] emulated by memoir.
Package tocvsec2 [2008/07/23] emulated by memoir.
Package verbatim [2008/07/23] emulated by memoir.
Package verse [2008/07/23] emulated by memoir.

(/usr/share/texlive/texmf-dist/tex/latex/memoir/mempatch.sty
Package: mempatch 2009/07/24 v6.0f Patches for memoir class v1.6180339
))
(/usr/share/texlive/texmf-dist/tex/latex/textcase/textcase.sty
Package: textcase 2004/10/07 v0.07 Text only upper/lower case changing (DPC)
LaTeX Info: Redefining \MakeTextUppercase on input line 47.
LaTeX Info: Redefining \MakeTextLowercase on input line 50.
)
(/usr/share/texlive/texmf-dist/tex/latex/hyperref/hyperref.sty
Package: hyperref 2012/11/06 v6.83m Hypertext links for LaTeX

(/usr/share/texlive/texmf-dist/tex/generic/oberdiek/hobsub-hyperref.sty
Package: hobsub-hyperref 2012/05/28 v1.13 Bundle oberdiek, subset hyperref (HO)


(/usr/share/texlive/texmf-dist/tex/generic/oberdiek/hobsub-generic.sty
Package: hobsub-generic 2012/05/28 v1.13 Bundle oberdiek, subset generic (HO)
Package: hobsub 2012/05/28 v1.13 Construct package bundles (HO)
Package: infwarerr 2010/04/08 v1.3 Providing info/warning/error messages (HO)
Package: ltxcmds 2011/11/09 v1.22 LaTeX kernel commands for general use (HO)
Package hobsub Info: Skipping package `ifluatex' (already loaded).
Package: ifvtex 2010/03/01 v1.5 Detect VTeX and its facilities (HO)
Package ifvtex Info: VTeX not detected.
Package: intcalc 2007/09/27 v1.1 Expandable calculations with integers (HO)
Package hobsub Info: Skipping package `ifpdf' (already loaded).
Package: etexcmds 2011/02/16 v1.5 Avoid name clashes with e-TeX commands (HO)
Package etexcmds Info: Could not find \expanded.
(etexcmds)             That can mean that you are not using pdfTeX 1.50 or
(etexcmds)             that some package has redefined \expanded.
(etexcmds)             In the latter case, load this package earlier.
Package: kvsetkeys 2012/04/25 v1.16 Key value parser (HO)
Package: kvdefinekeys 2011/04/07 v1.3 Define keys (HO)
Package: pdftexcmds 2011/11/29 v0.20 Utility functions of pdfTeX for LuaTeX (HO
)
Package pdftexcmds Info: LuaTeX not detected.
Package pdftexcmds Info: \pdf@primitive is available.
Package pdftexcmds Info: \pdf@ifprimitive is available.
Package pdftexcmds Info: \pdfdraftmode found.
Package: pdfescape 2011/11/25 v1.13 Implements pdfTeX's escape features (HO)
Package: bigintcalc 2012/04/08 v1.3 Expandable calculations on big integers (HO
)
Package: bitset 2011/01/30 v1.1 Handle bit-vector datatype (HO)
Package: uniquecounter 2011/01/30 v1.2 Provide unlimited unique counter (HO)
)
Package hobsub Info: Skipping package `hobsub' (already loaded).
Package: letltxmacro 2010/09/02 v1.4 Let assignment for LaTeX macros (HO)
Package: hopatch 2012/05/28 v1.2 Wrapper for package hooks (HO)
Package: xcolor-patch 2011/01/30 xcolor patch
Package: atveryend 2011/06/30 v1.8 Hooks at the very end of document (HO)
Package atveryend Info: \enddocument detected (standard20110627).
Package: atbegshi 2011/10/05 v1.16 At begin shipout hook (HO)
Package: refcount 2011/10/16 v3.4 Data extraction from label references (HO)
Package: hycolor 2011/01/30 v1.7 Color options for hyperref/bookmark (HO)
)
(/usr/share/texlive/texmf-dist/tex/latex/graphics/keyval.sty
Package: keyval 1999/03/16 v1.13 key=value parser (DPC)
\KV@toks@=\toks22
)
(/usr/share/texlive/texmf-dist/tex/latex/oberdiek/auxhook.sty
Package: auxhook 2011/03/04 v1.3 Hooks for auxiliary files (HO)
)
(/usr/share/texlive/texmf-dist/tex/latex/oberdiek/kvoptions.sty
Package: kvoptions 2011/06/30 v3.11 Key value format for package options (HO)
)
\@linkdim=\dimen147
\Hy@linkcounter=\count138
\Hy@pagecounter=\count139

(/usr/share/texlive/texmf-dist/tex/latex/hyperref/pd1enc.def
File: pd1enc.def 2012/11/06 v6.83m Hyperref: PDFDocEncoding definition (HO)
)
\Hy@SavedSpaceFactor=\count140

(/usr/share/texlive/texmf-dist/tex/latex/latexconfig/hyperref.cfg
File: hyperref.cfg 2002/06/06 v1.2 hyperref configuration of TeXLive
)
Package hyperref Info: Hyper figures OFF on input line 4443.
Package hyperref Info: Link nesting OFF on input line 4448.
Package hyperref Info: Hyper index ON on input line 4451.
Package hyperref Info: Plain pages OFF on input line 4458.
Package hyperref Info: Backreferencing OFF on input line 4463.
Package hyperref Info: Implicit mode ON; LaTeX internals redefined.
Package hyperref Info: Bookmarks ON on input line 4688.
\c@Hy@tempcnt=\count141

(/usr/share/texlive/texmf-dist/tex/latex/url/url.sty
\Urlmuskip=\muskip10
Package: url 2013/09/16  ver 3.4  Verb mode for urls, etc.
)
LaTeX Info: Redefining \url on input line 5041.
\XeTeXLinkMargin=\dimen148
\Fld@menulength=\count142
\Field@Width=\dimen149
\Fld@charsize=\dimen150
Package hyperref Info: Hyper figures OFF on input line 6295.
Package hyperref Info: Link nesting OFF on input line 6300.
Package hyperref Info: Hyper index ON on input line 6303.
Package hyperref Info: backreferencing OFF on input line 6310.
Package hyperref Info: Link coloring OFF on input line 6315.
Package hyperref Info: Link coloring with OCG OFF on input line 6320.
Package hyperref Info: PDF/A mode OFF on input line 6325.
LaTeX Info: Redefining \ref on input line 6365.
LaTeX Info: Redefining \pageref on input line 6369.
\Hy@abspage=\count143
\c@Item=\count144
\c@Hfootnote=\count145
)
(/usr/share/texlive/texmf-dist/tex/latex/memoir/memhfixc.sty
Package: memhfixc 2013/05/30 v1.17 nameref/hyperref package fixes for memoir cl
ass
\c@memhycontfloat=\count146
\c@Hpagenote=\count147
)

Package hyperref Message: Driver (autodetected): hpdftex.

(/usr/share/texlive/texmf-dist/tex/latex/hyperref/hpdftex.def
File: hpdftex.def 2012/11/06 v6.83m Hyperref driver for pdfTeX
\Fld@listcount=\count148
\c@bookmark@seq@number=\count149

(/usr/share/texlive/texmf-dist/tex/latex/oberdiek/rerunfilecheck.sty
Package: rerunfilecheck 2011/04/15 v1.7 Rerun checks for auxiliary files (HO)
Package uniquecounter Info: New unique counter `rerunfilecheck' on input line 2
82.
)
\Hy@SectionHShift=\skip185
)
(/usr/share/texlive/texmf-dist/tex/latex/oberdiek/bookmark.sty
Package: bookmark 2011/12/02 v1.24 PDF bookmarks (HO)

(/usr/share/texlive/texmf-dist/tex/latex/oberdiek/bkm-pdftex.def
File: bkm-pdftex.def 2011/12/02 v1.24 bookmark driver for pdfTeX (HO)
\BKM@id=\count150
))
(/usr/share/texlive/texmf-dist/tex/generic/babel/babel.sty
Package: babel 2013/12/03 3.9h The Babel package

(/usr/share/texlive/texmf-dist/tex/generic/babel-english/english.ldf
Language: english 2012/08/20 v3.3p English support from the babel system

(/usr/share/texlive/texmf-dist/tex/generic/babel/babel.def
File: babel.def 2013/12/03 3.9h Babel common definitions
\babel@savecnt=\count151
\U@D=\dimen151
)
\l@canadian = a dialect from \language\l@american 
\l@australian = a dialect from \language\l@british 
\l@newzealand = a dialect from \language\l@british 
)
(/usr/share/texlive/texmf-dist/tex/generic/babel-french/frenchb.ldf
Language: frenchb 2013/12/30 v2.6g French support from the babel system
\FB@interchartokenstateORI=\count152
Package babel Info: Making : an active character on input line 244.
Package babel Info: Making ; an active character on input line 245.
Package babel Info: Making ! an active character on input line 246.
Package babel Info: Making ? an active character on input line 247.
\FB@Mht=\dimen152
\std@mcc=\count153
\dec@mcc=\count154
\listindentFB=\skip186
\labelwidthFB=\skip187
\leftmarginFB=\skip188
\parindentFFN=\dimen153
)
(/usr/share/texlive/texmf-dist/tex/generic/babel-spanish/spanish.ldf
Language: spanish.ldf 2014/01/29 v5.0m Spanish support from the babel system
\es@datefmt=\count155
\es@quottoks=\toks23
\es@quotdepth=\count156
Package babel Info: Making " an active character on input line 496.
Package babel Info: Making . an active character on input line 599.
Package babel Info: Making < an active character on input line 644.
Package babel Info: Making > an active character on input line 644.
)
(/usr/share/texlive/texmf-dist/tex/generic/babel-portuges/portuges.ldf
Language: portuges 2008/03/18 v1.2q Portuguese support from the babel system
\l@brazil = a dialect from \language\l@portuges 
))
(/usr/share/texlive/texmf-dist/tex/latex/carlisle/scalefnt.sty)
(/usr/share/texlive/texmf-dist/tex/latex/enumitem/enumitem.sty
Package: enumitem 2011/09/28 v3.5.2 Customized lists
\labelindent=\skip189
\enit@outerparindent=\dimen154
\enit@toks=\toks24
\enit@inbox=\box29
\enitdp@description=\count157
)
(/usr/share/texlive/texmf-dist/tex/latex/tools/calc.sty
Package: calc 2007/08/22 v4.3 Infix arithmetic (KKT,FJ)
\calc@Acount=\count158
\calc@Bcount=\count159
\calc@Adimen=\dimen155
\calc@Bdimen=\dimen156
\calc@Askip=\skip190
\calc@Bskip=\skip191
LaTeX Info: Redefining \setlength on input line 76.
LaTeX Info: Redefining \addtolength on input line 77.
\calc@Ccount=\count160
\calc@Cskip=\skip192
)

******************************************************
Stock height and width: 845.04684pt by 597.50787pt
Top and edge trims: 0pt and 0pt
Page height and width: 845.04684pt by 597.50787pt
Text height and width: 708pt by 455pt
Spine and edge margins: 85.35826pt and 56.9055pt
Upper and lower margins: 85.35826pt and 51.68858pt
Headheight and headsep: 14.5pt and 19.8738pt
Footskip: 30pt
Columnsep and columnseprule: 10pt and 0pt
Marginparsep and marginparwidth: 7pt and 42.9055pt
Sidecapsep and sidecapwidth: 7pt and 42pt
Sidebarhsep and sidebarwidth: 7pt and 42pt
Sidebarvsep and sidebartopsep: 14.5pt and 0pt
Sidebarheight: 590.14995pt
Sidefoothsep and sidefootwidth: 7pt and 42pt
Sidefootvsep and sidefootheight: 14.5pt and 590.14995pt
******************************************************

\c@abntex@bookmarkcounter=\count161
\cftlastnumwidth=\skip193
\chapternamenumlength=\skip194
\ABNTEXcitacaorecuo=\skip195
\c@alineasi=\count162
\c@alineasii=\count163
\enitdp@alineas=\count164
\c@subalineasi=\count165
\enitdp@subalineas=\count166
\c@incisosi=\count167
\enitdp@incisos=\count168
\ABNTEXsignwidth=\skip196
\ABNTEXsignthickness=\skip197
\ABNTEXsignskip=\skip198
) (/usr/share/texlive/texmf-dist/tex/latex/cmap/cmap.sty
Package: cmap 2008/03/06 v1.0h CMap support: searchable PDF
)
(/usr/share/texmf/tex/latex/lm/lmodern.sty
Package: lmodern 2009/10/30 v1.6 Latin Modern Fonts
LaTeX Font Info:    Overwriting symbol font `operators' in version `normal'
(Font)                  OT1/cmr/m/n --> OT1/lmr/m/n on input line 22.
LaTeX Font Info:    Overwriting symbol font `letters' in version `normal'
(Font)                  OML/cmm/m/it --> OML/lmm/m/it on input line 23.
LaTeX Font Info:    Overwriting symbol font `symbols' in version `normal'
(Font)                  OMS/cmsy/m/n --> OMS/lmsy/m/n on input line 24.
LaTeX Font Info:    Overwriting symbol font `largesymbols' in version `normal'
(Font)                  OMX/cmex/m/n --> OMX/lmex/m/n on input line 25.
LaTeX Font Info:    Overwriting symbol font `operators' in version `bold'
(Font)                  OT1/cmr/bx/n --> OT1/lmr/bx/n on input line 26.
LaTeX Font Info:    Overwriting symbol font `letters' in version `bold'
(Font)                  OML/cmm/b/it --> OML/lmm/b/it on input line 27.
LaTeX Font Info:    Overwriting symbol font `symbols' in version `bold'
(Font)                  OMS/cmsy/b/n --> OMS/lmsy/b/n on input line 28.
LaTeX Font Info:    Overwriting symbol font `largesymbols' in version `bold'
(Font)                  OMX/cmex/m/n --> OMX/lmex/m/n on input line 29.
LaTeX Font Info:    Overwriting math alphabet `\mathbf' in version `normal'
(Font)                  OT1/cmr/bx/n --> OT1/lmr/bx/n on input line 31.
LaTeX Font Info:    Overwriting math alphabet `\mathsf' in version `normal'
(Font)                  OT1/cmss/m/n --> OT1/lmss/m/n on input line 32.
LaTeX Font Info:    Overwriting math alphabet `\mathit' in version `normal'
(Font)                  OT1/cmr/m/it --> OT1/lmr/m/it on input line 33.
LaTeX Font Info:    Overwriting math alphabet `\mathtt' in version `normal'
(Font)                  OT1/cmtt/m/n --> OT1/lmtt/m/n on input line 34.
LaTeX Font Info:    Overwriting math alphabet `\mathbf' in version `bold'
(Font)                  OT1/cmr/bx/n --> OT1/lmr/bx/n on input line 35.
LaTeX Font Info:    Overwriting math alphabet `\mathsf' in version `bold'
(Font)                  OT1/cmss/bx/n --> OT1/lmss/bx/n on input line 36.
LaTeX Font Info:    Overwriting math alphabet `\mathit' in version `bold'
(Font)                  OT1/cmr/bx/it --> OT1/lmr/bx/it on input line 37.
LaTeX Font Info:    Overwriting math alphabet `\mathtt' in version `bold'
(Font)                  OT1/cmtt/m/n --> OT1/lmtt/m/n on input line 38.
)
(/usr/share/texlive/texmf-dist/tex/latex/base/fontenc.sty
Package: fontenc 2005/09/27 v1.99g Standard LaTeX package

(/usr/share/texlive/texmf-dist/tex/latex/base/t1enc.def
File: t1enc.def 2005/09/27 v1.99g Standard LaTeX file
LaTeX Font Info:    Redeclaring font encoding T1 on input line 43.
)<<t1.cmap>>)
(/usr/share/texlive/texmf-dist/tex/latex/base/inputenc.sty
Package: inputenc 2008/03/30 v1.1d Input encoding file
\inpenc@prehook=\toks25
\inpenc@posthook=\toks26

(/usr/share/texlive/texmf-dist/tex/latex/base/utf8.def
File: utf8.def 2008/04/05 v1.1m UTF-8 support for inputenc
Now handling font encoding OML ...
... no UTF-8 mapping file for font encoding OML
Now handling font encoding T1 ...
... processing UTF-8 mapping file for font encoding T1

(/usr/share/texlive/texmf-dist/tex/latex/base/t1enc.dfu
File: t1enc.dfu 2008/04/05 v1.1m UTF-8 support for inputenc
   defining Unicode char U+00A1 (decimal 161)
   defining Unicode char U+00A3 (decimal 163)
   defining Unicode char U+00AB (decimal 171)
   defining Unicode char U+00BB (decimal 187)
   defining Unicode char U+00BF (decimal 191)
   defining Unicode char U+00C0 (decimal 192)
   defining Unicode char U+00C1 (decimal 193)
   defining Unicode char U+00C2 (decimal 194)
   defining Unicode char U+00C3 (decimal 195)
   defining Unicode char U+00C4 (decimal 196)
   defining Unicode char U+00C5 (decimal 197)
   defining Unicode char U+00C6 (decimal 198)
   defining Unicode char U+00C7 (decimal 199)
   defining Unicode char U+00C8 (decimal 200)
   defining Unicode char U+00C9 (decimal 201)
   defining Unicode char U+00CA (decimal 202)
   defining Unicode char U+00CB (decimal 203)
   defining Unicode char U+00CC (decimal 204)
   defining Unicode char U+00CD (decimal 205)
   defining Unicode char U+00CE (decimal 206)
   defining Unicode char U+00CF (decimal 207)
   defining Unicode char U+00D0 (decimal 208)
   defining Unicode char U+00D1 (decimal 209)
   defining Unicode char U+00D2 (decimal 210)
   defining Unicode char U+00D3 (decimal 211)
   defining Unicode char U+00D4 (decimal 212)
   defining Unicode char U+00D5 (decimal 213)
   defining Unicode char U+00D6 (decimal 214)
   defining Unicode char U+00D8 (decimal 216)
   defining Unicode char U+00D9 (decimal 217)
   defining Unicode char U+00DA (decimal 218)
   defining Unicode char U+00DB (decimal 219)
   defining Unicode char U+00DC (decimal 220)
   defining Unicode char U+00DD (decimal 221)
   defining Unicode char U+00DE (decimal 222)
   defining Unicode char U+00DF (decimal 223)
   defining Unicode char U+00E0 (decimal 224)
   defining Unicode char U+00E1 (decimal 225)
   defining Unicode char U+00E2 (decimal 226)
   defining Unicode char U+00E3 (decimal 227)
   defining Unicode char U+00E4 (decimal 228)
   defining Unicode char U+00E5 (decimal 229)
   defining Unicode char U+00E6 (decimal 230)
   defining Unicode char U+00E7 (decimal 231)
   defining Unicode char U+00E8 (decimal 232)
   defining Unicode char U+00E9 (decimal 233)
   defining Unicode char U+00EA (decimal 234)
   defining Unicode char U+00EB (decimal 235)
   defining Unicode char U+00EC (decimal 236)
   defining Unicode char U+00ED (decimal 237)
   defining Unicode char U+00EE (decimal 238)
   defining Unicode char U+00EF (decimal 239)
   defining Unicode char U+00F0 (decimal 240)
   defining Unicode char U+00F1 (decimal 241)
   defining Unicode char U+00F2 (decimal 242)
   defining Unicode char U+00F3 (decimal 243)
   defining Unicode char U+00F4 (decimal 244)
   defining Unicode char U+00F5 (decimal 245)
   defining Unicode char U+00F6 (decimal 246)
   defining Unicode char U+00F8 (decimal 248)
   defining Unicode char U+00F9 (decimal 249)
   defining Unicode char U+00FA (decimal 250)
   defining Unicode char U+00FB (decimal 251)
   defining Unicode char U+00FC (decimal 252)
   defining Unicode char U+00FD (decimal 253)
   defining Unicode char U+00FE (decimal 254)
   defining Unicode char U+00FF (decimal 255)
   defining Unicode char U+0102 (decimal 258)
   defining Unicode char U+0103 (decimal 259)
   defining Unicode char U+0104 (decimal 260)
   defining Unicode char U+0105 (decimal 261)
   defining Unicode char U+0106 (decimal 262)
   defining Unicode char U+0107 (decimal 263)
   defining Unicode char U+010C (decimal 268)
   defining Unicode char U+010D (decimal 269)
   defining Unicode char U+010E (decimal 270)
   defining Unicode char U+010F (decimal 271)
   defining Unicode char U+0110 (decimal 272)
   defining Unicode char U+0111 (decimal 273)
   defining Unicode char U+0118 (decimal 280)
   defining Unicode char U+0119 (decimal 281)
   defining Unicode char U+011A (decimal 282)
   defining Unicode char U+011B (decimal 283)
   defining Unicode char U+011E (decimal 286)
   defining Unicode char U+011F (decimal 287)
   defining Unicode char U+0130 (decimal 304)
   defining Unicode char U+0131 (decimal 305)
   defining Unicode char U+0132 (decimal 306)
   defining Unicode char U+0133 (decimal 307)
   defining Unicode char U+0139 (decimal 313)
   defining Unicode char U+013A (decimal 314)
   defining Unicode char U+013D (decimal 317)
   defining Unicode char U+013E (decimal 318)
   defining Unicode char U+0141 (decimal 321)
   defining Unicode char U+0142 (decimal 322)
   defining Unicode char U+0143 (decimal 323)
   defining Unicode char U+0144 (decimal 324)
   defining Unicode char U+0147 (decimal 327)
   defining Unicode char U+0148 (decimal 328)
   defining Unicode char U+014A (decimal 330)
   defining Unicode char U+014B (decimal 331)
   defining Unicode char U+0150 (decimal 336)
   defining Unicode char U+0151 (decimal 337)
   defining Unicode char U+0152 (decimal 338)
   defining Unicode char U+0153 (decimal 339)
   defining Unicode char U+0154 (decimal 340)
   defining Unicode char U+0155 (decimal 341)
   defining Unicode char U+0158 (decimal 344)
   defining Unicode char U+0159 (decimal 345)
   defining Unicode char U+015A (decimal 346)
   defining Unicode char U+015B (decimal 347)
   defining Unicode char U+015E (decimal 350)
   defining Unicode char U+015F (decimal 351)
   defining Unicode char U+0160 (decimal 352)
   defining Unicode char U+0161 (decimal 353)
   defining Unicode char U+0162 (decimal 354)
   defining Unicode char U+0163 (decimal 355)
   defining Unicode char U+0164 (decimal 356)
   defining Unicode char U+0165 (decimal 357)
   defining Unicode char U+016E (decimal 366)
   defining Unicode char U+016F (decimal 367)
   defining Unicode char U+0170 (decimal 368)
   defining Unicode char U+0171 (decimal 369)
   defining Unicode char U+0178 (decimal 376)
   defining Unicode char U+0179 (decimal 377)
   defining Unicode char U+017A (decimal 378)
   defining Unicode char U+017B (decimal 379)
   defining Unicode char U+017C (decimal 380)
   defining Unicode char U+017D (decimal 381)
   defining Unicode char U+017E (decimal 382)
   defining Unicode char U+200C (decimal 8204)
   defining Unicode char U+2013 (decimal 8211)
   defining Unicode char U+2014 (decimal 8212)
   defining Unicode char U+2018 (decimal 8216)
   defining Unicode char U+2019 (decimal 8217)
   defining Unicode char U+201A (decimal 8218)
   defining Unicode char U+201C (decimal 8220)
   defining Unicode char U+201D (decimal 8221)
   defining Unicode char U+201E (decimal 8222)
   defining Unicode char U+2030 (decimal 8240)
   defining Unicode char U+2031 (decimal 8241)
   defining Unicode char U+2039 (decimal 8249)
   defining Unicode char U+203A (decimal 8250)
   defining Unicode char U+2423 (decimal 9251)
)
Now handling font encoding OT1 ...
... processing UTF-8 mapping file for font encoding OT1

(/usr/share/texlive/texmf-dist/tex/latex/base/ot1enc.dfu
File: ot1enc.dfu 2008/04/05 v1.1m UTF-8 support for inputenc
   defining Unicode char U+00A1 (decimal 161)
   defining Unicode char U+00A3 (decimal 163)
   defining Unicode char U+00B8 (decimal 184)
   defining Unicode char U+00BF (decimal 191)
   defining Unicode char U+00C5 (decimal 197)
   defining Unicode char U+00C6 (decimal 198)
   defining Unicode char U+00D8 (decimal 216)
   defining Unicode char U+00DF (decimal 223)
   defining Unicode char U+00E6 (decimal 230)
   defining Unicode char U+00EC (decimal 236)
   defining Unicode char U+00ED (decimal 237)
   defining Unicode char U+00EE (decimal 238)
   defining Unicode char U+00EF (decimal 239)
   defining Unicode char U+00F8 (decimal 248)
   defining Unicode char U+0131 (decimal 305)
   defining Unicode char U+0141 (decimal 321)
   defining Unicode char U+0142 (decimal 322)
   defining Unicode char U+0152 (decimal 338)
   defining Unicode char U+0153 (decimal 339)
   defining Unicode char U+2013 (decimal 8211)
   defining Unicode char U+2014 (decimal 8212)
   defining Unicode char U+2018 (decimal 8216)
   defining Unicode char U+2019 (decimal 8217)
   defining Unicode char U+201C (decimal 8220)
   defining Unicode char U+201D (decimal 8221)
)
Now handling font encoding OMS ...
... processing UTF-8 mapping file for font encoding OMS

(/usr/share/texlive/texmf-dist/tex/latex/base/omsenc.dfu
File: omsenc.dfu 2008/04/05 v1.1m UTF-8 support for inputenc
   defining Unicode char U+00A7 (decimal 167)
   defining Unicode char U+00B6 (decimal 182)
   defining Unicode char U+00B7 (decimal 183)
   defining Unicode char U+2020 (decimal 8224)
   defining Unicode char U+2021 (decimal 8225)
   defining Unicode char U+2022 (decimal 8226)
)
Now handling font encoding OMX ...
... no UTF-8 mapping file for font encoding OMX
Now handling font encoding U ...
... no UTF-8 mapping file for font encoding U
Now handling font encoding PD1 ...
... no UTF-8 mapping file for font encoding PD1
   defining Unicode char U+00A9 (decimal 169)
   defining Unicode char U+00AA (decimal 170)
   defining Unicode char U+00AE (decimal 174)
   defining Unicode char U+00BA (decimal 186)
   defining Unicode char U+02C6 (decimal 710)
   defining Unicode char U+02DC (decimal 732)
   defining Unicode char U+200C (decimal 8204)
   defining Unicode char U+2026 (decimal 8230)
   defining Unicode char U+2122 (decimal 8482)
   defining Unicode char U+2423 (decimal 9251)
))
(/usr/share/texlive/texmf-dist/tex/latex/lastpage/lastpage.sty
Package: lastpage 2013/01/28 v1.2l Refers to last page's name (HMM; JPG)
)
(/usr/share/texlive/texmf-dist/tex/latex/tools/indentfirst.sty
Package: indentfirst 1995/11/23 v1.03 Indent first paragraph (DPC)
)
(/usr/share/texmf/tex/latex/xcolor/xcolor.sty
Package: xcolor 2007/01/21 v2.11 LaTeX color extensions (UK)

(/usr/share/texlive/texmf-dist/tex/latex/latexconfig/color.cfg
File: color.cfg 2007/01/18 v1.5 color configuration of teTeX/TeXLive
)
Package xcolor Info: Package option `usenames' ignored on input line 216.
Package xcolor Info: Driver file: pdftex.def on input line 225.

(/usr/share/texlive/texmf-dist/tex/latex/pdftex-def/pdftex.def
File: pdftex.def 2011/05/27 v0.06d Graphics/color for pdfTeX
\Gread@gobject=\count169
)
Package xcolor Info: Model `cmy' substituted by `cmy0' on input line 1337.
Package xcolor Info: Model `hsb' substituted by `rgb' on input line 1341.
Package xcolor Info: Model `RGB' extended on input line 1353.
Package xcolor Info: Model `HTML' substituted by `rgb' on input line 1355.
Package xcolor Info: Model `Hsb' substituted by `hsb' on input line 1356.
Package xcolor Info: Model `tHsb' substituted by `hsb' on input line 1357.
Package xcolor Info: Model `HSB' substituted by `hsb' on input line 1358.
Package xcolor Info: Model `Gray' substituted by `gray' on input line 1359.
Package xcolor Info: Model `wave' substituted by `hsb' on input line 1360.

(/usr/share/texlive/texmf-dist/tex/latex/graphics/dvipsnam.def
File: dvipsnam.def 1999/02/16 v3.0i Driver-dependant file (DPC,SPQR)
))
(/usr/share/texlive/texmf-dist/tex/latex/csvsimple/csvsimple.sty
Package: csvsimple 2013/09/25 version 1.07 LaTeX CSV file processing

(/usr/share/texmf/tex/latex/pgf/utilities/pgfkeys.sty
(/usr/share/texmf/tex/generic/pgf/utilities/pgfkeys.code.tex
\pgfkeys@pathtoks=\toks27
\pgfkeys@temptoks=\toks28

(/usr/share/texmf/tex/generic/pgf/utilities/pgfkeysfiltered.code.tex
\pgfkeys@tmptoks=\toks29
)))
\csv@file=\read2
\c@csvinputline=\count170
\c@csvrow=\count171
\c@csvcol=\count172
)
(/usr/share/texlive/texmf-dist/tex/latex/mdwtools/footnote.sty
Package: footnote 1997/01/28 1.13 Save footnotes around boxes
\fn@notes=\box30
\fn@width=\dimen157
)
(/usr/share/texlive/texmf-dist/tex/latex/units/units.sty
Package: units 1998/08/04 v0.9b Typesetting units

(/usr/share/texlive/texmf-dist/tex/latex/units/nicefrac.sty
Package: nicefrac 1998/08/04 v0.9b Nice fractions
\L@UnitsRaiseDisplaystyle=\skip199
\L@UnitsRaiseTextstyle=\skip200
\L@UnitsRaiseScriptstyle=\skip201
))
(/usr/share/texlive/texmf-dist/tex/latex/hyperref/backref.sty
Package: backref 2012/07/25 v1.38 Bibliographical back referencing
)
(/usr/share/texlive/texmf-dist/tex/latex/graphics/graphicx.sty
Package: graphicx 1999/02/16 v1.0f Enhanced LaTeX Graphics (DPC,SPQR)

(/usr/share/texlive/texmf-dist/tex/latex/graphics/graphics.sty
Package: graphics 2009/02/05 v1.0o Standard LaTeX Graphics (DPC,SPQR)

(/usr/share/texlive/texmf-dist/tex/latex/graphics/trig.sty
Package: trig 1999/03/16 v1.09 sin cos tan (DPC)
)
(/usr/share/texlive/texmf-dist/tex/latex/latexconfig/graphics.cfg
File: graphics.cfg 2010/04/23 v1.9 graphics configuration of TeX Live
)
Package graphics Info: Driver file: pdftex.def on input line 91.
)
\Gin@req@height=\dimen158
\Gin@req@width=\dimen159
)
(/usr/share/texlive/texmf-dist/tex/latex/caption/subcaption.sty
Package: subcaption 2013/02/03 v1.1-62 Sub-captions (AR)


Class memoir Warning: You are using the caption package with the memoir class. 
To prepare we will now reset all captioning macros and configurations to kernel
 defaults, and then let the caption package take over. Please remember to use t
he caption package interfaces in order to configure your captions. .

(/usr/share/texlive/texmf-dist/tex/latex/caption/caption.sty
Package: caption 2013/05/02 v3.3-89 Customizing captions (AR)

(/usr/share/texlive/texmf-dist/tex/latex/caption/caption3.sty
Package: caption3 2013/05/02 v1.6-88 caption3 kernel (AR)
Package caption3 Info: TeX engine: e-TeX on input line 57.
\captionmargin=\dimen160
\captionmargin@=\dimen161
\captionwidth=\dimen162
\caption@tempdima=\dimen163
\caption@indent=\dimen164
\caption@parindent=\dimen165
\caption@hangindent=\dimen166
)
\c@ContinuedFloat=\count173
Package caption Info: hyperref package is loaded.
)
\c@subfigure=\count174
\c@subtable=\count175
)
(/usr/share/texlive/texmf-dist/tex/latex/abntex2/abntex2cite.sty
Package: abntex2cite 2014/01/26 v1.9.2 abnTeX2

(/usr/share/texlive/texmf-dist/tex/latex/abntex2/abntex2abrev.sty)
\minimumbiblabelwidth=\skip202
\ABCIauxlen=\skip203
\c@ABCIaux=\count176
\c@ABCImax=\count177

(/usr/share/texlive/texmf-dist/tex/latex/relsize/relsize.sty
Package: relsize 2013/03/29 ver 4.1
)
\biblabelsep=\skip204
LaTeX Info: Redefining \newblock on input line 675.
LaTeX Info: Redefining \cite on input line 702.
\ABCItoken=\toks30
)
(/usr/share/texlive/texmf-dist/tex/latex/bold-extra/bold-extra.sty
Package: bold-extra 2001/11/13 v0.1 Use fonts from cm/mf-extra/bold
)
(/usr/share/texlive/texmf-dist/tex/latex/listings/listings.sty
\lst@mode=\count178
\lst@gtempboxa=\box31
\lst@token=\toks31
\lst@length=\count179
\lst@currlwidth=\dimen167
\lst@column=\count180
\lst@pos=\count181
\lst@lostspace=\dimen168
\lst@width=\dimen169
\lst@newlines=\count182
\lst@lineno=\count183
\lst@maxwidth=\dimen170

(/usr/share/texlive/texmf-dist/tex/latex/listings/lstmisc.sty
File: lstmisc.sty 2013/08/26 1.5b (Carsten Heinz)
\c@lstnumber=\count184
\lst@skipnumbers=\count185
\lst@framebox=\box32
)
(/usr/share/texlive/texmf-dist/tex/latex/listings/listings.cfg
File: listings.cfg 2013/08/26 1.5b listings configuration
))
Package: listings 2013/08/26 1.5b (Carsten Heinz)

(/usr/share/texlive/texmf-dist/tex/latex/eso-pic/eso-pic.sty
Package: eso-pic 2013/10/06 v2.0d eso-pic (RN)
)
(/usr/share/texlive/texmf-dist/tex/latex/amsfonts/amssymb.sty
Package: amssymb 2013/01/14 v3.01 AMS font symbols

(/usr/share/texlive/texmf-dist/tex/latex/amsfonts/amsfonts.sty
Package: amsfonts 2013/01/14 v3.01 Basic AMSFonts support
\@emptytoks=\toks32
\symAMSa=\mathgroup4
\symAMSb=\mathgroup5
LaTeX Font Info:    Overwriting math alphabet `\mathfrak' in version `bold'
(Font)                  U/euf/m/n --> U/euf/b/n on input line 106.
))
(/usr/share/texlive/texmf-dist/tex/latex/soul/soul.sty
Package: soul 2003/11/17 v2.4 letterspacing/underlining (mf)
\SOUL@word=\toks33
\SOUL@lasttoken=\toks34
\SOUL@cmds=\toks35
\SOUL@buffer=\toks36
\SOUL@token=\toks37
\SOUL@spaceskip=\skip205
\SOUL@ttwidth=\dimen171
\SOUL@uldp=\dimen172
\SOUL@ulht=\dimen173
)
(/usr/share/texlive/texmf-dist/tex/latex/psnfss/pifont.sty
Package: pifont 2005/04/12 PSNFSS-v9.2a Pi font support (SPQR) 
LaTeX Font Info:    Try loading font information for U+pzd on input line 63.

(/usr/share/texlive/texmf-dist/tex/latex/psnfss/upzd.fd
File: upzd.fd 2001/06/04 font definitions for U/pzd.
)
LaTeX Font Info:    Try loading font information for U+psy on input line 64.

(/usr/share/texlive/texmf-dist/tex/latex/psnfss/upsy.fd
File: upsy.fd 2001/06/04 font definitions for U/psy.
))
(/usr/share/texlive/texmf-dist/tex/latex/oberdiek/epstopdf.sty
Package: epstopdf 2010/02/09 v2.5 Conversion with epstopdf on the fly (HO)

(/usr/share/texlive/texmf-dist/tex/latex/oberdiek/epstopdf-base.sty
Package: epstopdf-base 2010/02/09 v2.5 Base part for package epstopdf

(/usr/share/texlive/texmf-dist/tex/latex/oberdiek/grfext.sty
Package: grfext 2010/08/19 v1.1 Manage graphics extensions (HO)
)
Package grfext Info: Graphics extension search list:
(grfext)             [.png,.pdf,.jpg,.mps,.jpeg,.jbig2,.jb2,.PNG,.PDF,.JPG,.JPE
G,.JBIG2,.JB2,.eps]
(grfext)             \AppendGraphicsExtensions on input line 452.

(/usr/share/texlive/texmf-dist/tex/latex/latexconfig/epstopdf-sys.cfg
File: epstopdf-sys.cfg 2010/07/13 v1.3 Configuration of (r)epstopdf for TeX Liv
e
)))
(/usr/share/texlive/texmf-dist/tex/latex/tools/longtable.sty
Package: longtable 2004/02/01 v4.11 Multi-page Table package (DPC)
\LTleft=\skip206
\LTright=\skip207
\LTpre=\skip208
\LTpost=\skip209
\LTchunksize=\count186
\LTcapwidth=\dimen174
\LT@head=\box33
\LT@firsthead=\box34
\LT@foot=\box35
\LT@lastfoot=\box36
\LT@cols=\count187
\LT@rows=\count188
\c@LT@tables=\count189
\c@LT@chunks=\count190
\LT@p@ftn=\toks38
)
(/usr/share/texlive/texmf-dist/tex/latex/todonotes/todonotes.sty
Package: todonotes 2012/07/25 .dtx Todonotes source and documentation.
Package: todonotes 2012/07/25

(/usr/share/texlive/texmf-dist/tex/latex/xkeyval/xkeyval.sty
Package: xkeyval 2012/10/14 v2.6b package option processing (HA)

(/usr/share/texlive/texmf-dist/tex/generic/xkeyval/xkeyval.tex
\XKV@toks=\toks39
\XKV@tempa@toks=\toks40
\XKV@depth=\count191
File: xkeyval.tex 2012/10/14 v2.6b key=value parser (HA)
))
(/usr/share/texmf/tex/latex/pgf/frontendlayer/tikz.sty
(/usr/share/texmf/tex/latex/pgf/basiclayer/pgf.sty
(/usr/share/texmf/tex/latex/pgf/utilities/pgfrcs.sty
(/usr/share/texmf/tex/generic/pgf/utilities/pgfutil-common.tex
\pgfutil@everybye=\toks41
)
(/usr/share/texmf/tex/generic/pgf/utilities/pgfutil-latex.def
\pgfutil@abb=\box37

(/usr/share/texlive/texmf-dist/tex/latex/ms/everyshi.sty
Package: everyshi 2001/05/15 v3.00 EveryShipout Package (MS)
))
(/usr/share/texmf/tex/generic/pgf/utilities/pgfrcs.code.tex
Package: pgfrcs 2010/10/25 v2.10 (rcs-revision 1.24)
))
Package: pgf 2008/01/15 v2.10 (rcs-revision 1.12)

(/usr/share/texmf/tex/latex/pgf/basiclayer/pgfcore.sty
(/usr/share/texmf/tex/latex/pgf/systemlayer/pgfsys.sty
(/usr/share/texmf/tex/generic/pgf/systemlayer/pgfsys.code.tex
Package: pgfsys 2010/06/30 v2.10 (rcs-revision 1.37)

(/usr/share/texmf/tex/generic/pgf/utilities/pgfkeys.code.tex)
\pgf@x=\dimen175
\pgf@y=\dimen176
\pgf@xa=\dimen177
\pgf@ya=\dimen178
\pgf@xb=\dimen179
\pgf@yb=\dimen180
\pgf@xc=\dimen181
\pgf@yc=\dimen182
\w@pgf@writea=\write4
\r@pgf@reada=\read3
\c@pgf@counta=\count192
\c@pgf@countb=\count193
\c@pgf@countc=\count194
\c@pgf@countd=\count195

(/usr/share/texmf/tex/generic/pgf/systemlayer/pgf.cfg
File: pgf.cfg 2008/05/14  (rcs-revision 1.7)
)
Package pgfsys Info: Driver file for pgf: pgfsys-pdftex.def on input line 900.

(/usr/share/texmf/tex/generic/pgf/systemlayer/pgfsys-pdftex.def
File: pgfsys-pdftex.def 2009/05/22  (rcs-revision 1.26)

(/usr/share/texmf/tex/generic/pgf/systemlayer/pgfsys-common-pdf.def
File: pgfsys-common-pdf.def 2008/05/19  (rcs-revision 1.10)
)))
(/usr/share/texmf/tex/generic/pgf/systemlayer/pgfsyssoftpath.code.tex
File: pgfsyssoftpath.code.tex 2008/07/18  (rcs-revision 1.7)
\pgfsyssoftpath@smallbuffer@items=\count196
\pgfsyssoftpath@bigbuffer@items=\count197
)
(/usr/share/texmf/tex/generic/pgf/systemlayer/pgfsysprotocol.code.tex
File: pgfsysprotocol.code.tex 2006/10/16  (rcs-revision 1.4)
))
(/usr/share/texmf/tex/generic/pgf/basiclayer/pgfcore.code.tex
Package: pgfcore 2010/04/11 v2.10 (rcs-revision 1.7)

(/usr/share/texmf/tex/generic/pgf/math/pgfmath.code.tex
(/usr/share/texmf/tex/generic/pgf/math/pgfmathcalc.code.tex
(/usr/share/texmf/tex/generic/pgf/math/pgfmathutil.code.tex)
(/usr/share/texmf/tex/generic/pgf/math/pgfmathparser.code.tex
\pgfmath@dimen=\dimen183
\pgfmath@count=\count198
\pgfmath@box=\box38
\pgfmath@toks=\toks42
\pgfmath@stack@operand=\toks43
\pgfmath@stack@operation=\toks44
)
(/usr/share/texmf/tex/generic/pgf/math/pgfmathfunctions.code.tex
(/usr/share/texmf/tex/generic/pgf/math/pgfmathfunctions.basic.code.tex)
(/usr/share/texmf/tex/generic/pgf/math/pgfmathfunctions.trigonometric.code.tex)
(/usr/share/texmf/tex/generic/pgf/math/pgfmathfunctions.random.code.tex)
(/usr/share/texmf/tex/generic/pgf/math/pgfmathfunctions.comparison.code.tex)
(/usr/share/texmf/tex/generic/pgf/math/pgfmathfunctions.base.code.tex)
(/usr/share/texmf/tex/generic/pgf/math/pgfmathfunctions.round.code.tex)
(/usr/share/texmf/tex/generic/pgf/math/pgfmathfunctions.misc.code.tex)))
(/usr/share/texmf/tex/generic/pgf/math/pgfmathfloat.code.tex
\c@pgfmathroundto@lastzeros=\count199
))
(/usr/share/texmf/tex/generic/pgf/basiclayer/pgfcorepoints.code.tex
File: pgfcorepoints.code.tex 2010/04/09  (rcs-revision 1.20)
\pgf@picminx=\dimen184
\pgf@picmaxx=\dimen185
\pgf@picminy=\dimen186
\pgf@picmaxy=\dimen187
\pgf@pathminx=\dimen188
\pgf@pathmaxx=\dimen189
\pgf@pathminy=\dimen190
\pgf@pathmaxy=\dimen191
\pgf@xx=\dimen192
\pgf@xy=\dimen193
\pgf@yx=\dimen194
\pgf@yy=\dimen195
\pgf@zx=\dimen196
\pgf@zy=\dimen197
)
(/usr/share/texmf/tex/generic/pgf/basiclayer/pgfcorepathconstruct.code.tex
File: pgfcorepathconstruct.code.tex 2010/08/03  (rcs-revision 1.24)
\pgf@path@lastx=\dimen198
\pgf@path@lasty=\dimen199
)
(/usr/share/texmf/tex/generic/pgf/basiclayer/pgfcorepathusage.code.tex
File: pgfcorepathusage.code.tex 2008/04/22  (rcs-revision 1.12)
\pgf@shorten@end@additional=\dimen200
\pgf@shorten@start@additional=\dimen201
)
(/usr/share/texmf/tex/generic/pgf/basiclayer/pgfcorescopes.code.tex
File: pgfcorescopes.code.tex 2010/09/08  (rcs-revision 1.34)
\pgfpic=\box39
\pgf@hbox=\box40
\pgf@layerbox@main=\box41
\pgf@picture@serial@count=\count200
)
(/usr/share/texmf/tex/generic/pgf/basiclayer/pgfcoregraphicstate.code.tex
File: pgfcoregraphicstate.code.tex 2008/04/22  (rcs-revision 1.9)
\pgflinewidth=\dimen202
)
(/usr/share/texmf/tex/generic/pgf/basiclayer/pgfcoretransformations.code.tex
File: pgfcoretransformations.code.tex 2009/06/10  (rcs-revision 1.11)
\pgf@pt@x=\dimen203
\pgf@pt@y=\dimen204
\pgf@pt@temp=\dimen205
)
(/usr/share/texmf/tex/generic/pgf/basiclayer/pgfcorequick.code.tex
File: pgfcorequick.code.tex 2008/10/09  (rcs-revision 1.3)
)
(/usr/share/texmf/tex/generic/pgf/basiclayer/pgfcoreobjects.code.tex
File: pgfcoreobjects.code.tex 2006/10/11  (rcs-revision 1.2)
)
(/usr/share/texmf/tex/generic/pgf/basiclayer/pgfcorepathprocessing.code.tex
File: pgfcorepathprocessing.code.tex 2008/10/09  (rcs-revision 1.8)
)
(/usr/share/texmf/tex/generic/pgf/basiclayer/pgfcorearrows.code.tex
File: pgfcorearrows.code.tex 2008/04/23  (rcs-revision 1.11)
)
(/usr/share/texmf/tex/generic/pgf/basiclayer/pgfcoreshade.code.tex
File: pgfcoreshade.code.tex 2008/11/23  (rcs-revision 1.13)
\pgf@max=\dimen206
\pgf@sys@shading@range@num=\count201
)
(/usr/share/texmf/tex/generic/pgf/basiclayer/pgfcoreimage.code.tex
File: pgfcoreimage.code.tex 2010/03/25  (rcs-revision 1.16)

(/usr/share/texmf/tex/generic/pgf/basiclayer/pgfcoreexternal.code.tex
File: pgfcoreexternal.code.tex 2010/09/01  (rcs-revision 1.17)
\pgfexternal@startupbox=\box42
))
(/usr/share/texmf/tex/generic/pgf/basiclayer/pgfcorelayers.code.tex
File: pgfcorelayers.code.tex 2010/08/27  (rcs-revision 1.2)
)
(/usr/share/texmf/tex/generic/pgf/basiclayer/pgfcoretransparency.code.tex
File: pgfcoretransparency.code.tex 2008/01/17  (rcs-revision 1.2)
)
(/usr/share/texmf/tex/generic/pgf/basiclayer/pgfcorepatterns.code.tex
File: pgfcorepatterns.code.tex 2009/07/02  (rcs-revision 1.3)
)))
(/usr/share/texmf/tex/generic/pgf/modules/pgfmoduleshapes.code.tex
File: pgfmoduleshapes.code.tex 2010/09/09  (rcs-revision 1.13)
\pgfnodeparttextbox=\box43
)
(/usr/share/texmf/tex/generic/pgf/modules/pgfmoduleplot.code.tex
File: pgfmoduleplot.code.tex 2010/10/22  (rcs-revision 1.8)
)
(/usr/share/texmf/tex/latex/pgf/compatibility/pgfcomp-version-0-65.sty
Package: pgfcomp-version-0-65 2007/07/03 v2.10 (rcs-revision 1.7)
\pgf@nodesepstart=\dimen207
\pgf@nodesepend=\dimen208
)
(/usr/share/texmf/tex/latex/pgf/compatibility/pgfcomp-version-1-18.sty
Package: pgfcomp-version-1-18 2007/07/23 v2.10 (rcs-revision 1.1)
))
(/usr/share/texmf/tex/latex/pgf/utilities/pgffor.sty
(/usr/share/texmf/tex/generic/pgf/utilities/pgffor.code.tex
Package: pgffor 2010/03/23 v2.10 (rcs-revision 1.18)
\pgffor@iter=\dimen209
\pgffor@skip=\dimen210
\pgffor@stack=\toks45
\pgffor@toks=\toks46
))
(/usr/share/texmf/tex/generic/pgf/frontendlayer/tikz/tikz.code.tex
Package: tikz 2010/10/13 v2.10 (rcs-revision 1.76)

(/usr/share/texmf/tex/generic/pgf/libraries/pgflibraryplothandlers.code.tex
File: pgflibraryplothandlers.code.tex 2010/05/31 v2.10 (rcs-revision 1.15)
\pgf@plot@mark@count=\count202
\pgfplotmarksize=\dimen211
)
\tikz@lastx=\dimen212
\tikz@lasty=\dimen213
\tikz@lastxsaved=\dimen214
\tikz@lastysaved=\dimen215
\tikzleveldistance=\dimen216
\tikzsiblingdistance=\dimen217
\tikz@figbox=\box44
\tikz@tempbox=\box45
\tikztreelevel=\count203
\tikznumberofchildren=\count204
\tikznumberofcurrentchild=\count205
\tikz@fig@count=\count206

(/usr/share/texmf/tex/generic/pgf/modules/pgfmodulematrix.code.tex
File: pgfmodulematrix.code.tex 2010/08/24  (rcs-revision 1.4)
\pgfmatrixcurrentrow=\count207
\pgfmatrixcurrentcolumn=\count208
\pgf@matrix@numberofcolumns=\count209
)
\tikz@expandcount=\count210

(/usr/share/texmf/tex/generic/pgf/frontendlayer/tikz/libraries/tikzlibrarytopat
hs.code.tex
File: tikzlibrarytopaths.code.tex 2008/06/17 v2.10 (rcs-revision 1.2)
)))
(/usr/share/texmf/tex/generic/pgf/frontendlayer/tikz/libraries/tikzlibraryposit
ioning.code.tex
File: tikzlibrarypositioning.code.tex 2008/10/06 v2.10 (rcs-revision 1.7)
)
\c@@todonotes@numberoftodonotes=\count211
)
(/usr/share/texlive/texmf-dist/tex/latex/multirow/multirow.sty
\bigstrutjot=\dimen218
)
(/usr/share/texlive/texmf-dist/tex/latex/easylist/easylist.sty
Package: easylist 2014/01/11 v.1.4 Numbered items with a single command.
\el@CounterTotal=\count212
\el@Scratch=\count213
\el@ControlCounter=\count214
\el@CounterLevel=\count215
\c@List1=\count216
\c@List2=\count217
\c@List3=\count218
\c@List4=\count219
\c@List5=\count220
\c@List6=\count221
\c@List7=\count222
\c@List8=\count223
\c@List9=\count224
\c@List10=\count225
\el@ProgressiveDimension=\dimen219
\el@CounterBox=\box46
\el@ControlBox=\box47
\el@TotalMargin=\dimen220
\el@LeftMove=\dimen221
)
(/usr/share/texlive/texmf-dist/tex/latex/float/float.sty
Package: float 2001/11/08 v1.3d Float enhancements (AL)
\c@float@type=\count226
\float@exts=\toks47
\float@box=\box48
\@float@everytoks=\toks48
\@floatcapt=\box49
)
(/usr/share/texlive/texmf-dist/tex/latex/oberdiek/pdflscape.sty
Package: pdflscape 2008/08/11 v0.10 Display of landscape pages in PDF (HO)

(/usr/share/texlive/texmf-dist/tex/latex/graphics/lscape.sty
Package: lscape 2000/10/22 v3.01 Landscape Pages (DPC)
)
Package pdflscape Info: Auto-detected driver: pdftex on input line 80.
)
(/usr/share/texlive/texmf-dist/tex/latex/placeins/placeins.sty
Package: placeins 2005/04/18  v 2.2
)
(/usr/share/texlive/texmf-dist/tex/latex/pdfpages/pdfpages.sty
Package: pdfpages 2013/08/25 v0.4v Insert pages of external PDF documents (AM)

(/usr/share/texlive/texmf-dist/tex/latex/pdfpages/pppdftex.def
File: pppdftex.def 2013/08/25 v0.4v Pdfpages driver for pdfTeX (AM)
)
\AM@pagebox=\box50
\AM@toc@title=\toks49
\c@AM@survey=\count227
\AM@templatesizebox=\box51
))
(/usr/share/texlive/texmf-dist/tex/latex/rotating/rotating.sty
Package: rotating 2009/03/28 v2.16a rotated objects in LaTeX
\c@r@tfl@t=\count228
\rotFPtop=\skip210
\rotFPbot=\skip211
\rot@float@box=\box52
\rot@mess@toks=\toks50
)
(./fixos/comandos.tex) (./fixos/novosComandos.tex) (./editaveis/informacoes.tex
) (./fixos/informacoes.tex) (./fixos/setup.tex
Package hyperref Info: Option `colorlinks' set `true' on input line 15.
)
\tcc@idxfile=\write5
\openout5 = `tcc.idx'.


Writing index file tcc.idx 
(./tcc.aux)
\openout1 = `tcc.aux'.

LaTeX Font Info:    Checking defaults for OML/cmm/m/it on input line 9.
LaTeX Font Info:    ... okay on input line 9.
LaTeX Font Info:    Checking defaults for T1/cmr/m/n on input line 9.
LaTeX Font Info:    ... okay on input line 9.
LaTeX Font Info:    Checking defaults for OT1/cmr/m/n on input line 9.
LaTeX Font Info:    ... okay on input line 9.
LaTeX Font Info:    Checking defaults for OMS/cmsy/m/n on input line 9.
LaTeX Font Info:    ... okay on input line 9.
LaTeX Font Info:    Checking defaults for OMX/cmex/m/n on input line 9.
LaTeX Font Info:    ... okay on input line 9.
LaTeX Font Info:    Checking defaults for U/cmr/m/n on input line 9.
LaTeX Font Info:    ... okay on input line 9.
LaTeX Font Info:    Checking defaults for PD1/pdf/m/n on input line 9.
LaTeX Font Info:    ... okay on input line 9.
LaTeX Font Info:    Try loading font information for T1+lmr on input line 9.
 (/usr/share/texmf/tex/latex/lm/t1lmr.fd
File: t1lmr.fd 2009/10/30 v1.6 Font defs for Latin Modern
)
\AtBeginShipoutBox=\box53
Package hyperref Info: Link coloring ON on input line 9.

(/usr/share/texlive/texmf-dist/tex/latex/hyperref/nameref.sty
Package: nameref 2012/10/27 v2.43 Cross-referencing by name of section

(/usr/share/texlive/texmf-dist/tex/generic/oberdiek/gettitlestring.sty
Package: gettitlestring 2010/12/03 v1.4 Cleanup title references (HO)
)
Normal \count register pool exhausted, switching to extended pool.
\c@section@level=\count277
)
Redoing nameref's sectioning
Redoing nameref's label
LaTeX Info: Redefining \nameref on input line 9.
LaTeX Info: Redefining \ref on input line 9.
LaTeX Info: Redefining \pageref on input line 9.
LaTeX Info: Redefining \nameref on input line 9.
LaTeX Info: Redefining \degres on input line 9.
LaTeX Info: Redefining \dots on input line 9.
LaTeX Info: Redefining \up on input line 9.
\myptabbox=\box54
\myptabboxwidth=\skip212
Package lastpage Info: Please have a look at the pageslts package at
(lastpage)             http://www.ctan.org/tex-archive/ 
(lastpage)             macros/latex/contrib/pageslts/ 
(lastpage)             or
(lastpage)             http://www.ctan.org/tex-archive/ 
(lastpage)             install/macros/latex/contrib/pageslts.tds.zip
(lastpage)             ! on input line 9.
(/usr/share/texlive/texmf-dist/tex/context/base/supp-pdf.mkii
[Loading MPS to PDF converter (version 2006.09.02).]
\scratchcounter=\count278
\scratchdimen=\dimen222
\scratchbox=\box55
\nofMPsegments=\count279
\nofMParguments=\count280
\everyMPshowfont=\toks51
\MPscratchCnt=\count281
\MPscratchDim=\dimen223
\MPnumerator=\count282
\makeMPintoPDFobject=\count283
\everyMPtoPDFconversion=\toks52
)
Package caption Info: Begin \AtBeginDocument code.
Package caption Info: float package is loaded.
Package caption Info: listings package is loaded.
Package caption Info: longtable package is loaded.
 (/usr/share/texlive/texmf-dist/tex/latex/caption/ltcaption.sty
Package: ltcaption 2013/02/03 v1.3-62 longtable captions (AR)
)
Package caption Info: rotating package is loaded.
Package caption Info: End \AtBeginDocument code.
\c@lstlisting=\count284

ABD: EveryShipout initializing macros
LaTeX Font Info:    Try loading font information for T1+lmss on input line 12.
 (/usr/share/texmf/tex/latex/lm/t1lmss.fd
File: t1lmss.fd 2009/10/30 v1.6 Font defs for Latin Modern
)
LaTeX Font Info:    Font shape `T1/lmss/bx/it' in size <20.74> not available
(Font)              Font shape `T1/lmss/bx/sl' tried instead on input line 12.
Package epstopdf Info: Source file: <figuras/capa.eps>
(epstopdf)                    date: 2014-09-13 14:51:21
(epstopdf)                    size: 661293 bytes
(epstopdf)             Output file: <figuras/capa-eps-converted-to.pdf>
(epstopdf)                    date: 2014-09-13 14:51:21
(epstopdf)                    size: 105957 bytes
(epstopdf)             Command: <repstopdf --outfile=figuras/capa-eps-converted
-to.pdf figuras/capa.eps>
(epstopdf)             \includegraphics on input line 12.
Package epstopdf Info: Output file is already uptodate.
<figuras/capa-eps-converted-to.pdf, id=8, 814.04124pt x 1150.2975pt>
File: figuras/capa-eps-converted-to.pdf Graphic file (type pdf)

<use figuras/capa-eps-converted-to.pdf>
Package pdftex.def Info: figuras/capa-eps-converted-to.pdf used on input line 1
2.
(pdftex.def)             Requested size: 597.52437pt x 844.34396pt.
 [1

{/var/lib/texmf/fonts/map/pdftex/updmap/pdftex.map} <./figuras/capa-eps-convert
ed-to.pdf>] [2]
LaTeX Font Info:    Font shape `T1/lmss/bx/it' in size <17.28> not available
(Font)              Font shape `T1/lmss/bx/sl' tried instead on input line 14.
LaTeX Font Info:    Try loading font information for OT1+lmr on input line 14.

(/usr/share/texmf/tex/latex/lm/ot1lmr.fd
File: ot1lmr.fd 2009/10/30 v1.6 Font defs for Latin Modern
)<<ot1.cmap>>
LaTeX Font Info:    Try loading font information for OML+lmm on input line 14.

(/usr/share/texmf/tex/latex/lm/omllmm.fd
File: omllmm.fd 2009/10/30 v1.6 Font defs for Latin Modern
)<<oml.cmap>>
LaTeX Font Info:    Try loading font information for OMS+lmsy on input line 14.


(/usr/share/texmf/tex/latex/lm/omslmsy.fd
File: omslmsy.fd 2009/10/30 v1.6 Font defs for Latin Modern
)<<oms.cmap>>
LaTeX Font Info:    Try loading font information for OMX+lmex on input line 14.


(/usr/share/texmf/tex/latex/lm/omxlmex.fd
File: omxlmex.fd 2009/10/30 v1.6 Font defs for Latin Modern
)
LaTeX Font Info:    External font `lmex10' loaded for size
(Font)              <12> on input line 14.
<<omx.cmap>>
LaTeX Font Info:    External font `lmex10' loaded for size
(Font)              <8> on input line 14.
LaTeX Font Info:    External font `lmex10' loaded for size
(Font)              <6> on input line 14.
LaTeX Font Info:    Try loading font information for U+msa on input line 14.

(/usr/share/texlive/texmf-dist/tex/latex/amsfonts/umsa.fd
File: umsa.fd 2013/01/14 v3.01 AMS symbols A
)
LaTeX Font Info:    Try loading font information for U+msb on input line 14.

(/usr/share/texlive/texmf-dist/tex/latex/amsfonts/umsb.fd
File: umsb.fd 2013/01/14 v3.01 AMS symbols B
)pdfTeX warning (ext4): destination with the same identifier (name{page.1}) has
 been already used, duplicate ignored
<to be read again> 
                   \relax 
l.14 
      [1



] (./fixos/fichaCatalografica.tex
Underfull \hbox (badness 10000) in paragraph at lines 12--13

 []


Underfull \hbox (badness 10000) in paragraph at lines 14--15

 []


Underfull \hbox (badness 10000) in paragraph at lines 16--17

 []


Overfull \hbox (16.44858pt too wide) in paragraph at lines 18--21
[]  [] 
 []


Underfull \hbox (badness 10000) in paragraph at lines 18--21

 []


Underfull \hbox (badness 10000) in paragraph at lines 22--29

 []


Underfull \hbox (badness 10000) in paragraph at lines 30--31

 []

LaTeX Font Info:    External font `lmex10' loaded for size
(Font)              <10> on input line 32.
LaTeX Font Info:    External font `lmex10' loaded for size
(Font)              <7> on input line 32.
LaTeX Font Info:    External font `lmex10' loaded for size
(Font)              <5> on input line 32.
) (./editaveis/errata.tex) (./fixos/folhaDeAprovacao.texpdfTeX warning (ext4): 
destination with the same identifier (name{page.2}) has been already used, dupl
icate ignored
<to be read again> 
                   \relax 
l.2 
     [2] [3

]) (./editaveis/dedicatoria.tex [4

]) (./editaveis/agradecimentos.tex [5


]) (./editaveis/epigrafe.tex [6

]) (./editaveis/resumo.tex [7

])
(./editaveis/abstract.tex [8

]) (./fixos/listasAutomaticas.tex (./tcc.lof)
[9

] (./tcc.lot) [10

]) (./editaveis/abreviaturas.tex [11


] [12])
(./fixos/indiceAutomatico.tex (./tcc.toc
LaTeX Font Info:    Font shape `T1/lmss/bx/it' in size <12> not available
(Font)              Font shape `T1/lmss/bx/sl' tried instead on input line 27.
) [13

] [14])
(./capitulos/1-introducao.tex [15


]) (./capitulos/2-metricas.tex [16]
LaTeX Font Info:    Try loading font information for OMS+lmr on input line 12.

(/usr/share/texmf/tex/latex/lm/omslmr.fd
File: omslmr.fd 2009/10/30 v1.6 Font defs for Latin Modern
)
LaTeX Font Info:    Font shape `OMS/lmr/m/n' in size <12> not available
(Font)              Font shape `OMS/lmsy/m/n' tried instead on input line 12.
 [17

]
Package epstopdf Info: Source file: <figuras/figuras_matheus/tipos_medidas_INGL
ES.eps>
(epstopdf)                    date: 2014-09-17 22:22:54
(epstopdf)                    size: 941906 bytes
(epstopdf)             Output file: <figuras/figuras_matheus/tipos_medidas_INGL
ES-eps-converted-to.pdf>
(epstopdf)                    date: 2014-09-17 22:22:54
(epstopdf)                    size: 25481 bytes
(epstopdf)             Command: <repstopdf --outfile=figuras/figuras_matheus/ti
pos_medidas_INGLES-eps-converted-to.pdf figuras/figuras_matheus/tipos_medidas_I
NGLES.eps>
(epstopdf)             \includegraphics on input line 48.
Package epstopdf Info: Output file is already uptodate.

<figuras/figuras_matheus/tipos_medidas_INGLES-eps-converted-to.pdf, id=305, 499
.8675pt x 174.6525pt>
File: figuras/figuras_matheus/tipos_medidas_INGLES-eps-converted-to.pdf Graphic
 file (type pdf)

<use figuras/figuras_matheus/tipos_medidas_INGLES-eps-converted-to.pdf>
Package pdftex.def Info: figuras/figuras_matheus/tipos_medidas_INGLES-eps-conve
rted-to.pdf used on input line 48.
(pdftex.def)             Requested size: 449.87659pt x 157.18579pt.

[18 <./figuras/figuras_matheus/tipos_medidas_INGLES-eps-converted-to.pdf>]
[19] [20] (./tabelas/tabelasMatheus/percentis.ltx
LaTeX Font Info:    External font `lmex10' loaded for size
(Font)              <9> on input line 3.
)
Overfull \hbox (9.37761pt too wide) in paragraph at lines 3--139
 [] 
 []

(./tabelas/tabelasMatheus/intervalos.ltx) [21]
(./tabelas/tabelasMatheus/metricas.ltx)

LaTeX Warning: Float too large for page by 59.66628pt on input line 165.

[22] [23]) (./capitulos/3-dwing.tex [24

]
LaTeX Font Info:    Font shape `T1/lmss/m/it' in size <24.88> not available
(Font)              Font shape `T1/lmss/m/sl' tried instead on input line 1.
) (./capitulos/4-arquitetura.tex
[25

]) (./capitulos/5-estudo-de-caso.tex [26

] [27

]) (./capitulos/6-conclusao.tex [28]) (./tcc.bbl (./tcc.brf)
\tf@brf=\write6
\openout6 = `tcc.brf'.

 [29

]
bibitemlist
) (./apendices/apendices.tex [30

]
(/usr/share/texlive/texmf-dist/tex/latex/listings/lstlang1.sty
File: lstlang1.sty 2013/08/26 1.5b listings language file
)
(/usr/share/texlive/texmf-dist/tex/latex/listings/lstlang2.sty
File: lstlang2.sty 2013/08/26 1.5b listings language file
)
Package hyperref Info: bookmark level for unknown lstlisting defaults to 0 on i
nput line 10.
LaTeX Font Info:    Try loading font information for T1+lmtt on input line 10.

(/usr/share/texmf/tex/latex/lm/t1lmtt.fd
File: t1lmtt.fd 2009/10/30 v1.6 Font defs for Latin Modern
) (./codigos/parser.rb
LaTeX Font Info:    Font shape `T1/lmtt/bx/n' in size <10> not available
(Font)              Font shape `T1/lmtt/b/n' tried instead on input line 5.
)
LaTeX Font Info:    Font shape `T1/lmss/m/it' in size <17.28> not available
(Font)              Font shape `T1/lmss/m/sl' tried instead on input line 14.
Package epstopdf Info: Source file: <figuras/components-transformation.eps>
(epstopdf)                    date: 2014-09-13 14:51:21
(epstopdf)                    size: 481695 bytes
(epstopdf)             Output file: <figuras/components-transformation-eps-conv
erted-to.pdf>
(epstopdf)                    date: 2014-09-19 16:22:44
(epstopdf)                    size: 20759 bytes
(epstopdf)             Command: <repstopdf --outfile=figuras/components-transfo
rmation-eps-converted-to.pdf figuras/components-transformation.eps>
(epstopdf)             \includegraphics on input line 22.
Package epstopdf Info: Output file is already uptodate.

<figuras/components-transformation-eps-converted-to.pdf, id=483, 714.67pt x 110
.4125pt>
File: figuras/components-transformation-eps-converted-to.pdf Graphic file (type
 pdf)
 <use figuras/components-transformation-eps-converted-to.pdf>
Package pdftex.def Info: figuras/components-transformation-eps-converted-to.pdf
 used on input line 22.
(pdftex.def)             Requested size: 428.8053pt x 66.248pt.
 [31

]
Package epstopdf Info: Source file: <figuras/first-transformation.eps>
(epstopdf)                    date: 2014-09-13 14:51:21
(epstopdf)                    size: 720477 bytes
(epstopdf)             Output file: <figuras/first-transformation-eps-converted
-to.pdf>
(epstopdf)                    date: 2014-09-13 14:51:21
(epstopdf)                    size: 24120 bytes
(epstopdf)             Command: <repstopdf --outfile=figuras/first-transformati
on-eps-converted-to.pdf figuras/first-transformation.eps>
(epstopdf)             \includegraphics on input line 36.
Package epstopdf Info: Output file is already uptodate.

<figuras/first-transformation-eps-converted-to.pdf, id=510, 435.6275pt x 272.01
625pt>
File: figuras/first-transformation-eps-converted-to.pdf Graphic file (type pdf)

 <use figuras/first-transformation-eps-converted-to.pdf>
Package pdftex.def Info: figuras/first-transformation-eps-converted-to.pdf used
 on input line 36.
(pdftex.def)             Requested size: 283.15451pt x 176.80846pt.
 [32 <./figuras/components-transformation-eps-converted-to.pdf> <./figuras/firs
t-transformation-eps-converted-to.pdf>]
Package epstopdf Info: Source file: <figuras/second-transformation.eps>
(epstopdf)                    date: 2014-09-13 14:51:22
(epstopdf)                    size: 655224 bytes
(epstopdf)             Output file: <figuras/second-transformation-eps-converte
d-to.pdf>
(epstopdf)                    date: 2014-09-13 14:51:22
(epstopdf)                    size: 18727 bytes
(epstopdf)             Command: <repstopdf --outfile=figuras/second-transformat
ion-eps-converted-to.pdf figuras/second-transformation.eps>
(epstopdf)             \includegraphics on input line 46.
Package epstopdf Info: Output file is already uptodate.

<figuras/second-transformation-eps-converted-to.pdf, id=525, 696.6025pt x 154.5
775pt>
File: figuras/second-transformation-eps-converted-to.pdf Graphic file (type pdf
)
 <use figuras/second-transformation-eps-converted-to.pdf>
Package pdftex.def Info: figuras/second-transformation-eps-converted-to.pdf use
d on input line 46.
(pdftex.def)             Requested size: 452.78625pt x 100.47417pt.

(/usr/share/texlive/texmf-dist/tex/latex/listings/lstlang1.sty
File: lstlang1.sty 2013/08/26 1.5b listings language file
)
(./codigos/project-fact.sql [33 <./figuras/second-transformation-eps-converted-
to.pdf>] [34] [35] [36] [37] [38] [39] [40] [41] [42] [43])
Package epstopdf Info: Source file: <figuras/third-transformation.eps>
(epstopdf)                    date: 2014-09-13 14:51:22
(epstopdf)                    size: 534681 bytes
(epstopdf)             Output file: <figuras/third-transformation-eps-converted
-to.pdf>
(epstopdf)                    date: 2014-09-13 14:51:22
(epstopdf)                    size: 17300 bytes
(epstopdf)             Command: <repstopdf --outfile=figuras/third-transformati
on-eps-converted-to.pdf figuras/third-transformation.eps>
(epstopdf)             \includegraphics on input line 61.
Package epstopdf Info: Output file is already uptodate.

<figuras/third-transformation-eps-converted-to.pdf, id=929, 682.55pt x 128.48pt
>
File: figuras/third-transformation-eps-converted-to.pdf Graphic file (type pdf)

 <use figuras/third-transformation-eps-converted-to.pdf>
Package pdftex.def Info: figuras/third-transformation-eps-converted-to.pdf used
 on input line 61.
(pdftex.def)             Requested size: 443.65225pt x 83.511pt.
 [44 <./figuras/third-transformation-eps-converted-to.pdf>] (./codigos/class-fa
ct.sql [45] [46]
[47] [48] [49])
Package epstopdf Info: Source file: <figuras/componentes-job.eps>
(epstopdf)                    date: 2014-09-13 14:51:21
(epstopdf)                    size: 479674 bytes
(epstopdf)             Output file: <figuras/componentes-job-eps-converted-to.p
df>
(epstopdf)                    date: 2014-09-13 14:51:21
(epstopdf)                    size: 8265 bytes
(epstopdf)             Command: <repstopdf --outfile=figuras/componentes-job-ep
s-converted-to.pdf figuras/componentes-job.eps>
(epstopdf)             \includegraphics on input line 78.
Package epstopdf Info: Output file is already uptodate.

<figuras/componentes-job-eps-converted-to.pdf, id=1165, 468.75125pt x 167.62625
pt>
File: figuras/componentes-job-eps-converted-to.pdf Graphic file (type pdf)
 <use figuras/componentes-job-eps-converted-to.pdf>
Package pdftex.def Info: figuras/componentes-job-eps-converted-to.pdf used on i
nput line 78.
(pdftex.def)             Requested size: 281.25291pt x 100.5765pt.
Package epstopdf Info: Source file: <figuras/job.eps>
(epstopdf)                    date: 2014-09-13 14:51:21
(epstopdf)                    size: 690561 bytes
(epstopdf)             Output file: <figuras/job-eps-converted-to.pdf>
(epstopdf)                    date: 2014-09-13 14:51:21
(epstopdf)                    size: 16077 bytes
(epstopdf)             Command: <repstopdf --outfile=figuras/job-eps-converted-
to.pdf figuras/job.eps>
(epstopdf)             \includegraphics on input line 90.
Package epstopdf Info: Output file is already uptodate.

<figuras/job-eps-converted-to.pdf, id=1167, 844.15375pt x 134.5025pt>
File: figuras/job-eps-converted-to.pdf Graphic file (type pdf)

<use figuras/job-eps-converted-to.pdf>
Package pdftex.def Info: figuras/job-eps-converted-to.pdf used on input line 90
.
(pdftex.def)             Requested size: 506.49615pt x 80.7021pt.

Overfull \hbox (51.49615pt too wide) in paragraph at lines 90--91
 [][] 
 []

[50 <./figuras/componentes-job-eps-converted-to.pdf>] [51 <./figuras/job-eps-co
nverted-to.pdf>]
Package epstopdf Info: Source file: <figuras/acc-grafico.eps>
(epstopdf)                    date: 2014-09-13 14:51:21
(epstopdf)                    size: 1695340 bytes
(epstopdf)             Output file: <figuras/acc-grafico-eps-converted-to.pdf>
(epstopdf)                    date: 2014-09-13 14:51:21
(epstopdf)                    size: 14748 bytes
(epstopdf)             Command: <repstopdf --outfile=figuras/acc-grafico-eps-co
nverted-to.pdf figuras/acc-grafico.eps>
(epstopdf)             \includegraphics on input line 106.
Package epstopdf Info: Output file is already uptodate.

<figuras/acc-grafico-eps-converted-to.pdf, id=1195, 982.67125pt x 285.065pt>
File: figuras/acc-grafico-eps-converted-to.pdf Graphic file (type pdf)

<use figuras/acc-grafico-eps-converted-to.pdf>
Package pdftex.def Info: figuras/acc-grafico-eps-converted-to.pdf used on input
 line 106.
(pdftex.def)             Requested size: 687.86519pt x 199.54413pt.
Package epstopdf Info: Source file: <figuras/acc-tabela.eps>
(epstopdf)                    date: 2014-09-13 14:51:21
(epstopdf)                    size: 457676 bytes
(epstopdf)             Output file: <figuras/acc-tabela-eps-converted-to.pdf>
(epstopdf)                    date: 2014-09-13 14:51:21
(epstopdf)                    size: 12716 bytes
(epstopdf)             Command: <repstopdf --outfile=figuras/acc-tabela-eps-con
verted-to.pdf figuras/acc-tabela.eps>
(epstopdf)             \includegraphics on input line 107.
Package epstopdf Info: Output file is already uptodate.

<figuras/acc-tabela-eps-converted-to.pdf, id=1196, 1008.76875pt x 74.2775pt>
File: figuras/acc-tabela-eps-converted-to.pdf Graphic file (type pdf)

<use figuras/acc-tabela-eps-converted-to.pdf>
Package pdftex.def Info: figuras/acc-tabela-eps-converted-to.pdf used on input 
line 107.
(pdftex.def)             Requested size: 706.13332pt x 51.99388pt.


LaTeX Warning: `h' float specifier changed to `ht'.

Package epstopdf Info: Source file: <figuras/accm-grafico.eps>
(epstopdf)                    date: 2014-09-13 14:51:21
(epstopdf)                    size: 1812407 bytes
(epstopdf)             Output file: <figuras/accm-grafico-eps-converted-to.pdf>

(epstopdf)                    date: 2014-09-13 14:51:21
(epstopdf)                    size: 17720 bytes
(epstopdf)             Command: <repstopdf --outfile=figuras/accm-grafico-eps-c
onverted-to.pdf figuras/accm-grafico.eps>
(epstopdf)             \includegraphics on input line 115.
Package epstopdf Info: Output file is already uptodate.
<figuras/accm-grafico-eps-converted-to.pdf, id=1197, 994.71625pt x 301.125pt>
File: figuras/accm-grafico-eps-converted-to.pdf Graphic file (type pdf)

<use figuras/accm-grafico-eps-converted-to.pdf>
Package pdftex.def Info: figuras/accm-grafico-eps-converted-to.pdf used on inpu
t line 115.
(pdftex.def)             Requested size: 696.29663pt x 210.78606pt.
Package epstopdf Info: Source file: <figuras/accm-tabela.eps>
(epstopdf)                    date: 2014-09-13 14:51:21
(epstopdf)                    size: 464240 bytes
(epstopdf)             Output file: <figuras/accm-tabela-eps-converted-to.pdf>
(epstopdf)                    date: 2014-09-13 14:51:21
(epstopdf)                    size: 12093 bytes
(epstopdf)             Command: <repstopdf --outfile=figuras/accm-tabela-eps-co
nverted-to.pdf figuras/accm-tabela.eps>
(epstopdf)             \includegraphics on input line 116.
Package epstopdf Info: Output file is already uptodate.

<figuras/accm-tabela-eps-converted-to.pdf, id=1198, 1009.7725pt x 75.28125pt>
File: figuras/accm-tabela-eps-converted-to.pdf Graphic file (type pdf)

<use figuras/accm-tabela-eps-converted-to.pdf>
Package pdftex.def Info: figuras/accm-tabela-eps-converted-to.pdf used on input
 line 116.
(pdftex.def)             Requested size: 706.83594pt x 52.6965pt.


LaTeX Warning: `h' float specifier changed to `ht'.

Package epstopdf Info: Source file: <figuras/amloc-grafico.eps>
(epstopdf)                    date: 2014-09-13 14:51:21
(epstopdf)                    size: 1725538 bytes
(epstopdf)             Output file: <figuras/amloc-grafico-eps-converted-to.pdf
>
(epstopdf)                    date: 2014-09-13 14:51:21
(epstopdf)                    size: 15277 bytes
(epstopdf)             Command: <repstopdf --outfile=figuras/amloc-grafico-eps-
converted-to.pdf figuras/amloc-grafico.eps>
(epstopdf)             \includegraphics on input line 124.
Package epstopdf Info: Output file is already uptodate.

<figuras/amloc-grafico-eps-converted-to.pdf, id=1199, 996.72375pt x 286.06876pt
>
File: figuras/amloc-grafico-eps-converted-to.pdf Graphic file (type pdf)
 <use figuras/amloc-grafico-eps-converted-to.pdf>
Package pdftex.def Info: figuras/amloc-grafico-eps-converted-to.pdf used on inp
ut line 124.
(pdftex.def)             Requested size: 697.70187pt x 200.24675pt.
Package epstopdf Info: Source file: <figuras/amloc-tabela.eps>
(epstopdf)                    date: 2014-09-13 14:51:21
(epstopdf)                    size: 481633 bytes
(epstopdf)             Output file: <figuras/amloc-tabela-eps-converted-to.pdf>

(epstopdf)                    date: 2014-09-13 14:51:21
(epstopdf)                    size: 12377 bytes
(epstopdf)             Command: <repstopdf --outfile=figuras/amloc-tabela-eps-c
onverted-to.pdf figuras/amloc-tabela.eps>
(epstopdf)             \includegraphics on input line 125.
Package epstopdf Info: Output file is already uptodate.

<figuras/amloc-tabela-eps-converted-to.pdf, id=1200, 1007.765pt x 78.2925pt>
File: figuras/amloc-tabela-eps-converted-to.pdf Graphic file (type pdf)

<use figuras/amloc-tabela-eps-converted-to.pdf>
Package pdftex.def Info: figuras/amloc-tabela-eps-converted-to.pdf used on inpu
t line 125.
(pdftex.def)             Requested size: 705.4307pt x 54.80437pt.


LaTeX Warning: `h' float specifier changed to `ht'.

Package epstopdf Info: Source file: <figuras/anpm-completo.eps>
(epstopdf)                    date: 2014-09-13 14:51:21
(epstopdf)                    size: 1921768 bytes
(epstopdf)             Output file: <figuras/anpm-completo-eps-converted-to.pdf
>
(epstopdf)                    date: 2014-09-13 14:51:21
(epstopdf)                    size: 17875 bytes
(epstopdf)             Command: <repstopdf --outfile=figuras/anpm-completo-eps-
converted-to.pdf figuras/anpm-completo.eps>
(epstopdf)             \includegraphics on input line 133.
Package epstopdf Info: Output file is already uptodate.
<figuras/anpm-completo-eps-converted-to.pdf, id=1201, 947.54pt x 335.2525pt>
File: figuras/anpm-completo-eps-converted-to.pdf Graphic file (type pdf)

<use figuras/anpm-completo-eps-converted-to.pdf>
Package pdftex.def Info: figuras/anpm-completo-eps-converted-to.pdf used on inp
ut line 133.
(pdftex.def)             Requested size: 710.65324pt x 251.43875pt.
Package epstopdf Info: Source file: <figuras/anpm-projeto.eps>
(epstopdf)                    date: 2014-09-13 14:51:21
(epstopdf)                    size: 469431 bytes
(epstopdf)             Output file: <figuras/anpm-projeto-eps-converted-to.pdf>

(epstopdf)                    date: 2014-09-13 14:51:21
(epstopdf)                    size: 12065 bytes
(epstopdf)             Command: <repstopdf --outfile=figuras/anpm-projeto-eps-c
onverted-to.pdf figuras/anpm-projeto.eps>
(epstopdf)             \includegraphics on input line 134.
Package epstopdf Info: Output file is already uptodate.

<figuras/anpm-projeto-eps-converted-to.pdf, id=1202, 1007.765pt x 76.285pt>
File: figuras/anpm-projeto-eps-converted-to.pdf Graphic file (type pdf)

<use figuras/anpm-projeto-eps-converted-to.pdf>
Package pdftex.def Info: figuras/anpm-projeto-eps-converted-to.pdf used on inpu
t line 134.
(pdftex.def)             Requested size: 705.4307pt x 53.39912pt.

Overfull \hbox (2.65324pt too wide) in paragraph at lines 133--135
 [][] 
 []


LaTeX Warning: `h' float specifier changed to `ht'.

Package epstopdf Info: Source file: <figuras/cbo-grafico.eps>
(epstopdf)                    date: 2014-09-13 14:51:21
(epstopdf)                    size: 1691153 bytes
(epstopdf)             Output file: <figuras/cbo-grafico-eps-converted-to.pdf>
(epstopdf)                    date: 2014-09-13 14:51:21
(epstopdf)                    size: 14570 bytes
(epstopdf)             Command: <repstopdf --outfile=figuras/cbo-grafico-eps-co
nverted-to.pdf figuras/cbo-grafico.eps>
(epstopdf)             \includegraphics on input line 142.
Package epstopdf Info: Output file is already uptodate.

<figuras/cbo-grafico-eps-converted-to.pdf, id=1203, 990.70125pt x 282.05376pt>
File: figuras/cbo-grafico-eps-converted-to.pdf Graphic file (type pdf)

<use figuras/cbo-grafico-eps-converted-to.pdf>
Package pdftex.def Info: figuras/cbo-grafico-eps-converted-to.pdf used on input
 line 142.
(pdftex.def)             Requested size: 693.48616pt x 197.43626pt.
Package epstopdf Info: Source file: <figuras/cbo-tabela.eps>
(epstopdf)                    date: 2014-09-13 14:51:21
(epstopdf)                    size: 474594 bytes
(epstopdf)             Output file: <figuras/cbo-tabela-eps-converted-to.pdf>
(epstopdf)                    date: 2014-09-13 14:51:21
(epstopdf)                    size: 14722 bytes
(epstopdf)             Command: <repstopdf --outfile=figuras/cbo-tabela-eps-con
verted-to.pdf figuras/cbo-tabela.eps>
(epstopdf)             \includegraphics on input line 143.
Package epstopdf Info: Output file is already uptodate.

<figuras/cbo-tabela-eps-converted-to.pdf, id=1204, 1005.7575pt x 77.28876pt>
File: figuras/cbo-tabela-eps-converted-to.pdf Graphic file (type pdf)

<use figuras/cbo-tabela-eps-converted-to.pdf>
Package pdftex.def Info: figuras/cbo-tabela-eps-converted-to.pdf used on input 
line 143.
(pdftex.def)             Requested size: 704.02545pt x 54.10175pt.


LaTeX Warning: `h' float specifier changed to `ht'.

Package epstopdf Info: Source file: <figuras/dit-grafico.eps>
(epstopdf)                    date: 2014-09-13 14:51:21
(epstopdf)                    size: 1644391 bytes
(epstopdf)             Output file: <figuras/dit-grafico-eps-converted-to.pdf>
(epstopdf)                    date: 2014-09-13 14:51:21
(epstopdf)                    size: 16560 bytes
(epstopdf)             Command: <repstopdf --outfile=figuras/dit-grafico-eps-co
nverted-to.pdf figuras/dit-grafico.eps>
(epstopdf)             \includegraphics on input line 151.
Package epstopdf Info: Output file is already uptodate.
<figuras/dit-grafico-eps-converted-to.pdf, id=1205, 980.66376pt x 277.035pt>
File: figuras/dit-grafico-eps-converted-to.pdf Graphic file (type pdf)

<use figuras/dit-grafico-eps-converted-to.pdf>
Package pdftex.def Info: figuras/dit-grafico-eps-converted-to.pdf used on input
 line 151.
(pdftex.def)             Requested size: 686.45995pt x 193.92317pt.
Package epstopdf Info: Source file: <figuras/dit-tabela.eps>
(epstopdf)                    date: 2014-09-13 14:51:21
(epstopdf)                    size: 471738 bytes
(epstopdf)             Output file: <figuras/dit-tabela-eps-converted-to.pdf>
(epstopdf)                    date: 2014-09-13 14:51:21
(epstopdf)                    size: 11928 bytes
(epstopdf)             Command: <repstopdf --outfile=figuras/dit-tabela-eps-con
verted-to.pdf figuras/dit-tabela.eps>
(epstopdf)             \includegraphics on input line 152.
Package epstopdf Info: Output file is already uptodate.

<figuras/dit-tabela-eps-converted-to.pdf, id=1206, 1012.78375pt x 76.285pt>
File: figuras/dit-tabela-eps-converted-to.pdf Graphic file (type pdf)

<use figuras/dit-tabela-eps-converted-to.pdf>
Package pdftex.def Info: figuras/dit-tabela-eps-converted-to.pdf used on input 
line 152.
(pdftex.def)             Requested size: 708.9438pt x 53.39912pt.

Overfull \hbox (0.9438pt too wide) in paragraph at lines 151--153
 [] 
 []


LaTeX Warning: `h' float specifier changed to `ht'.

Package epstopdf Info: Source file: <figuras/lcom4-projeto.eps>
(epstopdf)                    date: 2014-09-13 14:51:21
(epstopdf)                    size: 5184248 bytes
(epstopdf)             Output file: <figuras/lcom4-projeto-eps-converted-to.pdf
>
(epstopdf)                    date: 2014-09-13 14:51:21
(epstopdf)                    size: 36491 bytes
(epstopdf)             Command: <repstopdf --outfile=figuras/lcom4-projeto-eps-
converted-to.pdf figuras/lcom4-projeto.eps>
(epstopdf)             \includegraphics on input line 162.
Package epstopdf Info: Output file is already uptodate.

<figuras/lcom4-projeto-eps-converted-to.pdf, id=1207, 1524.69624pt x 563.10374p
t>
File: figuras/lcom4-projeto-eps-converted-to.pdf Graphic file (type pdf)
 <use figuras/lcom4-projeto-eps-converted-to.pdf>
Package pdftex.def Info: figuras/lcom4-projeto-eps-converted-to.pdf used on inp
ut line 162.
(pdftex.def)             Requested size: 686.10698pt x 253.39435pt.
Package epstopdf Info: Source file: <figuras/lcom4-completo.eps>
(epstopdf)                    date: 2014-09-13 14:51:21
(epstopdf)                    size: 821778 bytes
(epstopdf)             Output file: <figuras/lcom4-completo-eps-converted-to.pd
f>
(epstopdf)                    date: 2014-09-13 14:51:21
(epstopdf)                    size: 15090 bytes
(epstopdf)             Command: <repstopdf --outfile=figuras/lcom4-completo-eps
-converted-to.pdf figuras/lcom4-completo.eps>
(epstopdf)             \includegraphics on input line 163.
Package epstopdf Info: Output file is already uptodate.

<figuras/lcom4-completo-eps-converted-to.pdf, id=1208, 1142.2675pt x 118.4425pt
>
File: figuras/lcom4-completo-eps-converted-to.pdf Graphic file (type pdf)
 <use figuras/lcom4-completo-eps-converted-to.pdf>
Package pdftex.def Info: figuras/lcom4-completo-eps-converted-to.pdf used on in
put line 163.
(pdftex.def)             Requested size: 571.13235pt x 59.2211pt.


LaTeX Warning: `h' float specifier changed to `ht'.

Package epstopdf Info: Source file: <figuras/loc-grafico.eps>
(epstopdf)                    date: 2014-09-13 14:51:21
(epstopdf)                    size: 1847482 bytes
(epstopdf)             Output file: <figuras/loc-grafico-eps-converted-to.pdf>
(epstopdf)                    date: 2014-09-13 14:51:21
(epstopdf)                    size: 15710 bytes
(epstopdf)             Command: <repstopdf --outfile=figuras/loc-grafico-eps-co
nverted-to.pdf figuras/loc-grafico.eps>
(epstopdf)             \includegraphics on input line 172.
Package epstopdf Info: Output file is already uptodate.
<figuras/loc-grafico-eps-converted-to.pdf, id=1209, 987.69pt x 309.155pt>
File: figuras/loc-grafico-eps-converted-to.pdf Graphic file (type pdf)

<use figuras/loc-grafico-eps-converted-to.pdf>
Package pdftex.def Info: figuras/loc-grafico-eps-converted-to.pdf used on input
 line 172.
(pdftex.def)             Requested size: 691.3783pt x 216.40701pt.
Package epstopdf Info: Source file: <figuras/loc-tabela.eps>
(epstopdf)                    date: 2014-09-13 14:51:21
(epstopdf)                    size: 458126 bytes
(epstopdf)             Output file: <figuras/loc-tabela-eps-converted-to.pdf>
(epstopdf)                    date: 2014-09-13 14:51:21
(epstopdf)                    size: 13357 bytes
(epstopdf)             Command: <repstopdf --outfile=figuras/loc-tabela-eps-con
verted-to.pdf figuras/loc-tabela.eps>
(epstopdf)             \includegraphics on input line 173.
Package epstopdf Info: Output file is already uptodate.

<figuras/loc-tabela-eps-converted-to.pdf, id=1210, 1009.7725pt x 74.2775pt>
File: figuras/loc-tabela-eps-converted-to.pdf Graphic file (type pdf)

<use figuras/loc-tabela-eps-converted-to.pdf>
Package pdftex.def Info: figuras/loc-tabela-eps-converted-to.pdf used on input 
line 173.
(pdftex.def)             Requested size: 706.83594pt x 51.99388pt.


LaTeX Warning: `h' float specifier changed to `ht'.

Package epstopdf Info: Source file: <figuras/noc-grafico.eps>
(epstopdf)                    date: 2014-09-13 14:51:22
(epstopdf)                    size: 1721142 bytes
(epstopdf)             Output file: <figuras/noc-grafico-eps-converted-to.pdf>
(epstopdf)                    date: 2014-09-13 14:51:22
(epstopdf)                    size: 16714 bytes
(epstopdf)             Command: <repstopdf --outfile=figuras/noc-grafico-eps-co
nverted-to.pdf figuras/noc-grafico.eps>
(epstopdf)             \includegraphics on input line 181.
Package epstopdf Info: Output file is already uptodate.
<figuras/noc-grafico-eps-converted-to.pdf, id=1211, 990.70125pt x 287.0725pt>
File: figuras/noc-grafico-eps-converted-to.pdf Graphic file (type pdf)

<use figuras/noc-grafico-eps-converted-to.pdf>
Package pdftex.def Info: figuras/noc-grafico-eps-converted-to.pdf used on input
 line 181.
(pdftex.def)             Requested size: 693.48616pt x 200.94937pt.
Package epstopdf Info: Source file: <figuras/noc-tabela.eps>
(epstopdf)                    date: 2014-09-13 14:51:22
(epstopdf)                    size: 481157 bytes
(epstopdf)             Output file: <figuras/noc-tabela-eps-converted-to.pdf>
(epstopdf)                    date: 2014-09-19 16:22:44
(epstopdf)                    size: 12036 bytes
(epstopdf)             Command: <repstopdf --outfile=figuras/noc-tabela-eps-con
verted-to.pdf figuras/noc-tabela.eps>
(epstopdf)             \includegraphics on input line 182.
Package epstopdf Info: Output file is already uptodate.

<figuras/noc-tabela-eps-converted-to.pdf, id=1212, 1006.76125pt x 78.2925pt>
File: figuras/noc-tabela-eps-converted-to.pdf Graphic file (type pdf)

<use figuras/noc-tabela-eps-converted-to.pdf>
Package pdftex.def Info: figuras/noc-tabela-eps-converted-to.pdf used on input 
line 182.
(pdftex.def)             Requested size: 704.72807pt x 54.80437pt.


LaTeX Warning: `h' float specifier changed to `ht'.

Package epstopdf Info: Source file: <figuras/nom-grafico.eps>
(epstopdf)                    date: 2014-09-13 14:51:22
(epstopdf)                    size: 1736323 bytes
(epstopdf)             Output file: <figuras/nom-grafico-eps-converted-to.pdf>
(epstopdf)                    date: 2014-09-13 14:51:22
(epstopdf)                    size: 15516 bytes
(epstopdf)             Command: <repstopdf --outfile=figuras/nom-grafico-eps-co
nverted-to.pdf figuras/nom-grafico.eps>
(epstopdf)             \includegraphics on input line 190.
Package epstopdf Info: Output file is already uptodate.
<figuras/nom-grafico-eps-converted-to.pdf, id=1213, 985.6825pt x 291.0875pt>
File: figuras/nom-grafico-eps-converted-to.pdf Graphic file (type pdf)

<use figuras/nom-grafico-eps-converted-to.pdf>
Package pdftex.def Info: figuras/nom-grafico-eps-converted-to.pdf used on input
 line 190.
(pdftex.def)             Requested size: 689.97304pt x 203.75984pt.
Package epstopdf Info: Source file: <figuras/nom-tabela.eps>
(epstopdf)                    date: 2014-09-13 14:51:22
(epstopdf)                    size: 586507 bytes
(epstopdf)             Output file: <figuras/nom-tabela-eps-converted-to.pdf>
(epstopdf)                    date: 2014-09-13 14:51:22
(epstopdf)                    size: 14256 bytes
(epstopdf)             Command: <repstopdf --outfile=figuras/nom-tabela-eps-con
verted-to.pdf figuras/nom-tabela.eps>
(epstopdf)             \includegraphics on input line 191.
Package epstopdf Info: Output file is already uptodate.

<figuras/nom-tabela-eps-converted-to.pdf, id=1214, 1009.7725pt x 95.35625pt>
File: figuras/nom-tabela-eps-converted-to.pdf Graphic file (type pdf)

<use figuras/nom-tabela-eps-converted-to.pdf>
Package pdftex.def Info: figuras/nom-tabela-eps-converted-to.pdf used on input 
line 191.
(pdftex.def)             Requested size: 706.83594pt x 66.7489pt.


LaTeX Warning: `h' float specifier changed to `ht'.

Package epstopdf Info: Source file: <figuras/npa-grafico.eps>
(epstopdf)                    date: 2014-09-13 14:51:22
(epstopdf)                    size: 1806936 bytes
(epstopdf)             Output file: <figuras/npa-grafico-eps-converted-to.pdf>
(epstopdf)                    date: 2014-09-13 14:51:22
(epstopdf)                    size: 11507 bytes
(epstopdf)             Command: <repstopdf --outfile=figuras/npa-grafico-eps-co
nverted-to.pdf figuras/npa-grafico.eps>
(epstopdf)             \includegraphics on input line 199.
Package epstopdf Info: Output file is already uptodate.
<figuras/npa-grafico-eps-converted-to.pdf, id=1215, 991.705pt x 301.125pt>
File: figuras/npa-grafico-eps-converted-to.pdf Graphic file (type pdf)

<use figuras/npa-grafico-eps-converted-to.pdf>
Package pdftex.def Info: figuras/npa-grafico-eps-converted-to.pdf used on input
 line 199.
(pdftex.def)             Requested size: 694.18878pt x 210.78606pt.
Package epstopdf Info: Source file: <figuras/npa-tabela.eps>
(epstopdf)                    date: 2014-09-13 14:51:22
(epstopdf)                    size: 463784 bytes
(epstopdf)             Output file: <figuras/npa-tabela-eps-converted-to.pdf>
(epstopdf)                    date: 2014-09-13 14:51:22
(epstopdf)                    size: 12363 bytes
(epstopdf)             Command: <repstopdf --outfile=figuras/npa-tabela-eps-con
verted-to.pdf figuras/npa-tabela.eps>
(epstopdf)             \includegraphics on input line 200.
Package epstopdf Info: Output file is already uptodate.

<figuras/npa-tabela-eps-converted-to.pdf, id=1216, 1008.76875pt x 75.28125pt>
File: figuras/npa-tabela-eps-converted-to.pdf Graphic file (type pdf)

<use figuras/npa-tabela-eps-converted-to.pdf>
Package pdftex.def Info: figuras/npa-tabela-eps-converted-to.pdf used on input 
line 200.
(pdftex.def)             Requested size: 706.13332pt x 52.6965pt.


LaTeX Warning: `h' float specifier changed to `ht'.

Package epstopdf Info: Source file: <figuras/rfc-grafico.eps>
(epstopdf)                    date: 2014-09-13 14:51:22
(epstopdf)                    size: 1713413 bytes
(epstopdf)             Output file: <figuras/rfc-grafico-eps-converted-to.pdf>
(epstopdf)                    date: 2014-09-13 14:51:22
(epstopdf)                    size: 15195 bytes
(epstopdf)             Command: <repstopdf --outfile=figuras/rfc-grafico-eps-co
nverted-to.pdf figuras/rfc-grafico.eps>
(epstopdf)             \includegraphics on input line 208.
Package epstopdf Info: Output file is already uptodate.
<figuras/rfc-grafico-eps-converted-to.pdf, id=1217, 972.63374pt x 291.0875pt>
File: figuras/rfc-grafico-eps-converted-to.pdf Graphic file (type pdf)

<use figuras/rfc-grafico-eps-converted-to.pdf>
Package pdftex.def Info: figuras/rfc-grafico-eps-converted-to.pdf used on input
 line 208.
(pdftex.def)             Requested size: 680.83897pt x 203.75984pt.
Package epstopdf Info: Source file: <figuras/rfc-tabela.eps>
(epstopdf)                    date: 2014-09-13 14:51:22
(epstopdf)                    size: 470353 bytes
(epstopdf)             Output file: <figuras/rfc-tabela-eps-converted-to.pdf>
(epstopdf)                    date: 2014-09-13 14:51:22
(epstopdf)                    size: 13546 bytes
(epstopdf)             Command: <repstopdf --outfile=figuras/rfc-tabela-eps-con
verted-to.pdf figuras/rfc-tabela.eps>
(epstopdf)             \includegraphics on input line 209.
Package epstopdf Info: Output file is already uptodate.

<figuras/rfc-tabela-eps-converted-to.pdf, id=1218, 1009.7725pt x 76.285pt>
File: figuras/rfc-tabela-eps-converted-to.pdf Graphic file (type pdf)

<use figuras/rfc-tabela-eps-converted-to.pdf>
Package pdftex.def Info: figuras/rfc-tabela-eps-converted-to.pdf used on input 
line 209.
(pdftex.def)             Requested size: 706.83594pt x 53.39912pt.


LaTeX Warning: `h' float specifier changed to `ht'.

[52

] [53 <./figuras/acc-grafico-eps-converted-to.pdf> <./figuras/acc-tabela-eps-co
nverted-to.pdf>] [54

 <./figuras/accm-grafico-eps-converted-to.pdf> <./figuras/accm-tabela-eps-conve
rted-to.pdf>] [55

 <./figuras/amloc-grafico-eps-converted-to.pdf> <./figuras/amloc-tabela-eps-con
verted-to.pdf>] [56

 <./figuras/anpm-completo-eps-converted-to.pdf> <./figuras/anpm-projeto-eps-con
verted-to.pdf>]
[57

 <./figuras/cbo-grafico-eps-converted-to.pdf> <./figuras/cbo-tabela-eps-convert
ed-to.pdf>] [58

 <./figuras/dit-grafico-eps-converted-to.pdf> <./figuras/dit-tabela-eps-convert
ed-to.pdf>] [59

 <./figuras/lcom4-projeto-eps-converted-to.pdf> <./figuras/lcom4-completo-eps-c
onverted-to.pdf>] [60

 <./figuras/loc-grafico-eps-converted-to.pdf> <./figuras/loc-tabela-eps-convert
ed-to.pdf>] [61

 <./figuras/noc-grafico-eps-converted-to.pdf> <./figuras/noc-tabela-eps-convert
ed-to.pdf>] [62

 <./figuras/nom-grafico-eps-converted-to.pdf> <./figuras/nom-tabela-eps-convert
ed-to.pdf>] [63

 <./figuras/npa-grafico-eps-converted-to.pdf> <./figuras/npa-tabela-eps-convert
ed-to.pdf>] [64

 <./figuras/rfc-grafico-eps-converted-to.pdf> <./figuras/rfc-tabela-eps-convert
ed-to.pdf>]
(./tabelas/resultados-cenarios-metodo-grande.ltx)
(./tabelas/resultados-cenarios-filhos.ltx)
(./tabelas/resultados-cenarios-exposicao.ltx)
(./tabelas/resultados-cenarios-coesao.ltx) [65

]
(./tabelas/resultados-cenarios-complexidade-estrutural.ltx) [66]
(./tabelas/resultados-cenarios-interface.ltx) [67]) (./editaveis/anexos.tex)
No file tcc.ind.

AED: lastpage setting LastPage
[68]
\tf@lof=\write7
\openout7 = `tcc.lof'.

\tf@lot=\write8
\openout8 = `tcc.lot'.

\tf@toc=\write9
\openout9 = `tcc.toc'.

Package atveryend Info: Empty hook `BeforeClearDocument' on input line 45.
Package atveryend Info: Empty hook `AfterLastShipout' on input line 45.
 (./tcc.aux)
Package atveryend Info: Executing hook `AtVeryEndDocument' on input line 45.
Package atveryend Info: Executing hook `AtEndAfterFileList' on input line 45.


Package rerunfilecheck Warning: File `tcc.brf' has changed.
(rerunfilecheck)                Rerun to get bibliographical references right.

Package rerunfilecheck Info: Checksums for `tcc.brf':
(rerunfilecheck)             Before: CE1C9861FFBD1A1DF9AF95B35AFD6D21;3605
(rerunfilecheck)             After:  EFF4F124B7B53CC4E526881F8A1BEE1C;2991.

LaTeX Warning: Label(s) may have changed. Rerun to get cross-references right.

Package atveryend Info: Empty hook `AtVeryVeryEnd' on input line 45.
 ) 
Here is how much of TeX's memory you used:
 27311 strings out of 493304
 450154 string characters out of 6139872
 860233 words of memory out of 5000000
 29278 multiletter control sequences out of 15000+600000
 102884 words of font info for 82 fonts, out of 8000000 for 9000
 957 hyphenation exceptions out of 8191
 63i,13n,78p,1253b,2310s stack positions out of 5000i,500n,10000p,200000b,80000s
pdfTeX warning (dest): name{section*.20} has been referenced but does not exi
st, replaced by a fixed one

pdfTeX warning (dest): name{table.caption.44} has been referenced but does not 
exist, replaced by a fixed one

pdfTeX warning (dest): name{table.caption.43} has been referenced but does not 
exist, replaced by a fixed one

pdfTeX warning (dest): name{table.caption.42} has been referenced but does not 
exist, replaced by a fixed one

pdfTeX warning (dest): name{table.caption.17} has been referenced but does not 
exist, replaced by a fixed one

pdfTeX warning (dest): name{cite.almeida_codigo} has been referenced but does n
ot exist, replaced by a fixed one

pdfTeX warning (dest): name{table.caption.15} has been referenced but does not 
exist, replaced by a fixed one

pdfTeX warning (dest): name{figure.caption.38} has been referenced but does not
 exist, replaced by a fixed one

pdfTeX warning (dest): name{figure.caption.37} has been referenced but does not
 exist, replaced by a fixed one

pdfTeX warning (dest): name{figure.caption.36} has been referenced but does not
 exist, replaced by a fixed one

pdfTeX warning (dest): name{page.70} has been referenced but does not exist, re
placed by a fixed one

{/usr/share/texmf/fonts/enc/dvips/lm/lm-ec.enc}{/usr/share/texmf/fonts/enc/dvip
s/lm/lm-mathsy.enc}</usr/share/texmf/fonts/type1/public/lm/lmbx12.pfb></usr/sha
re/texmf/fonts/type1/public/lm/lmbx9.pfb></usr/share/texmf/fonts/type1/public/l
m/lmbxi10.pfb></usr/share/texmf/fonts/type1/public/lm/lmr10.pfb></usr/share/tex
mf/fonts/type1/public/lm/lmr12.pfb></usr/share/texmf/fonts/type1/public/lm/lmri
10.pfb></usr/share/texmf/fonts/type1/public/lm/lmri12.pfb></usr/share/texmf/fon
ts/type1/public/lm/lmss12.pfb></usr/share/texmf/fonts/type1/public/lm/lmss17.pf
b></usr/share/texmf/fonts/type1/public/lm/lmssbo10.pfb></usr/share/texmf/fonts/
type1/public/lm/lmssbx10.pfb></usr/share/texmf/fonts/type1/public/lm/lmsso17.pf
b></usr/share/texmf/fonts/type1/public/lm/lmsy10.pfb></usr/share/texmf/fonts/ty
pe1/public/lm/lmtk10.pfb></usr/share/texmf/fonts/type1/public/lm/lmtt10.pfb>
Output written on tcc.pdf (70 pages, 1103824 bytes).
PDF statistics:
 1686 PDF objects out of 1728 (max. 8388607)
 1506 compressed objects within 16 object streams
 749 named destinations out of 1000 (max. 500000)
 489 words of extra memory for PDF output out of 10000 (max. 10000000)

