Sep 02, 2014 6:04:08 PM org.apache.catalina.core.AprLifecycleListener init
INFO: The APR based Apache Tomcat Native library which allows optimal performance in production environments was not found on the java.library.path: /usr/java/packages/lib/amd64:/usr/lib/x86_64-linux-gnu/jni:/lib/x86_64-linux-gnu:/usr/lib/x86_64-linux-gnu:/usr/lib/jni:/lib:/usr/lib
Sep 02, 2014 6:04:08 PM org.apache.coyote.http11.Http11Protocol init
INFO: Initializing Coyote HTTP/1.1 on http-8080
Sep 02, 2014 6:04:08 PM org.apache.catalina.startup.Catalina load
INFO: Initialization processed in 495 ms
Sep 02, 2014 6:04:08 PM org.apache.catalina.core.StandardService start
INFO: Starting service Catalina
Sep 02, 2014 6:04:08 PM org.apache.catalina.core.StandardEngine start
INFO: Starting Servlet Engine: Apache Tomcat/6.0.36
Sep 02, 2014 6:04:08 PM org.apache.catalina.startup.HostConfig deployDescriptor
INFO: Deploying configuration descriptor pentaho.xml
Sep 02, 2014 6:04:09 PM org.apache.catalina.startup.ContextConfig validateSecurityRoles
INFO: WARNING: Security role name PENTAHO_ADMIN used in an <auth-constraint> without being defined in a <security-role>
Sep 02, 2014 6:04:28 PM org.apache.catalina.startup.HostConfig deployDirectory
INFO: Deploying web application directory ROOT
Sep 02, 2014 6:04:28 PM org.apache.catalina.startup.HostConfig deployDirectory
INFO: Deploying web application directory sw-style
Sep 02, 2014 6:04:28 PM org.apache.catalina.startup.HostConfig deployDirectory
INFO: Deploying web application directory pentaho-style
Sep 02, 2014 6:04:28 PM org.apache.coyote.http11.Http11Protocol start
INFO: Starting Coyote HTTP/1.1 on http-8080
Sep 02, 2014 6:04:28 PM org.apache.jk.common.ChannelSocket init
INFO: JK: ajp13 listening on /0.0.0.0:8009
Sep 02, 2014 6:04:28 PM org.apache.jk.server.JkMain start
INFO: Jk running ID=0 time=0/37  config=null
Sep 02, 2014 6:04:28 PM org.apache.catalina.startup.Catalina start
INFO: Server startup in 19933 ms
Sep 02, 2014 6:04:40 PM com.sun.jersey.spi.spring.container.SpringComponentProviderFactory registerSpringBeans
INFO: Registering Spring bean, xcdf, of type org.pentaho.cdf.CdfContentGenerator as a root resource class
Sep 02, 2014 6:04:40 PM com.sun.jersey.spi.spring.container.SpringComponentProviderFactory registerSpringBeans
INFO: Registering Spring bean, xcdf.mobile, of type org.pentaho.cdf.CdfContentGenerator as a root resource class
Sep 02, 2014 6:04:40 PM com.sun.jersey.spi.spring.container.SpringComponentProviderFactory registerSpringBeans
INFO: Registering Spring bean, storage, of type org.pentaho.cdf.storage.StorageApi as a root resource class
Sep 02, 2014 6:04:40 PM com.sun.jersey.spi.spring.container.SpringComponentProviderFactory registerSpringBeans
INFO: Registering Spring bean, comments, of type org.pentaho.cdf.comments.CommentsApi as a root resource class
Sep 02, 2014 6:04:40 PM com.sun.jersey.spi.spring.container.SpringComponentProviderFactory registerSpringBeans
INFO: Registering Spring bean, settings, of type org.pentaho.cdf.settings.SettingsApi as a root resource class
Sep 02, 2014 6:04:40 PM com.sun.jersey.spi.spring.container.SpringComponentProviderFactory registerSpringBeans
INFO: Registering Spring bean, views, of type org.pentaho.cdf.views.ViewsApi as a root resource class
Sep 02, 2014 6:04:40 PM com.sun.jersey.spi.spring.container.SpringComponentProviderFactory registerSpringBeans
INFO: Registering Spring bean, xcdf.GetCDFResource, of type org.pentaho.cdf.CdfContentGenerator as a root resource class
Sep 02, 2014 6:04:40 PM com.sun.jersey.server.impl.application.WebApplicationImpl _initiate
INFO: Initiating Jersey application, version 'Jersey: 1.16 11/28/2012 03:18 PM'
Sep 02, 2014 6:04:41 PM com.sun.jersey.spi.inject.Errors processErrorMessages
WARNING: The following warnings have been detected with resource and/or provider classes:
  WARNING: A HTTP GET method, public void org.pentaho.cdf.CdfContentGenerator.export(java.lang.String,java.lang.String,java.lang.String,java.lang.String,java.lang.String,javax.servlet.http.HttpServletRequest,javax.servlet.http.HttpServletResponse) throws java.lang.Exception, MUST return a non-void type.
  WARNING: A HTTP GET method, public void org.pentaho.cdf.CdfContentGenerator.callAction(java.lang.String,java.lang.String,java.lang.String,java.lang.String,javax.servlet.http.HttpServletRequest,javax.servlet.http.HttpServletResponse) throws java.lang.Exception, MUST return a non-void type.
  WARNING: A HTTP GET method, public void org.pentaho.cdf.CdfContentGenerator.viewAction(java.lang.String,java.lang.String,java.lang.String,java.lang.String,javax.servlet.http.HttpServletRequest,javax.servlet.http.HttpServletResponse) throws java.lang.Exception, MUST return a non-void type.
  WARNING: A HTTP GET method, public void org.pentaho.cdf.CdfContentGenerator.getJSONSolution(java.lang.String,java.lang.String,java.lang.String,int,boolean,java.lang.String,javax.servlet.http.HttpServletResponse) throws org.pentaho.cdf.InvalidCdfOperationException, MUST return a non-void type.
  WARNING: A HTTP GET method, public void org.pentaho.cdf.CdfContentGenerator.getResource(java.lang.String,java.lang.String,javax.servlet.http.HttpServletResponse) throws java.lang.Exception, MUST return a non-void type.
  WARNING: A HTTP GET method, public void org.pentaho.cdf.CdfContentGenerator.clearCache(javax.servlet.http.HttpServletResponse), MUST return a non-void type.
  WARNING: A HTTP GET method, public void org.pentaho.cdf.comments.CommentsApi.archive(int,boolean,javax.servlet.http.HttpServletResponse,javax.servlet.http.HttpServletRequest), MUST return a non-void type.
  WARNING: A HTTP GET method, public void org.pentaho.cdf.comments.CommentsApi.add(java.lang.String,java.lang.String,javax.servlet.http.HttpServletResponse,javax.servlet.http.HttpServletRequest), MUST return a non-void type.
  WARNING: A HTTP GET method, public void org.pentaho.cdf.comments.CommentsApi.list(java.lang.String,int,int,boolean,boolean,boolean,javax.servlet.http.HttpServletResponse,javax.servlet.http.HttpServletRequest), MUST return a non-void type.
  WARNING: A HTTP GET method, public void org.pentaho.cdf.comments.CommentsApi.delete(int,boolean,javax.servlet.http.HttpServletResponse,javax.servlet.http.HttpServletRequest), MUST return a non-void type.
  WARNING: A HTTP GET method, public void org.pentaho.cdf.settings.SettingsApi.get(java.lang.String,javax.servlet.http.HttpServletResponse,javax.servlet.http.HttpServletRequest), MUST return a non-void type.
  WARNING: A HTTP GET method, public void org.pentaho.cdf.settings.SettingsApi.set(java.lang.String,java.lang.String,javax.servlet.http.HttpServletResponse,javax.servlet.http.HttpServletRequest), MUST return a non-void type.
  WARNING: A HTTP GET method, public void org.pentaho.cdf.views.ViewsApi.saveView(java.lang.String,javax.servlet.http.HttpServletResponse,javax.servlet.http.HttpServletRequest), MUST return a non-void type.
  WARNING: A HTTP GET method, public void org.pentaho.cdf.views.ViewsApi.deleteView(java.lang.String,javax.servlet.http.HttpServletResponse,javax.servlet.http.HttpServletRequest), MUST return a non-void type.
  WARNING: A HTTP GET method, public void org.pentaho.cdf.views.ViewsApi.listViews(javax.servlet.http.HttpServletResponse,javax.servlet.http.HttpServletRequest), MUST return a non-void type.
Sep 02, 2014 6:04:41 PM com.sun.jersey.spi.spring.container.SpringComponentProviderFactory registerSpringBeans
INFO: Registering Spring bean, pt.webdetails.cgg.CggService#0, of type pt.webdetails.cgg.CggService as a root resource class
Sep 02, 2014 6:04:41 PM com.sun.jersey.server.impl.application.WebApplicationImpl _initiate
INFO: Initiating Jersey application, version 'Jersey: 1.16 11/28/2012 03:18 PM'
Sep 02, 2014 6:04:41 PM com.sun.jersey.spi.inject.Errors processErrorMessages
WARNING: The following warnings have been detected with resource and/or provider classes:
  WARNING: A HTTP GET method, public void pt.webdetails.cgg.CggService.draw(java.lang.String,java.lang.String,java.lang.String,java.lang.String,java.lang.Long,java.lang.Long,javax.servlet.http.HttpServletResponse,javax.servlet.http.HttpServletRequest), MUST return a non-void type.
Sep 02, 2014 6:04:41 PM com.sun.jersey.spi.spring.container.SpringComponentProviderFactory registerSpringBeans
INFO: Registering Spring bean, org.pentaho.platform.dataaccess.datasource.wizard.service.impl.DatasourceResource#0, of type org.pentaho.platform.dataaccess.datasource.wizard.service.impl.DatasourceResource as a root resource class
Sep 02, 2014 6:04:41 PM com.sun.jersey.spi.spring.container.SpringComponentProviderFactory registerSpringBeans
INFO: Registering Spring bean, org.pentaho.platform.dataaccess.datasource.wizard.service.impl.AnalysisDatasourceService#0, of type org.pentaho.platform.dataaccess.datasource.wizard.service.impl.AnalysisDatasourceService as a root resource class
Sep 02, 2014 6:04:41 PM com.sun.jersey.spi.spring.container.SpringComponentProviderFactory registerSpringBeans
INFO: Registering Spring bean, org.pentaho.platform.dataaccess.datasource.wizard.service.impl.MetadataDatasourceService#0, of type org.pentaho.platform.dataaccess.datasource.wizard.service.impl.MetadataDatasourceService as a root resource class
Sep 02, 2014 6:04:41 PM com.sun.jersey.spi.spring.container.SpringComponentProviderFactory registerSpringBeans
INFO: Registering Spring bean, org.pentaho.platform.dataaccess.datasource.wizard.service.impl.ConnectionService#0, of type org.pentaho.platform.dataaccess.datasource.wizard.service.impl.ConnectionService as a root resource class
Sep 02, 2014 6:04:41 PM com.sun.jersey.spi.spring.container.SpringComponentProviderFactory registerSpringBeans
INFO: Registering Spring bean, org.pentaho.platform.dataaccess.datasource.wizard.service.impl.DatabaseDialectService#0, of type org.pentaho.platform.dataaccess.datasource.wizard.service.impl.DatabaseDialectService as a root resource class
Sep 02, 2014 6:04:41 PM com.sun.jersey.spi.spring.container.SpringComponentProviderFactory registerSpringBeans
INFO: Registering Spring bean, org.pentaho.platform.dataaccess.datasource.wizard.service.impl.PentahoJAXBContextResolver#0, of type org.pentaho.platform.dataaccess.datasource.wizard.service.impl.PentahoJAXBContextResolver as a provider class
Sep 02, 2014 6:04:41 PM com.sun.jersey.spi.spring.container.SpringComponentProviderFactory registerSpringBeans
INFO: Registering Spring bean, org.pentaho.platform.dataaccess.datasource.wizard.service.impl.DataAccessPermissionResource#0, of type org.pentaho.platform.dataaccess.datasource.wizard.service.impl.DataAccessPermissionResource as a root resource class
Sep 02, 2014 6:04:41 PM com.sun.jersey.spi.spring.container.SpringComponentProviderFactory registerSpringBeans
INFO: Registering Spring bean, org.pentaho.platform.dataaccess.datasource.wizard.service.impl.DatabaseConnectionReaderWriter#0, of type org.pentaho.platform.dataaccess.datasource.wizard.service.impl.DatabaseConnectionReaderWriter as a provider class
Sep 02, 2014 6:04:41 PM com.sun.jersey.spi.spring.container.SpringComponentProviderFactory registerSpringBeans
INFO: Registering Spring bean, org.pentaho.platform.dataaccess.datasource.wizard.service.impl.DatabaseConnectionListReaderWriter#0, of type org.pentaho.platform.dataaccess.datasource.wizard.service.impl.DatabaseConnectionListReaderWriter as a provider class
Sep 02, 2014 6:04:41 PM com.sun.jersey.spi.spring.container.SpringComponentProviderFactory registerSpringBeans
INFO: Registering Spring bean, xml-metadataServiceDA/org.pentaho.platform.dataaccess.metadata.service.MetadataService, of type org.pentaho.platform.dataaccess.metadata.service.MetadataService as a root resource class
Sep 02, 2014 6:04:41 PM com.sun.jersey.spi.spring.container.SpringComponentProviderFactory registerSpringBeans
INFO: Registering Spring bean, gwt-metadataServiceDA/org.pentaho.platform.dataaccess.metadata.service.MetadataService, of type org.pentaho.platform.dataaccess.metadata.service.MetadataService as a root resource class
Sep 02, 2014 6:04:41 PM com.sun.jersey.server.impl.application.WebApplicationImpl _initiate
INFO: Initiating Jersey application, version 'Jersey: 1.16 11/28/2012 03:18 PM'
Sep 02, 2014 6:04:42 PM com.sun.jersey.spi.spring.container.SpringComponentProviderFactory registerSpringBeans
INFO: Registering Spring bean, marketplace.service, of type org.pentaho.marketplace.MarketplaceService as a root resource class
Sep 02, 2014 6:04:42 PM com.sun.jersey.server.impl.application.WebApplicationImpl _initiate
INFO: Initiating Jersey application, version 'Jersey: 1.16 11/28/2012 03:18 PM'
Sep 02, 2014 6:04:42 PM com.sun.jersey.spi.spring.container.SpringComponentProviderFactory registerSpringBeans
INFO: Registering Spring bean, datasourceResourceBean, of type org.saiku.plugin.resources.PentahoDatasourceResource as a root resource class
Sep 02, 2014 6:04:42 PM com.sun.jersey.spi.spring.container.SpringComponentProviderFactory registerSpringBeans
INFO: Registering Spring bean, olapDiscoverBean, of type org.saiku.plugin.resources.PentahoDiscoverResource as a root resource class
Sep 02, 2014 6:04:42 PM com.sun.jersey.spi.spring.container.SpringComponentProviderFactory registerSpringBeans
INFO: Registering Spring bean, queryResource, of type org.saiku.plugin.resources.PentahoQueryResource as a root resource class
Sep 02, 2014 6:04:42 PM com.sun.jersey.spi.spring.container.SpringComponentProviderFactory registerSpringBeans
INFO: Registering Spring bean, sessionResource, of type org.saiku.plugin.resources.PentahoSessionResource as a root resource class
Sep 02, 2014 6:04:42 PM com.sun.jersey.spi.spring.container.SpringComponentProviderFactory registerSpringBeans
INFO: Registering Spring bean, repositoryBean2, of type org.saiku.plugin.resources.PentahoRepositoryResource2 as a root resource class
Sep 02, 2014 6:04:42 PM com.sun.jersey.spi.spring.container.SpringComponentProviderFactory registerSpringBeans
INFO: Registering Spring bean, tagRepositoryBean, of type org.saiku.plugin.resources.PentahoTagRepositoryResource as a root resource class
Sep 02, 2014 6:04:42 PM com.sun.jersey.spi.spring.container.SpringComponentProviderFactory registerSpringBeans
INFO: Registering Spring bean, filterRepositoryBean, of type org.saiku.plugin.resources.PentahoFilterRepositoryResource as a root resource class
Sep 02, 2014 6:04:42 PM com.sun.jersey.spi.spring.container.SpringComponentProviderFactory registerSpringBeans
INFO: Registering Spring bean, pluginResource, of type org.saiku.plugin.resources.PluginResource as a root resource class
Sep 02, 2014 6:04:42 PM com.sun.jersey.spi.spring.container.SpringComponentProviderFactory registerSpringBeans
INFO: Registering Spring bean, exporterBean, of type org.saiku.plugin.resources.PentahoExporterResource as a root resource class
Sep 02, 2014 6:04:42 PM com.sun.jersey.server.impl.application.WebApplicationImpl _initiate
INFO: Initiating Jersey application, version 'Jersey: 1.16 11/28/2012 03:18 PM'
Sep 02, 2014 6:04:44 PM com.sun.xml.ws.server.MonitorBase createRoot
INFO: Metro monitoring rootname successfully set to: com.sun.metro:pp=/,type=WSEndpoint,name=/pentaho-datasourceMgmtService-datasourceMgmtServicePort
Sep 02, 2014 6:04:45 PM com.sun.xml.ws.server.MonitorBase createRoot
INFO: Metro monitoring rootname successfully set to: com.sun.metro:pp=/,type=WSEndpoint,name=/pentaho-userRoleService-userRoleServicePort
Sep 02, 2014 6:04:45 PM com.sun.xml.ws.server.MonitorBase createRoot
INFO: Metro monitoring rootname successfully set to: com.sun.metro:pp=/,type=WSEndpoint,name=/pentaho-userRoleListService-userRoleListServicePort
Sep 02, 2014 6:04:45 PM com.sun.xml.ws.server.MonitorBase createRoot
INFO: Metro monitoring rootname successfully set to: com.sun.metro:pp=/,type=WSEndpoint,name=/pentaho-authorizationPolicy-authorizationPolicyPort
Sep 02, 2014 6:04:45 PM com.sun.xml.ws.server.MonitorBase createRoot
INFO: Metro monitoring rootname successfully set to: com.sun.metro:pp=/,type=WSEndpoint,name=/pentaho-roleBindingDao-roleBindingDaoPort
Sep 02, 2014 6:04:45 PM com.sun.xml.ws.server.MonitorBase createRoot
INFO: Metro monitoring rootname successfully set to: com.sun.metro:pp=/,type=WSEndpoint,name=/pentaho-Scheduler-SchedulerPort
Sep 02, 2014 6:04:45 PM com.sun.jersey.spi.spring.container.SpringComponentProviderFactory registerSpringBeans
INFO: Registering Spring bean, org.pentaho.platform.web.http.api.resources.JAXBContextResolver#0, of type org.pentaho.platform.web.http.api.resources.JAXBContextResolver as a provider class
Sep 02, 2014 6:04:45 PM com.sun.jersey.spi.spring.container.SpringComponentProviderFactory registerSpringBeans
INFO: Registering Spring bean, org.pentaho.platform.web.http.api.resources.RootResource#0, of type org.pentaho.platform.web.http.api.resources.RootResource as a root resource class
Sep 02, 2014 6:04:45 PM com.sun.jersey.spi.spring.container.SpringComponentProviderFactory registerSpringBeans
INFO: Registering Spring bean, org.pentaho.platform.web.http.api.resources.DirectoryResource#0, of type org.pentaho.platform.web.http.api.resources.DirectoryResource as a root resource class
Sep 02, 2014 6:04:45 PM com.sun.jersey.spi.spring.container.SpringComponentProviderFactory registerSpringBeans
INFO: Registering Spring bean, org.pentaho.platform.web.http.api.resources.UserRoleDaoResource#0, of type org.pentaho.platform.web.http.api.resources.UserRoleDaoResource as a root resource class
Sep 02, 2014 6:04:45 PM com.sun.jersey.spi.spring.container.SpringComponentProviderFactory registerSpringBeans
INFO: Registering Spring bean, org.pentaho.platform.web.http.api.resources.UserRoleListResource#0, of type org.pentaho.platform.web.http.api.resources.UserRoleListResource as a root resource class
Sep 02, 2014 6:04:45 PM com.sun.jersey.spi.spring.container.SpringComponentProviderFactory registerSpringBeans
INFO: Registering Spring bean, org.pentaho.platform.web.http.api.resources.FileResource#0, of type org.pentaho.platform.web.http.api.resources.FileResource as a root resource class
Sep 02, 2014 6:04:45 PM com.sun.jersey.spi.spring.container.SpringComponentProviderFactory registerSpringBeans
INFO: Registering Spring bean, org.pentaho.platform.web.http.api.resources.EmailResource#0, of type org.pentaho.platform.web.http.api.resources.EmailResource as a root resource class
Sep 02, 2014 6:04:45 PM com.sun.jersey.spi.spring.container.SpringComponentProviderFactory registerSpringBeans
INFO: Registering Spring bean, org.pentaho.platform.web.http.api.resources.SessionResource#0, of type org.pentaho.platform.web.http.api.resources.SessionResource as a root resource class
Sep 02, 2014 6:04:45 PM com.sun.jersey.spi.spring.container.SpringComponentProviderFactory registerSpringBeans
INFO: Registering Spring bean, org.pentaho.platform.web.http.api.resources.SchedulerResource#0, of type org.pentaho.platform.web.http.api.resources.SchedulerResource as a root resource class
Sep 02, 2014 6:04:45 PM com.sun.jersey.spi.spring.container.SpringComponentProviderFactory registerSpringBeans
INFO: Registering Spring bean, org.pentaho.platform.web.http.api.resources.BlockoutResource#0, of type org.pentaho.platform.web.http.api.resources.BlockoutResource as a root resource class
Sep 02, 2014 6:04:45 PM com.sun.jersey.spi.spring.container.SpringComponentProviderFactory registerSpringBeans
INFO: Registering Spring bean, org.pentaho.platform.web.http.api.resources.RepositoryResource#0, of type org.pentaho.platform.web.http.api.resources.RepositoryResource as a root resource class
Sep 02, 2014 6:04:45 PM com.sun.jersey.spi.spring.container.SpringComponentProviderFactory registerSpringBeans
INFO: Registering Spring bean, org.pentaho.platform.web.http.api.resources.RepositoryImportResource#0, of type org.pentaho.platform.web.http.api.resources.RepositoryImportResource as a root resource class
Sep 02, 2014 6:04:45 PM com.sun.jersey.spi.spring.container.SpringComponentProviderFactory registerSpringBeans
INFO: Registering Spring bean, org.pentaho.platform.web.http.api.resources.PluginResource#0, of type org.pentaho.platform.web.http.api.resources.PluginResource as a root resource class
Sep 02, 2014 6:04:45 PM com.sun.jersey.spi.spring.container.SpringComponentProviderFactory registerSpringBeans
INFO: Registering Spring bean, org.pentaho.platform.web.http.api.resources.PluginManagerResource#0, of type org.pentaho.platform.web.http.api.resources.PluginManagerResource as a root resource class
Sep 02, 2014 6:04:45 PM com.sun.jersey.spi.spring.container.SpringComponentProviderFactory registerSpringBeans
INFO: Registering Spring bean, org.pentaho.platform.web.http.api.resources.SystemPermissionsResource#0, of type org.pentaho.platform.web.http.api.resources.SystemPermissionsResource as a root resource class
Sep 02, 2014 6:04:45 PM com.sun.jersey.spi.spring.container.SpringComponentProviderFactory registerSpringBeans
INFO: Registering Spring bean, org.pentaho.platform.web.http.api.resources.SystemUsersResource#0, of type org.pentaho.platform.web.http.api.resources.SystemUsersResource as a root resource class
Sep 02, 2014 6:04:45 PM com.sun.jersey.spi.spring.container.SpringComponentProviderFactory registerSpringBeans
INFO: Registering Spring bean, org.pentaho.platform.web.http.api.resources.SystemRolesResource#0, of type org.pentaho.platform.web.http.api.resources.SystemRolesResource as a root resource class
Sep 02, 2014 6:04:45 PM com.sun.jersey.spi.spring.container.SpringComponentProviderFactory registerSpringBeans
INFO: Registering Spring bean, org.pentaho.platform.web.http.api.resources.SystemResource#0, of type org.pentaho.platform.web.http.api.resources.SystemResource as a root resource class
Sep 02, 2014 6:04:45 PM com.sun.jersey.spi.spring.container.SpringComponentProviderFactory registerSpringBeans
INFO: Registering Spring bean, org.pentaho.platform.web.http.api.resources.GeneratorStreamingOutputProvider#0, of type org.pentaho.platform.web.http.api.resources.GeneratorStreamingOutputProvider as a provider class
Sep 02, 2014 6:04:45 PM com.sun.jersey.spi.spring.container.SpringComponentProviderFactory registerSpringBeans
INFO: Registering Spring bean, org.pentaho.platform.web.http.api.resources.ThemeResource#0, of type org.pentaho.platform.web.http.api.resources.ThemeResource as a root resource class
Sep 02, 2014 6:04:45 PM com.sun.jersey.spi.spring.container.SpringComponentProviderFactory registerSpringBeans
INFO: Registering Spring bean, org.pentaho.platform.web.http.api.resources.SystemRefreshResource#0, of type org.pentaho.platform.web.http.api.resources.SystemRefreshResource as a root resource class
Sep 02, 2014 6:04:45 PM com.sun.jersey.spi.spring.container.SpringComponentProviderFactory registerSpringBeans
INFO: Registering Spring bean, org.pentaho.platform.web.http.api.resources.VersionResource#0, of type org.pentaho.platform.web.http.api.resources.VersionResource as a root resource class
Sep 02, 2014 6:04:45 PM com.sun.jersey.spi.spring.container.SpringComponentProviderFactory registerSpringBeans
INFO: Registering Spring bean, org.pentaho.platform.web.http.api.resources.UserConsoleResource#0, of type org.pentaho.platform.web.http.api.resources.UserConsoleResource as a root resource class
Sep 02, 2014 6:04:45 PM com.sun.jersey.spi.spring.container.SpringComponentProviderFactory registerSpringBeans
INFO: Registering Spring bean, org.pentaho.platform.web.http.api.resources.UserSettingsResource#0, of type org.pentaho.platform.web.http.api.resources.UserSettingsResource as a root resource class
Sep 02, 2014 6:04:45 PM com.sun.jersey.spi.spring.container.SpringComponentProviderFactory registerSpringBeans
INFO: Registering Spring bean, org.pentaho.platform.web.http.api.resources.RepositoryPublishResource#0, of type org.pentaho.platform.web.http.api.resources.RepositoryPublishResource as a root resource class
Sep 02, 2014 6:04:45 PM com.sun.jersey.spi.spring.container.SpringComponentProviderFactory registerSpringBeans
INFO: Registering Spring bean, org.pentaho.platform.web.http.api.resources.AuthorizationActionResource#0, of type org.pentaho.platform.web.http.api.resources.AuthorizationActionResource as a root resource class
Sep 02, 2014 6:04:45 PM com.sun.jersey.server.impl.application.WebApplicationImpl _initiate
INFO: Initiating Jersey application, version 'Jersey: 1.16 11/28/2012 03:18 PM'
Sep 02, 2014 6:04:46 PM com.sun.jersey.spi.inject.Errors processErrorMessages
WARNING: The following warnings have been detected with resource and/or provider classes:
  WARNING: A HTTP GET method, public javax.ws.rs.core.Response org.pentaho.platform.web.http.api.resources.EmailResource.deleteEmailConfig(org.pentaho.platform.plugin.services.email.EmailConfiguration), should not consume any entity.
  WARNING: A HTTP GET method, public javax.ws.rs.core.Response org.pentaho.platform.web.http.api.resources.BlockoutResource.willFire(org.pentaho.platform.web.http.api.resources.JobScheduleRequest), should not consume any entity.
Sep 02, 2014 8:39:00 PM org.apache.coyote.http11.Http11Protocol pause
INFO: Pausing Coyote HTTP/1.1 on http-8080
Sep 02, 2014 8:39:01 PM org.apache.catalina.core.StandardService stop
INFO: Stopping service Catalina
Sep 02, 2014 8:39:01 PM org.apache.catalina.loader.WebappClassLoader clearReferencesJdbc
SEVERE: The web application [/pentaho] registered the JDBC driver [org.h2.Driver] but failed to unregister it when the web application was stopped. To prevent a memory leak, the JDBC Driver has been forcibly unregistered.
Sep 02, 2014 8:39:01 PM org.apache.catalina.loader.WebappClassLoader clearReferencesJdbc
SEVERE: The web application [/pentaho] registered the JDBC driver [org.hsqldb.jdbcDriver] but failed to unregister it when the web application was stopped. To prevent a memory leak, the JDBC Driver has been forcibly unregistered.
Sep 02, 2014 8:39:01 PM org.apache.catalina.loader.WebappClassLoader clearReferencesJdbc
SEVERE: The web application [/pentaho] registered the JDBC driver [org.apache.hadoop.hive.jdbc.HiveDriver] but failed to unregister it when the web application was stopped. To prevent a memory leak, the JDBC Driver has been forcibly unregistered.
Sep 02, 2014 8:39:01 PM org.apache.catalina.loader.WebappClassLoader clearReferencesJdbc
SEVERE: The web application [/pentaho] registered the JDBC driver [org.apache.hive.jdbc.HiveDriver] but failed to unregister it when the web application was stopped. To prevent a memory leak, the JDBC Driver has been forcibly unregistered.
Sep 02, 2014 8:39:01 PM org.apache.catalina.loader.WebappClassLoader clearReferencesJdbc
SEVERE: The web application [/pentaho] registered the JDBC driver [org.apache.hive.jdbc.ImpalaDriver] but failed to unregister it when the web application was stopped. To prevent a memory leak, the JDBC Driver has been forcibly unregistered.
Sep 02, 2014 8:39:01 PM org.apache.catalina.loader.WebappClassLoader clearReferencesJdbc
SEVERE: The web application [/pentaho] registered the JDBC driver [net.sourceforge.jtds.jdbc.Driver] but failed to unregister it when the web application was stopped. To prevent a memory leak, the JDBC Driver has been forcibly unregistered.
Sep 02, 2014 8:39:01 PM org.apache.catalina.loader.WebappClassLoader clearReferencesJdbc
SEVERE: The web application [/pentaho] registered the JDBC driver [org.postgresql.Driver] but failed to unregister it when the web application was stopped. To prevent a memory leak, the JDBC Driver has been forcibly unregistered.
Sep 02, 2014 8:39:01 PM org.apache.catalina.loader.WebappClassLoader clearReferencesJdbc
SEVERE: The web application [/pentaho] registered the JDBC driver [nl.cwi.monetdb.jdbc.MonetDriver] but failed to unregister it when the web application was stopped. To prevent a memory leak, the JDBC Driver has been forcibly unregistered.
Sep 02, 2014 8:39:01 PM org.apache.catalina.loader.WebappClassLoader clearReferencesJdbc
SEVERE: The web application [/pentaho] registered the JDBC driver [mondrian.olap4j.MondrianOlap4jDriver] but failed to unregister it when the web application was stopped. To prevent a memory leak, the JDBC Driver has been forcibly unregistered.
Sep 02, 2014 8:39:01 PM org.apache.catalina.loader.WebappClassLoader clearReferencesThreads
SEVERE: The web application [/pentaho] appears to have started a thread named [Transient File Reaper] but has failed to stop it. This is very likely to create a memory leak.
Sep 02, 2014 8:39:01 PM org.apache.catalina.loader.WebappClassLoader clearReferencesThreads
SEVERE: The web application [/pentaho] appears to have started a thread named [Timer-2] but has failed to stop it. This is very likely to create a memory leak.
Sep 02, 2014 8:39:01 PM org.apache.catalina.loader.WebappClassLoader clearReferencesThreads
SEVERE: The web application [/pentaho] appears to have started a thread named [org.apache.commons.vfs.cache.SoftRefFilesCache$SoftRefReleaseThread] but has failed to stop it. This is very likely to create a memory leak.
Sep 02, 2014 8:39:01 PM org.apache.catalina.loader.WebappClassLoader clearReferencesThreads
SEVERE: The web application [/pentaho] appears to have started a thread named [Telemetry Event Sender Thread] but has failed to stop it. This is very likely to create a memory leak.
Sep 02, 2014 8:39:01 PM org.apache.catalina.loader.WebappClassLoader clearReferencesThreads
SEVERE: The web application [/pentaho] appears to have started a thread named [Telemetry Event keeper Thread] but has failed to stop it. This is very likely to create a memory leak.
Sep 02, 2014 8:39:01 PM org.apache.catalina.loader.WebappClassLoader clearReferencesThreads
SEVERE: The web application [/pentaho] appears to have started a thread named [org.apache.commons.vfs.cache.SoftRefFilesCache$SoftRefReleaseThread] but has failed to stop it. This is very likely to create a memory leak.
Sep 02, 2014 8:39:01 PM org.apache.catalina.loader.WebappClassLoader clearReferencesThreads
SEVERE: The web application [/pentaho] appears to have started a thread named [Timer-3] but has failed to stop it. This is very likely to create a memory leak.
Sep 02, 2014 8:39:01 PM org.apache.catalina.loader.WebappClassLoader clearReferencesThreads
SEVERE: The web application [/pentaho] appears to have started a thread named [Mondrian Monitor] but has failed to stop it. This is very likely to create a memory leak.
Sep 02, 2014 8:39:01 PM org.apache.catalina.loader.WebappClassLoader clearReferencesThreads
SEVERE: The web application [/pentaho] appears to have started a thread named [mondrian.rolap.agg.SegmentCacheManager$ACTOR] but has failed to stop it. This is very likely to create a memory leak.
Sep 02, 2014 8:39:01 PM org.apache.catalina.loader.WebappClassLoader clearReferencesThreads
SEVERE: The web application [/pentaho] appears to have started a thread named [mondrian.rolap.RolapResultShepherd#timer] but has failed to stop it. This is very likely to create a memory leak.
Sep 02, 2014 8:39:01 PM org.apache.catalina.loader.WebappClassLoader checkThreadLocalMapForLeaks
SEVERE: The web application [/pentaho] created a ThreadLocal with key of type [java.lang.InheritableThreadLocal] (value [java.lang.InheritableThreadLocal@7c65bf14]) and a value of type [org.springframework.security.context.SecurityContextImpl] (value [org.springframework.security.context.SecurityContextImpl@ffffffff: Null authentication]) but failed to remove it when the web application was stopped. This is very likely to create a memory leak.
Sep 02, 2014 8:39:01 PM org.apache.catalina.loader.WebappClassLoader checkThreadLocalMapForLeaks
SEVERE: The web application [/pentaho] created a ThreadLocal with key of type [java.lang.InheritableThreadLocal] (value [java.lang.InheritableThreadLocal@7be3f9d9]) and a value of type [org.pentaho.platform.engine.core.system.StandaloneSession] (value [org.pentaho.platform.engine.core.system.StandaloneSession@1bad3a7a]) but failed to remove it when the web application was stopped. This is very likely to create a memory leak.
Sep 02, 2014 8:39:01 PM org.apache.catalina.loader.WebappClassLoader checkThreadLocalMapForLeaks
SEVERE: The web application [/pentaho] created a ThreadLocal with key of type [java.lang.InheritableThreadLocal] (value [java.lang.InheritableThreadLocal@7c65bf14]) and a value of type [org.springframework.security.context.SecurityContextImpl] (value [org.springframework.security.context.SecurityContextImpl@ffffffff: Null authentication]) but failed to remove it when the web application was stopped. This is very likely to create a memory leak.
Sep 02, 2014 8:39:01 PM org.apache.catalina.loader.WebappClassLoader checkThreadLocalMapForLeaks
SEVERE: The web application [/pentaho] created a ThreadLocal with key of type [java.lang.InheritableThreadLocal] (value [java.lang.InheritableThreadLocal@7be3f9d9]) and a value of type [org.pentaho.platform.engine.core.system.StandaloneSession] (value [org.pentaho.platform.engine.core.system.StandaloneSession@1bad3a7a]) but failed to remove it when the web application was stopped. This is very likely to create a memory leak.
Sep 02, 2014 8:39:01 PM org.apache.catalina.loader.WebappClassLoader checkThreadLocalMapForLeaks
SEVERE: The web application [/pentaho] created a ThreadLocal with key of type [java.lang.ThreadLocal] (value [java.lang.ThreadLocal@3428551a]) and a value of type [org.pentaho.platform.plugin.services.importexport.ImportSession] (value [org.pentaho.platform.plugin.services.importexport.ImportSession@43eb38b6]) but failed to remove it when the web application was stopped. This is very likely to create a memory leak.
Sep 02, 2014 8:39:01 PM org.apache.catalina.loader.WebappClassLoader checkThreadLocalMapForLeaks
SEVERE: The web application [/pentaho] created a ThreadLocal with key of type [org.apache.hadoop.hive.ql.metadata.Hive$1] (value [org.apache.hadoop.hive.ql.metadata.Hive$1@7d85790]) and a value of type [org.apache.hadoop.hive.ql.metadata.Hive] (value [org.apache.hadoop.hive.ql.metadata.Hive@c5cb2f6]) but failed to remove it when the web application was stopped. This is very likely to create a memory leak.
Sep 02, 2014 8:39:01 PM org.apache.catalina.loader.WebappClassLoader checkThreadLocalMapForLeaks
SEVERE: The web application [/pentaho] created a ThreadLocal with key of type [org.pentaho.platform.plugin.services.pluginmgr.PluginMessageLogger$1] (value [org.pentaho.platform.plugin.services.pluginmgr.PluginMessageLogger$1@19e93ad1]) and a value of type [java.util.ArrayList] (value [[Discovered plugin data-access in data-access, This plugin provides: 0 menu customizations, 0 content types, 1 content generators, 0 overlays, and {4} lifecycle listeners, Discovered plugin xaction in xaction, Content type registered: xaction - Action Sequence, This plugin provides: 1 menu customizations, 0 content types, 0 content generators, 0 overlays, and {4} lifecycle listeners, Discovered plugin BI Server default plugin in default-plugin, This plugin provides: 0 menu customizations, 3 content types, 0 content generators, 0 overlays, and {4} lifecycle listeners, Discovered plugin marketplace in marketplace, This plugin provides: 0 menu customizations, 1 content types, 0 content generators, 1 overlays, and {4} lifecycle listeners, Discovered plugin reporting in reporting, Content type registered: prpt - Pentaho Report, This plugin provides: 1 menu customizations, 0 content types, 0 content generators, 1 overlays, and {4} lifecycle listeners, Discovered plugin saiku in saiku, Content type registered: saiku - Saiku Analytics, This plugin provides: 1 menu customizations, 0 content types, 2 content generators, 1 overlays, and {4} lifecycle listeners, Discovered plugin test-plugin-perspective in test-plugin-perspective, This plugin provides: 0 menu customizations, 0 content types, 0 content generators, 0 overlays, and {4} lifecycle listeners, Discovered plugin url in url, Content type registered: url - URL, This plugin provides: 1 menu customizations, 0 content types, 0 content generators, 0 overlays, and {4} lifecycle listeners, Discovered plugin pentaho-cdf in pentaho-cdf, Content type registered: xcdf - Dashboard, This plugin provides: 1 menu customizations, 0 content types, 0 content generators, 1 overlays, and {4} lifecycle listeners, Discovered plugin jpivot in pentaho-jpivot-plugin, Content type registered: xjpivot - JPivot View, Content generator not registered: xjpivot.editor for plugin pentaho-jpivot-plugin, This plugin provides: 1 menu customizations, 0 content types, 2 content generators, 0 overlays, and {4} lifecycle listeners, Discovered plugin pdi-platform-plugin in pentaho-pdi-platform-plugin, Content type registered: ktr - Kettle Transformation, Content type registered: kjb - Kettle Job, This plugin provides: 2 menu customizations, 0 content types, 0 content generators, 1 overlays, and {4} lifecycle listeners, Discovered plugin common-ui in common-ui, This plugin provides: 0 menu customizations, 3 content types, 0 content generators, 0 overlays, and {4} lifecycle listeners, Discovered plugin cgg in cgg, This plugin provides: 0 menu customizations, 1 content types, 0 content generators, 0 overlays, and {4} lifecycle listeners, Plugin data-access has registered successfully, Plugin xaction has registered successfully, Content generator registered: ws-services for plugin BI Server default plugin, Content generator registered: ws-run for plugin BI Server default plugin, Content generator registered: ws-wsdl for plugin BI Server default plugin, Plugin BI Server default plugin has registered successfully, Content generator registered: marketplace for plugin marketplace, Plugin marketplace has registered successfully, Plugin reporting has registered successfully, Plugin saiku has registered successfully, Plugin test-plugin-perspective has registered successfully, Plugin url has registered successfully, Plugin pentaho-cdf has registered successfully, Plugin jpivot has registered successfully, Plugin pdi-platform-plugin has registered successfully, Content generator registered: reposvc for plugin common-ui, Content generator registered: MetadataModelsSvc for plugin common-ui, Content generator registered: ChartSeriesColorSvc for plugin common-ui, Plugin common-ui has registered successfully, Content generator registered: cgg for plugin cgg, Plugin cgg has registered successfully]]) but failed to remove it when the web application was stopped. This is very likely to create a memory leak.
Sep 02, 2014 8:39:01 PM org.apache.catalina.loader.WebappClassLoader checkThreadLocalMapForLeaks
SEVERE: The web application [/pentaho] created a ThreadLocal with key of type [java.lang.ThreadLocal] (value [java.lang.ThreadLocal@1f147ca1]) and a value of type [org.apache.hadoop.hive.jdbc.JdbcSessionState] (value [org.apache.hadoop.hive.jdbc.JdbcSessionState@7a023df7]) but failed to remove it when the web application was stopped. This is very likely to create a memory leak.
Sep 02, 2014 8:39:01 PM org.apache.catalina.loader.WebappClassLoader checkThreadLocalMapForLeaks
SEVERE: The web application [/pentaho] created a ThreadLocal with key of type [java.lang.InheritableThreadLocal] (value [java.lang.InheritableThreadLocal@7c65bf14]) and a value of type [org.springframework.security.context.SecurityContextImpl] (value [org.springframework.security.context.SecurityContextImpl@ffffffff: Null authentication]) but failed to remove it when the web application was stopped. This is very likely to create a memory leak.
Sep 02, 2014 8:39:01 PM org.apache.catalina.loader.WebappClassLoader checkThreadLocalMapForLeaks
SEVERE: The web application [/pentaho] created a ThreadLocal with key of type [java.lang.InheritableThreadLocal] (value [java.lang.InheritableThreadLocal@7c65bf14]) and a value of type [org.springframework.security.context.SecurityContextImpl] (value [org.springframework.security.context.SecurityContextImpl@ffffffff: Null authentication]) but failed to remove it when the web application was stopped. This is very likely to create a memory leak.
Sep 02, 2014 8:39:01 PM org.apache.catalina.loader.WebappClassLoader checkThreadLocalMapForLeaks
SEVERE: The web application [/pentaho] created a ThreadLocal with key of type [java.lang.InheritableThreadLocal] (value [java.lang.InheritableThreadLocal@7be3f9d9]) and a value of type [org.pentaho.platform.engine.core.system.StandaloneSession] (value [org.pentaho.platform.engine.core.system.StandaloneSession@1bad3a7a]) but failed to remove it when the web application was stopped. This is very likely to create a memory leak.
Sep 02, 2014 8:39:01 PM org.apache.catalina.loader.WebappClassLoader checkThreadLocalMapForLeaks
SEVERE: The web application [/pentaho] created a ThreadLocal with key of type [java.lang.InheritableThreadLocal] (value [java.lang.InheritableThreadLocal@7c65bf14]) and a value of type [org.springframework.security.context.SecurityContextImpl] (value [org.springframework.security.context.SecurityContextImpl@ffffffff: Null authentication]) but failed to remove it when the web application was stopped. This is very likely to create a memory leak.
Sep 02, 2014 8:39:01 PM org.apache.catalina.loader.WebappClassLoader checkThreadLocalMapForLeaks
SEVERE: The web application [/pentaho] created a ThreadLocal with key of type [java.lang.InheritableThreadLocal] (value [java.lang.InheritableThreadLocal@7be3f9d9]) and a value of type [org.pentaho.platform.engine.core.system.StandaloneSession] (value [org.pentaho.platform.engine.core.system.StandaloneSession@1bad3a7a]) but failed to remove it when the web application was stopped. This is very likely to create a memory leak.
Sep 02, 2014 8:39:01 PM org.apache.catalina.loader.WebappClassLoader checkThreadLocalMapForLeaks
SEVERE: The web application [/pentaho] created a ThreadLocal with key of type [java.lang.InheritableThreadLocal] (value [java.lang.InheritableThreadLocal@7c65bf14]) and a value of type [org.springframework.security.context.SecurityContextImpl] (value [org.springframework.security.context.SecurityContextImpl@ffffffff: Null authentication]) but failed to remove it when the web application was stopped. This is very likely to create a memory leak.
Sep 02, 2014 8:39:01 PM org.apache.catalina.loader.WebappClassLoader checkThreadLocalMapForLeaks
SEVERE: The web application [/pentaho] created a ThreadLocal with key of type [java.lang.InheritableThreadLocal] (value [java.lang.InheritableThreadLocal@7be3f9d9]) and a value of type [org.pentaho.platform.engine.core.system.StandaloneSession] (value [org.pentaho.platform.engine.core.system.StandaloneSession@1bad3a7a]) but failed to remove it when the web application was stopped. This is very likely to create a memory leak.
Sep 02, 2014 8:39:01 PM org.apache.catalina.loader.WebappClassLoader checkThreadLocalMapForLeaks
SEVERE: The web application [/pentaho] created a ThreadLocal with key of type [java.lang.InheritableThreadLocal] (value [java.lang.InheritableThreadLocal@7c65bf14]) and a value of type [org.springframework.security.context.SecurityContextImpl] (value [org.springframework.security.context.SecurityContextImpl@ffffffff: Null authentication]) but failed to remove it when the web application was stopped. This is very likely to create a memory leak.
Sep 02, 2014 8:39:01 PM org.apache.catalina.loader.WebappClassLoader checkThreadLocalMapForLeaks
SEVERE: The web application [/pentaho] created a ThreadLocal with key of type [java.lang.InheritableThreadLocal] (value [java.lang.InheritableThreadLocal@7be3f9d9]) and a value of type [org.pentaho.platform.engine.core.system.StandaloneSession] (value [org.pentaho.platform.engine.core.system.StandaloneSession@1bad3a7a]) but failed to remove it when the web application was stopped. This is very likely to create a memory leak.
Sep 02, 2014 8:39:01 PM org.apache.catalina.loader.WebappClassLoader checkThreadLocalMapForLeaks
SEVERE: The web application [/pentaho] created a ThreadLocal with key of type [java.lang.InheritableThreadLocal] (value [java.lang.InheritableThreadLocal@7c65bf14]) and a value of type [org.springframework.security.context.SecurityContextImpl] (value [org.springframework.security.context.SecurityContextImpl@ffffffff: Null authentication]) but failed to remove it when the web application was stopped. This is very likely to create a memory leak.
Sep 02, 2014 8:39:01 PM org.apache.catalina.loader.WebappClassLoader checkThreadLocalMapForLeaks
SEVERE: The web application [/pentaho] created a ThreadLocal with key of type [java.lang.InheritableThreadLocal] (value [java.lang.InheritableThreadLocal@7be3f9d9]) and a value of type [org.pentaho.platform.engine.core.system.StandaloneSession] (value [org.pentaho.platform.engine.core.system.StandaloneSession@1bad3a7a]) but failed to remove it when the web application was stopped. This is very likely to create a memory leak.
Sep 02, 2014 8:39:01 PM org.apache.catalina.loader.WebappClassLoader checkThreadLocalMapForLeaks
SEVERE: The web application [/pentaho] created a ThreadLocal with key of type [java.lang.InheritableThreadLocal] (value [java.lang.InheritableThreadLocal@7c65bf14]) and a value of type [org.springframework.security.context.SecurityContextImpl] (value [org.springframework.security.context.SecurityContextImpl@ffffffff: Null authentication]) but failed to remove it when the web application was stopped. This is very likely to create a memory leak.
Sep 02, 2014 8:39:01 PM org.apache.catalina.loader.WebappClassLoader checkThreadLocalMapForLeaks
SEVERE: The web application [/pentaho] created a ThreadLocal with key of type [java.lang.InheritableThreadLocal] (value [java.lang.InheritableThreadLocal@7be3f9d9]) and a value of type [org.pentaho.platform.engine.core.system.StandaloneSession] (value [org.pentaho.platform.engine.core.system.StandaloneSession@1bad3a7a]) but failed to remove it when the web application was stopped. This is very likely to create a memory leak.
Sep 02, 2014 8:39:01 PM org.apache.catalina.loader.WebappClassLoader checkThreadLocalMapForLeaks
SEVERE: The web application [/pentaho] created a ThreadLocal with key of type [java.lang.InheritableThreadLocal] (value [java.lang.InheritableThreadLocal@7c65bf14]) and a value of type [org.springframework.security.context.SecurityContextImpl] (value [org.springframework.security.context.SecurityContextImpl@ffffffff: Null authentication]) but failed to remove it when the web application was stopped. This is very likely to create a memory leak.
Sep 02, 2014 8:39:01 PM org.apache.catalina.loader.WebappClassLoader checkThreadLocalMapForLeaks
SEVERE: The web application [/pentaho] created a ThreadLocal with key of type [com.sun.xml.bind.v2.runtime.Coordinator$1] (value [com.sun.xml.bind.v2.runtime.Coordinator$1@293261b5]) and a value of type [java.lang.Object[]] (value [[Ljava.lang.Object;@2aacc734]) but failed to remove it when the web application was stopped. This is very likely to create a memory leak.
Sep 02, 2014 8:39:01 PM org.apache.catalina.loader.WebappClassLoader checkThreadLocalMapForLeaks
SEVERE: The web application [/pentaho] created a ThreadLocal with key of type [org.apache.hadoop.hive.ql.metadata.Hive$1] (value [org.apache.hadoop.hive.ql.metadata.Hive$1@7d85790]) and a value of type [org.apache.hadoop.hive.ql.metadata.Hive] (value [org.apache.hadoop.hive.ql.metadata.Hive@354a3ccf]) but failed to remove it when the web application was stopped. This is very likely to create a memory leak.
Sep 02, 2014 8:39:01 PM org.apache.catalina.loader.WebappClassLoader checkThreadLocalMapForLeaks
SEVERE: The web application [/pentaho] created a ThreadLocal with key of type [java.lang.ThreadLocal] (value [java.lang.ThreadLocal@1cde555e]) and a value of type [org.apache.commons.vfs.provider.FileContentThreadData] (value [org.apache.commons.vfs.provider.FileContentThreadData@48b69d20]) but failed to remove it when the web application was stopped. This is very likely to create a memory leak.
Sep 02, 2014 8:39:01 PM org.apache.catalina.loader.WebappClassLoader checkThreadLocalMapForLeaks
SEVERE: The web application [/pentaho] created a ThreadLocal with key of type [com.sun.xml.bind.v2.ClassFactory$1] (value [com.sun.xml.bind.v2.ClassFactory$1@4d05c52b]) and a value of type [java.util.WeakHashMap] (value [{class javax.xml.bind.annotation.W3CDomHandler=java.lang.ref.WeakReference@35d3b18e, class org.pentaho.platform.repository2.unified.webservices.DateAdapter=java.lang.ref.WeakReference@5d2dfd3d}]) but failed to remove it when the web application was stopped. This is very likely to create a memory leak.
Sep 02, 2014 8:39:01 PM org.apache.catalina.loader.WebappClassLoader checkThreadLocalMapForLeaks
SEVERE: The web application [/pentaho] created a ThreadLocal with key of type [java.lang.ThreadLocal] (value [java.lang.ThreadLocal@1f147ca1]) and a value of type [org.apache.hadoop.hive.jdbc.JdbcSessionState] (value [org.apache.hadoop.hive.jdbc.JdbcSessionState@764cdf95]) but failed to remove it when the web application was stopped. This is very likely to create a memory leak.
Sep 02, 2014 8:39:01 PM org.apache.catalina.loader.WebappClassLoader checkThreadLocalMapForLeaks
SEVERE: The web application [/pentaho] created a ThreadLocal with key of type [com.sun.xml.bind.v2.runtime.Coordinator$1] (value [com.sun.xml.bind.v2.runtime.Coordinator$1@293261b5]) and a value of type [java.lang.Object[]] (value [[Ljava.lang.Object;@30eaebe0]) but failed to remove it when the web application was stopped. This is very likely to create a memory leak.
Sep 02, 2014 8:39:01 PM org.apache.catalina.loader.WebappClassLoader checkThreadLocalMapForLeaks
SEVERE: The web application [/pentaho] created a ThreadLocal with key of type [java.lang.InheritableThreadLocal] (value [java.lang.InheritableThreadLocal@7c65bf14]) and a value of type [org.springframework.security.context.SecurityContextImpl] (value [org.springframework.security.context.SecurityContextImpl@ffffffff: Null authentication]) but failed to remove it when the web application was stopped. This is very likely to create a memory leak.
Sep 02, 2014 8:39:01 PM org.apache.catalina.loader.WebappClassLoader checkThreadLocalMapForLeaks
SEVERE: The web application [/pentaho] created a ThreadLocal with key of type [java.lang.InheritableThreadLocal] (value [java.lang.InheritableThreadLocal@7c65bf14]) and a value of type [org.springframework.security.context.SecurityContextImpl] (value [org.springframework.security.context.SecurityContextImpl@ffffffff: Null authentication]) but failed to remove it when the web application was stopped. This is very likely to create a memory leak.
Sep 02, 2014 8:39:01 PM org.apache.catalina.loader.WebappClassLoader checkThreadLocalMapForLeaks
SEVERE: The web application [/pentaho] created a ThreadLocal with key of type [java.lang.InheritableThreadLocal] (value [java.lang.InheritableThreadLocal@7c65bf14]) and a value of type [org.springframework.security.context.SecurityContextImpl] (value [org.springframework.security.context.SecurityContextImpl@ffffffff: Null authentication]) but failed to remove it when the web application was stopped. This is very likely to create a memory leak.
Sep 02, 2014 8:39:01 PM org.apache.catalina.loader.WebappClassLoader checkThreadLocalMapForLeaks
SEVERE: The web application [/pentaho] created a ThreadLocal with key of type [java.lang.InheritableThreadLocal] (value [java.lang.InheritableThreadLocal@7c65bf14]) and a value of type [org.springframework.security.context.SecurityContextImpl] (value [org.springframework.security.context.SecurityContextImpl@ffffffff: Null authentication]) but failed to remove it when the web application was stopped. This is very likely to create a memory leak.
Sep 02, 2014 8:39:01 PM org.apache.catalina.loader.WebappClassLoader checkThreadLocalMapForLeaks
SEVERE: The web application [/pentaho] created a ThreadLocal with key of type [java.lang.InheritableThreadLocal] (value [java.lang.InheritableThreadLocal@7c65bf14]) and a value of type [org.springframework.security.context.SecurityContextImpl] (value [org.springframework.security.context.SecurityContextImpl@ffffffff: Null authentication]) but failed to remove it when the web application was stopped. This is very likely to create a memory leak.
Sep 02, 2014 8:39:01 PM org.apache.catalina.loader.WebappClassLoader checkThreadLocalMapForLeaks
SEVERE: The web application [/pentaho] created a ThreadLocal with key of type [org.glassfish.gmbal.generic.OperationTracer$1] (value [org.glassfish.gmbal.generic.OperationTracer$1@f23d837]) and a value of type [java.util.ArrayList] (value [[]]) but failed to remove it when the web application was stopped. This is very likely to create a memory leak.
Sep 02, 2014 8:39:01 PM org.apache.catalina.loader.WebappClassLoader checkThreadLocalMapForLeaks
SEVERE: The web application [/pentaho] created a ThreadLocal with key of type [com.sun.xml.bind.v2.runtime.Coordinator$1] (value [com.sun.xml.bind.v2.runtime.Coordinator$1@293261b5]) and a value of type [java.lang.Object[]] (value [[Ljava.lang.Object;@7a480aa4]) but failed to remove it when the web application was stopped. This is very likely to create a memory leak.
Sep 02, 2014 8:39:01 PM org.apache.catalina.loader.WebappClassLoader checkThreadLocalMapForLeaks
SEVERE: The web application [/pentaho] created a ThreadLocal with key of type [com.sun.xml.bind.v2.ClassFactory$1] (value [com.sun.xml.bind.v2.ClassFactory$1@4d05c52b]) and a value of type [java.util.WeakHashMap] (value [{class com.sun.xml.ws.runtime.config.Tubelines=java.lang.ref.WeakReference@fb2d3b4, class com.sun.xml.ws.runtime.config.TubelineDefinition=java.lang.ref.WeakReference@2568d679, class com.sun.xml.ws.runtime.config.TubeFactoryList=java.lang.ref.WeakReference@5d8b51f, class javax.xml.bind.annotation.W3CDomHandler=java.lang.ref.WeakReference@565b0938, class java.util.ArrayList=java.lang.ref.WeakReference@72ba67d2, class com.sun.xml.ws.runtime.config.TubeFactoryConfig=java.lang.ref.WeakReference@2bf646d6, class javax.xml.bind.annotation.adapters.CollapsedStringAdapter=java.lang.ref.WeakReference@35a4a226, class com.sun.xml.ws.runtime.config.MetroConfig=java.lang.ref.WeakReference@4b91884d}]) but failed to remove it when the web application was stopped. This is very likely to create a memory leak.
Sep 02, 2014 8:39:01 PM org.apache.catalina.loader.WebappClassLoader checkThreadLocalMapForLeaks
SEVERE: The web application [/pentaho] created a ThreadLocal with key of type [com.sun.xml.bind.v2.runtime.Coordinator$1] (value [com.sun.xml.bind.v2.runtime.Coordinator$1@293261b5]) and a value of type [java.lang.Object[]] (value [[Ljava.lang.Object;@3f8b9dfd]) but failed to remove it when the web application was stopped. This is very likely to create a memory leak.
Sep 02, 2014 8:39:01 PM org.apache.catalina.loader.WebappClassLoader checkThreadLocalMapForLeaks
SEVERE: The web application [/pentaho] created a ThreadLocal with key of type [com.sun.xml.bind.v2.runtime.Coordinator$1] (value [com.sun.xml.bind.v2.runtime.Coordinator$1@293261b5]) and a value of type [java.lang.Object[]] (value [[Ljava.lang.Object;@67316da2]) but failed to remove it when the web application was stopped. This is very likely to create a memory leak.
Sep 02, 2014 8:39:01 PM org.apache.catalina.loader.WebappClassLoader checkThreadLocalMapForLeaks
SEVERE: The web application [/pentaho] created a ThreadLocal with key of type [com.sun.xml.bind.v2.ClassFactory$1] (value [com.sun.xml.bind.v2.ClassFactory$1@4d05c52b]) and a value of type [java.util.WeakHashMap] (value [{class org.pentaho.platform.repository2.unified.webservices.DateAdapter=java.lang.ref.WeakReference@5e14db9b}]) but failed to remove it when the web application was stopped. This is very likely to create a memory leak.
Sep 02, 2014 8:39:01 PM org.apache.catalina.loader.WebappClassLoader checkThreadLocalMapForLeaks
SEVERE: The web application [/pentaho] created a ThreadLocal with key of type [com.sun.xml.bind.v2.runtime.Coordinator$1] (value [com.sun.xml.bind.v2.runtime.Coordinator$1@293261b5]) and a value of type [java.lang.Object[]] (value [[Ljava.lang.Object;@2b5dcd5e]) but failed to remove it when the web application was stopped. This is very likely to create a memory leak.
Sep 02, 2014 8:39:01 PM org.apache.catalina.loader.WebappClassLoader checkThreadLocalMapForLeaks
SEVERE: The web application [/pentaho] created a ThreadLocal with key of type [java.lang.InheritableThreadLocal] (value [java.lang.InheritableThreadLocal@1b55ec90]) and a value of type [org.pentaho.platform.engine.core.system.BasePentahoRequestContext] (value [org.pentaho.platform.engine.core.system.BasePentahoRequestContext@261deff5]) but failed to remove it when the web application was stopped. This is very likely to create a memory leak.
Sep 02, 2014 8:39:01 PM org.apache.catalina.loader.WebappClassLoader checkThreadLocalMapForLeaks
SEVERE: The web application [/pentaho] created a ThreadLocal with key of type [java.lang.InheritableThreadLocal] (value [java.lang.InheritableThreadLocal@7c65bf14]) and a value of type [org.springframework.security.context.SecurityContextImpl] (value [org.springframework.security.context.SecurityContextImpl@240553fd: Authentication: org.springframework.security.providers.UsernamePasswordAuthenticationToken@240553fd: Principal: org.springframework.security.userdetails.User@0: Username: admin; Password: [PROTECTED]; Enabled: true; AccountNonExpired: true; credentialsNonExpired: true; AccountNonLocked: true; Granted Authorities: Administrator, Authenticated; Password: [PROTECTED]; Authenticated: true; Details: org.springframework.security.ui.WebAuthenticationDetails@0: RemoteIpAddress: 127.0.0.1; SessionId: 31160BA2D31EF682A92501B2B84D137C; Granted Authorities: Administrator, Authenticated]) but failed to remove it when the web application was stopped. This is very likely to create a memory leak.
Sep 02, 2014 8:39:01 PM org.apache.catalina.loader.WebappClassLoader checkThreadLocalMapForLeaks
SEVERE: The web application [/pentaho] created a ThreadLocal with key of type [java.lang.InheritableThreadLocal] (value [java.lang.InheritableThreadLocal@7be3f9d9]) and a value of type [org.pentaho.platform.web.http.session.PentahoHttpSession] (value [org.pentaho.platform.web.http.session.PentahoHttpSession@e4fb275]) but failed to remove it when the web application was stopped. This is very likely to create a memory leak.
Sep 02, 2014 8:39:01 PM org.apache.catalina.loader.WebappClassLoader checkThreadLocalMapForLeaks
SEVERE: The web application [/pentaho] created a ThreadLocal with key of type [java.lang.InheritableThreadLocal] (value [java.lang.InheritableThreadLocal@1b55ec90]) and a value of type [org.pentaho.platform.engine.core.system.BasePentahoRequestContext] (value [org.pentaho.platform.engine.core.system.BasePentahoRequestContext@261deff5]) but failed to remove it when the web application was stopped. This is very likely to create a memory leak.
Sep 02, 2014 8:39:01 PM org.apache.catalina.loader.WebappClassLoader checkThreadLocalMapForLeaks
SEVERE: The web application [/pentaho] created a ThreadLocal with key of type [java.lang.InheritableThreadLocal] (value [java.lang.InheritableThreadLocal@7c65bf14]) and a value of type [org.springframework.security.context.SecurityContextImpl] (value [org.springframework.security.context.SecurityContextImpl@240553fd: Authentication: org.springframework.security.providers.UsernamePasswordAuthenticationToken@240553fd: Principal: org.springframework.security.userdetails.User@0: Username: admin; Password: [PROTECTED]; Enabled: true; AccountNonExpired: true; credentialsNonExpired: true; AccountNonLocked: true; Granted Authorities: Administrator, Authenticated; Password: [PROTECTED]; Authenticated: true; Details: org.springframework.security.ui.WebAuthenticationDetails@0: RemoteIpAddress: 127.0.0.1; SessionId: 31160BA2D31EF682A92501B2B84D137C; Granted Authorities: Administrator, Authenticated]) but failed to remove it when the web application was stopped. This is very likely to create a memory leak.
Sep 02, 2014 8:39:01 PM org.apache.catalina.loader.WebappClassLoader checkThreadLocalMapForLeaks
SEVERE: The web application [/pentaho] created a ThreadLocal with key of type [java.lang.InheritableThreadLocal] (value [java.lang.InheritableThreadLocal@7be3f9d9]) and a value of type [org.pentaho.platform.web.http.session.PentahoHttpSession] (value [org.pentaho.platform.web.http.session.PentahoHttpSession@e4fb275]) but failed to remove it when the web application was stopped. This is very likely to create a memory leak.
Sep 02, 2014 8:39:01 PM org.apache.catalina.loader.WebappClassLoader checkThreadLocalMapForLeaks
SEVERE: The web application [/pentaho] created a ThreadLocal with key of type [java.lang.InheritableThreadLocal] (value [java.lang.InheritableThreadLocal@1b55ec90]) and a value of type [org.pentaho.platform.engine.core.system.BasePentahoRequestContext] (value [org.pentaho.platform.engine.core.system.BasePentahoRequestContext@261deff5]) but failed to remove it when the web application was stopped. This is very likely to create a memory leak.
Sep 02, 2014 8:39:01 PM org.apache.catalina.loader.WebappClassLoader checkThreadLocalMapForLeaks
SEVERE: The web application [/pentaho] created a ThreadLocal with key of type [java.lang.InheritableThreadLocal] (value [java.lang.InheritableThreadLocal@7c65bf14]) and a value of type [org.springframework.security.context.SecurityContextImpl] (value [org.springframework.security.context.SecurityContextImpl@240553fd: Authentication: org.springframework.security.providers.UsernamePasswordAuthenticationToken@240553fd: Principal: org.springframework.security.userdetails.User@0: Username: admin; Password: [PROTECTED]; Enabled: true; AccountNonExpired: true; credentialsNonExpired: true; AccountNonLocked: true; Granted Authorities: Administrator, Authenticated; Password: [PROTECTED]; Authenticated: true; Details: org.springframework.security.ui.WebAuthenticationDetails@0: RemoteIpAddress: 127.0.0.1; SessionId: 31160BA2D31EF682A92501B2B84D137C; Granted Authorities: Administrator, Authenticated]) but failed to remove it when the web application was stopped. This is very likely to create a memory leak.
Sep 02, 2014 8:39:01 PM org.apache.catalina.loader.WebappClassLoader checkThreadLocalMapForLeaks
SEVERE: The web application [/pentaho] created a ThreadLocal with key of type [java.lang.InheritableThreadLocal] (value [java.lang.InheritableThreadLocal@7be3f9d9]) and a value of type [org.pentaho.platform.web.http.session.PentahoHttpSession] (value [org.pentaho.platform.web.http.session.PentahoHttpSession@e4fb275]) but failed to remove it when the web application was stopped. This is very likely to create a memory leak.
Sep 02, 2014 8:39:01 PM org.apache.catalina.loader.WebappClassLoader checkThreadLocalMapForLeaks
SEVERE: The web application [/pentaho] created a ThreadLocal with key of type [java.lang.InheritableThreadLocal] (value [java.lang.InheritableThreadLocal@1b55ec90]) and a value of type [org.pentaho.platform.engine.core.system.BasePentahoRequestContext] (value [org.pentaho.platform.engine.core.system.BasePentahoRequestContext@261deff5]) but failed to remove it when the web application was stopped. This is very likely to create a memory leak.
Sep 02, 2014 8:39:01 PM org.apache.catalina.loader.WebappClassLoader checkThreadLocalMapForLeaks
SEVERE: The web application [/pentaho] created a ThreadLocal with key of type [java.lang.InheritableThreadLocal] (value [java.lang.InheritableThreadLocal@7c65bf14]) and a value of type [org.springframework.security.context.SecurityContextImpl] (value [org.springframework.security.context.SecurityContextImpl@240553fd: Authentication: org.springframework.security.providers.UsernamePasswordAuthenticationToken@240553fd: Principal: org.springframework.security.userdetails.User@0: Username: admin; Password: [PROTECTED]; Enabled: true; AccountNonExpired: true; credentialsNonExpired: true; AccountNonLocked: true; Granted Authorities: Administrator, Authenticated; Password: [PROTECTED]; Authenticated: true; Details: org.springframework.security.ui.WebAuthenticationDetails@0: RemoteIpAddress: 127.0.0.1; SessionId: 31160BA2D31EF682A92501B2B84D137C; Granted Authorities: Administrator, Authenticated]) but failed to remove it when the web application was stopped. This is very likely to create a memory leak.
Sep 02, 2014 8:39:01 PM org.apache.catalina.loader.WebappClassLoader checkThreadLocalMapForLeaks
SEVERE: The web application [/pentaho] created a ThreadLocal with key of type [java.lang.InheritableThreadLocal] (value [java.lang.InheritableThreadLocal@7be3f9d9]) and a value of type [org.pentaho.platform.web.http.session.PentahoHttpSession] (value [org.pentaho.platform.web.http.session.PentahoHttpSession@e4fb275]) but failed to remove it when the web application was stopped. This is very likely to create a memory leak.
Sep 02, 2014 8:39:01 PM org.apache.catalina.loader.WebappClassLoader checkThreadLocalMapForLeaks
SEVERE: The web application [/pentaho] created a ThreadLocal with key of type [java.lang.InheritableThreadLocal] (value [java.lang.InheritableThreadLocal@1b55ec90]) and a value of type [org.pentaho.platform.engine.core.system.BasePentahoRequestContext] (value [org.pentaho.platform.engine.core.system.BasePentahoRequestContext@261deff5]) but failed to remove it when the web application was stopped. This is very likely to create a memory leak.
Sep 02, 2014 8:39:01 PM org.apache.catalina.loader.WebappClassLoader checkThreadLocalMapForLeaks
SEVERE: The web application [/pentaho] created a ThreadLocal with key of type [java.lang.InheritableThreadLocal] (value [java.lang.InheritableThreadLocal@7c65bf14]) and a value of type [org.springframework.security.context.SecurityContextImpl] (value [org.springframework.security.context.SecurityContextImpl@240553fd: Authentication: org.springframework.security.providers.UsernamePasswordAuthenticationToken@240553fd: Principal: org.springframework.security.userdetails.User@0: Username: admin; Password: [PROTECTED]; Enabled: true; AccountNonExpired: true; credentialsNonExpired: true; AccountNonLocked: true; Granted Authorities: Administrator, Authenticated; Password: [PROTECTED]; Authenticated: true; Details: org.springframework.security.ui.WebAuthenticationDetails@0: RemoteIpAddress: 127.0.0.1; SessionId: 31160BA2D31EF682A92501B2B84D137C; Granted Authorities: Administrator, Authenticated]) but failed to remove it when the web application was stopped. This is very likely to create a memory leak.
Sep 02, 2014 8:39:01 PM org.apache.catalina.loader.WebappClassLoader checkThreadLocalMapForLeaks
SEVERE: The web application [/pentaho] created a ThreadLocal with key of type [java.lang.InheritableThreadLocal] (value [java.lang.InheritableThreadLocal@7be3f9d9]) and a value of type [org.pentaho.platform.web.http.session.PentahoHttpSession] (value [org.pentaho.platform.web.http.session.PentahoHttpSession@e4fb275]) but failed to remove it when the web application was stopped. This is very likely to create a memory leak.
Sep 02, 2014 8:39:01 PM org.apache.catalina.loader.WebappClassLoader checkThreadLocalMapForLeaks
SEVERE: The web application [/pentaho] created a ThreadLocal with key of type [java.lang.InheritableThreadLocal] (value [java.lang.InheritableThreadLocal@1b55ec90]) and a value of type [org.pentaho.platform.engine.core.system.BasePentahoRequestContext] (value [org.pentaho.platform.engine.core.system.BasePentahoRequestContext@261deff5]) but failed to remove it when the web application was stopped. This is very likely to create a memory leak.
Sep 02, 2014 8:39:01 PM org.apache.catalina.loader.WebappClassLoader checkThreadLocalMapForLeaks
SEVERE: The web application [/pentaho] created a ThreadLocal with key of type [java.lang.InheritableThreadLocal] (value [java.lang.InheritableThreadLocal@7c65bf14]) and a value of type [org.springframework.security.context.SecurityContextImpl] (value [org.springframework.security.context.SecurityContextImpl@240553fd: Authentication: org.springframework.security.providers.UsernamePasswordAuthenticationToken@240553fd: Principal: org.springframework.security.userdetails.User@0: Username: admin; Password: [PROTECTED]; Enabled: true; AccountNonExpired: true; credentialsNonExpired: true; AccountNonLocked: true; Granted Authorities: Administrator, Authenticated; Password: [PROTECTED]; Authenticated: true; Details: org.springframework.security.ui.WebAuthenticationDetails@0: RemoteIpAddress: 127.0.0.1; SessionId: 31160BA2D31EF682A92501B2B84D137C; Granted Authorities: Administrator, Authenticated]) but failed to remove it when the web application was stopped. This is very likely to create a memory leak.
Sep 02, 2014 8:39:02 PM org.apache.catalina.loader.WebappClassLoader checkThreadLocalMapForLeaks
SEVERE: The web application [/pentaho] created a ThreadLocal with key of type [java.lang.InheritableThreadLocal] (value [java.lang.InheritableThreadLocal@7be3f9d9]) and a value of type [org.pentaho.platform.web.http.session.PentahoHttpSession] (value [org.pentaho.platform.web.http.session.PentahoHttpSession@e4fb275]) but failed to remove it when the web application was stopped. This is very likely to create a memory leak.
Sep 02, 2014 8:39:04 PM org.apache.coyote.http11.Http11Protocol destroy
INFO: Stopping Coyote HTTP/1.1 on http-8080
