2014/08/30 16:58:30	Global startup actions	admin	/public/bi-developers/Secure/global-department-list.xaction	org.pentaho.platform.engine.services.solution.SolutionEngine	admin	instance_start	03b1ac27-3080-11e4-a6bd-881fa1026572			0.0
2014/08/30 16:58:30	Global startup actions	03b1ac27-3080-11e4-a6bd-881fa1026572	global-department-list.xaction	org.pentaho.platform.engine.services.runtime.RuntimeContext	admin	action_sequence_start	start			0.0
2014/08/30 16:58:30	Global startup actions	03b1ac27-3080-11e4-a6bd-881fa1026572	global-department-list.xaction	SQLLookupRule	admin	component_execution_start	start			0.0
2014/08/30 16:58:30	Global startup actions	03b1ac27-3080-11e4-a6bd-881fa1026572	global-department-list.xaction	org.pentaho.platform.engine.services.runtime.RuntimeContext	admin	action_sequence_failed	execution			0.2759999930858612
2014/08/30 16:58:30	Global startup actions	admin	/public/bi-developers/Secure/global-department-list.xaction	org.pentaho.platform.engine.services.solution.SolutionEngine	admin	instance_failed	03b1ac27-3080-11e4-a6bd-881fa1026572			0.49799999594688416
2014/08/30 16:58:56		131DF5D4F1271ADEC94327BAC1543FC6		org.pentaho.platform.web.http.session.PentahoHttpSession	admin	session_start				0.0
2014/08/30 16:58:56	Session startup actions	admin	/public/bi-developers/rules/session-region-list.xaction	org.pentaho.platform.engine.services.solution.SolutionEngine	admin	instance_start	1312e5d8-3080-11e4-a6bd-881fa1026572			0.0
2014/08/30 16:58:56	Session startup actions	1312e5d8-3080-11e4-a6bd-881fa1026572	session-region-list.xaction	org.pentaho.platform.engine.services.runtime.RuntimeContext	admin	action_sequence_start	start			0.0
2014/08/30 16:58:56	Session startup actions	1312e5d8-3080-11e4-a6bd-881fa1026572	session-region-list.xaction	JavascriptRule	admin	component_execution_start	start			0.0
2014/08/30 16:58:56	Session startup actions	1312e5d8-3080-11e4-a6bd-881fa1026572	session-region-list.xaction	JavascriptRule	admin	component_execution_end	end			0.25200000405311584
2014/08/30 16:58:56	Session startup actions	1312e5d8-3080-11e4-a6bd-881fa1026572	session-region-list.xaction	org.pentaho.platform.engine.services.runtime.RuntimeContext	admin	action_sequence_end	end			0.2529999911785126
2014/08/30 16:58:56	Session startup actions	admin	/public/bi-developers/rules/session-region-list.xaction	org.pentaho.platform.engine.services.solution.SolutionEngine	admin	instance_end	1312e5d8-3080-11e4-a6bd-881fa1026572			0.4480000138282776
2014/08/30 16:58:56	Session startup actions	131DF5D4F1271ADEC94327BAC1543FC6	/public/bi-developers/rules/session-region-list.xaction	org.pentaho.platform.engine.services.solution.SolutionEngine	admin	instance_start	13578ff9-3080-11e4-a6bd-881fa1026572			0.0
2014/08/30 16:58:56	Session startup actions	13578ff9-3080-11e4-a6bd-881fa1026572	session-region-list.xaction	org.pentaho.platform.engine.services.runtime.RuntimeContext	admin	action_sequence_start	start			0.0
2014/08/30 16:58:56	Session startup actions	13578ff9-3080-11e4-a6bd-881fa1026572	session-region-list.xaction	JavascriptRule	admin	component_execution_start	start			0.0
2014/08/30 16:58:56	Session startup actions	13578ff9-3080-11e4-a6bd-881fa1026572	session-region-list.xaction	JavascriptRule	admin	component_execution_end	end			0.010999999940395355
2014/08/30 16:58:56	Session startup actions	13578ff9-3080-11e4-a6bd-881fa1026572	session-region-list.xaction	org.pentaho.platform.engine.services.runtime.RuntimeContext	admin	action_sequence_end	end			0.010999999940395355
2014/08/30 16:58:56	Session startup actions	131DF5D4F1271ADEC94327BAC1543FC6	/public/bi-developers/rules/session-region-list.xaction	org.pentaho.platform.engine.services.solution.SolutionEngine	admin	instance_end	13578ff9-3080-11e4-a6bd-881fa1026572			0.20900000631809235
2014/08/30 16:58:56	Session startup actions	admin	/public/bi-developers/rules/session-region-list.xaction	org.pentaho.platform.engine.services.solution.SolutionEngine	admin	instance_start	1378d39a-3080-11e4-a6bd-881fa1026572			0.0
2014/08/30 16:58:57	Session startup actions	1378d39a-3080-11e4-a6bd-881fa1026572	session-region-list.xaction	org.pentaho.platform.engine.services.runtime.RuntimeContext	admin	action_sequence_start	start			0.0
2014/08/30 16:58:57	Session startup actions	1378d39a-3080-11e4-a6bd-881fa1026572	session-region-list.xaction	JavascriptRule	admin	component_execution_start	start			0.0
2014/08/30 16:58:57	Session startup actions	1378d39a-3080-11e4-a6bd-881fa1026572	session-region-list.xaction	JavascriptRule	admin	component_execution_end	end			0.008999999612569809
2014/08/30 16:58:57	Session startup actions	1378d39a-3080-11e4-a6bd-881fa1026572	session-region-list.xaction	org.pentaho.platform.engine.services.runtime.RuntimeContext	admin	action_sequence_end	end			0.008999999612569809
2014/08/30 16:58:57	Session startup actions	admin	/public/bi-developers/rules/session-region-list.xaction	org.pentaho.platform.engine.services.solution.SolutionEngine	admin	instance_end	1378d39a-3080-11e4-a6bd-881fa1026572			0.17499999701976776
2014/08/30 17:03:24		131DF5D4F1271ADEC94327BAC1543FC6	/public/bi-developers/rules/session-region-list.xaction	org.pentaho.platform.web.http.session.PentahoHttpSession	admin	session_end				268.5329895019531
2014/08/30 17:06:50	Global startup actions	admin	/public/bi-developers/Secure/global-department-list.xaction	org.pentaho.platform.engine.services.solution.SolutionEngine	admin	instance_start	2dac52d6-3081-11e4-ab9a-881fa1026572			0.0
2014/08/30 17:06:51	Global startup actions	2dac52d6-3081-11e4-ab9a-881fa1026572	global-department-list.xaction	org.pentaho.platform.engine.services.runtime.RuntimeContext	admin	action_sequence_start	start			0.0
2014/08/30 17:06:51	Global startup actions	2dac52d6-3081-11e4-ab9a-881fa1026572	global-department-list.xaction	SQLLookupRule	admin	component_execution_start	start			0.0
2014/08/30 17:06:52	Global startup actions	2dac52d6-3081-11e4-ab9a-881fa1026572	global-department-list.xaction	org.pentaho.platform.engine.services.runtime.RuntimeContext	admin	action_sequence_failed	execution			0.4449999928474426
2014/08/30 17:06:52	Global startup actions	admin	/public/bi-developers/Secure/global-department-list.xaction	org.pentaho.platform.engine.services.solution.SolutionEngine	admin	instance_failed	2dac52d6-3081-11e4-ab9a-881fa1026572			1.9429999589920044
2014/08/30 17:08:17	Global startup actions	admin	/public/bi-developers/Secure/global-department-list.xaction	org.pentaho.platform.engine.services.solution.SolutionEngine	admin	instance_start	61ab542c-3081-11e4-9116-881fa1026572			0.0
2014/08/30 17:08:19	Global startup actions	61ab542c-3081-11e4-9116-881fa1026572	global-department-list.xaction	org.pentaho.platform.engine.services.runtime.RuntimeContext	admin	action_sequence_start	start			0.0
2014/08/30 17:08:19	Global startup actions	61ab542c-3081-11e4-9116-881fa1026572	global-department-list.xaction	SQLLookupRule	admin	component_execution_start	start			0.0
2014/08/30 17:08:19	Global startup actions	61ab542c-3081-11e4-9116-881fa1026572	global-department-list.xaction	org.pentaho.platform.engine.services.runtime.RuntimeContext	admin	action_sequence_failed	execution			0.41499999165534973
2014/08/30 17:08:19	Global startup actions	admin	/public/bi-developers/Secure/global-department-list.xaction	org.pentaho.platform.engine.services.solution.SolutionEngine	admin	instance_failed	61ab542c-3081-11e4-9116-881fa1026572			1.9079999923706055
2014/08/30 17:08:36		56EF1DEA632F2AD08DD13720D356BDDD		org.pentaho.platform.web.http.session.PentahoHttpSession	admin	session_start				0.0
2014/08/30 17:08:36	Session startup actions	admin	/public/bi-developers/rules/session-region-list.xaction	org.pentaho.platform.engine.services.solution.SolutionEngine	admin	instance_start	6cc8065d-3081-11e4-9116-881fa1026572			0.0
2014/08/30 17:08:36	Session startup actions	6cc8065d-3081-11e4-9116-881fa1026572	session-region-list.xaction	org.pentaho.platform.engine.services.runtime.RuntimeContext	admin	action_sequence_start	start			0.0
2014/08/30 17:08:36	Session startup actions	6cc8065d-3081-11e4-9116-881fa1026572	session-region-list.xaction	JavascriptRule	admin	component_execution_start	start			0.0
2014/08/30 17:08:37	Session startup actions	6cc8065d-3081-11e4-9116-881fa1026572	session-region-list.xaction	JavascriptRule	admin	component_execution_end	end			0.2070000022649765
2014/08/30 17:08:37	Session startup actions	6cc8065d-3081-11e4-9116-881fa1026572	session-region-list.xaction	org.pentaho.platform.engine.services.runtime.RuntimeContext	admin	action_sequence_end	end			0.20800000429153442
2014/08/30 17:08:37	Session startup actions	admin	/public/bi-developers/rules/session-region-list.xaction	org.pentaho.platform.engine.services.solution.SolutionEngine	admin	instance_end	6cc8065d-3081-11e4-9116-881fa1026572			0.9070000052452087
2014/08/30 17:08:37	Session startup actions	56EF1DEA632F2AD08DD13720D356BDDD	/public/bi-developers/rules/session-region-list.xaction	org.pentaho.platform.engine.services.solution.SolutionEngine	admin	instance_start	6d52ba2e-3081-11e4-9116-881fa1026572			0.0
2014/08/30 17:08:37	Session startup actions	6d52ba2e-3081-11e4-9116-881fa1026572	session-region-list.xaction	org.pentaho.platform.engine.services.runtime.RuntimeContext	admin	action_sequence_start	start			0.0
2014/08/30 17:08:37	Session startup actions	6d52ba2e-3081-11e4-9116-881fa1026572	session-region-list.xaction	JavascriptRule	admin	component_execution_start	start			0.0
2014/08/30 17:08:37	Session startup actions	6d52ba2e-3081-11e4-9116-881fa1026572	session-region-list.xaction	JavascriptRule	admin	component_execution_end	end			0.00800000037997961
2014/08/30 17:08:37	Session startup actions	6d52ba2e-3081-11e4-9116-881fa1026572	session-region-list.xaction	org.pentaho.platform.engine.services.runtime.RuntimeContext	admin	action_sequence_end	end			0.00800000037997961
2014/08/30 17:08:37	Session startup actions	56EF1DEA632F2AD08DD13720D356BDDD	/public/bi-developers/rules/session-region-list.xaction	org.pentaho.platform.engine.services.solution.SolutionEngine	admin	instance_end	6d52ba2e-3081-11e4-9116-881fa1026572			0.44699999690055847
2014/08/30 17:08:37	Session startup actions	admin	/public/bi-developers/rules/session-region-list.xaction	org.pentaho.platform.engine.services.solution.SolutionEngine	admin	instance_start	6d99d54f-3081-11e4-9116-881fa1026572			0.0
2014/08/30 17:08:37	Session startup actions	6d99d54f-3081-11e4-9116-881fa1026572	session-region-list.xaction	org.pentaho.platform.engine.services.runtime.RuntimeContext	admin	action_sequence_start	start			0.0
2014/08/30 17:08:37	Session startup actions	6d99d54f-3081-11e4-9116-881fa1026572	session-region-list.xaction	JavascriptRule	admin	component_execution_start	start			0.0
2014/08/30 17:08:37	Session startup actions	6d99d54f-3081-11e4-9116-881fa1026572	session-region-list.xaction	JavascriptRule	admin	component_execution_end	end			0.007000000216066837
2014/08/30 17:08:37	Session startup actions	6d99d54f-3081-11e4-9116-881fa1026572	session-region-list.xaction	org.pentaho.platform.engine.services.runtime.RuntimeContext	admin	action_sequence_end	end			0.00800000037997961
2014/08/30 17:08:37	Session startup actions	admin	/public/bi-developers/rules/session-region-list.xaction	org.pentaho.platform.engine.services.solution.SolutionEngine	admin	instance_end	6d99d54f-3081-11e4-9116-881fa1026572			0.41999998688697815
2014/08/30 17:21:04		56EF1DEA632F2AD08DD13720D356BDDD	/public/bi-developers/rules/session-region-list.xaction	org.pentaho.platform.web.http.session.PentahoHttpSession	admin	session_end				748.5700073242188
2014/08/30 17:21:20	Global startup actions	admin	/public/bi-developers/Secure/global-department-list.xaction	org.pentaho.platform.engine.services.solution.SolutionEngine	admin	instance_start	343958d1-3083-11e4-980a-881fa1026572			0.0
2014/08/30 17:21:21	Global startup actions	343958d1-3083-11e4-980a-881fa1026572	global-department-list.xaction	org.pentaho.platform.engine.services.runtime.RuntimeContext	admin	action_sequence_start	start			0.0
2014/08/30 17:21:21	Global startup actions	343958d1-3083-11e4-980a-881fa1026572	global-department-list.xaction	SQLLookupRule	admin	component_execution_start	start			0.0
2014/08/30 17:21:22	Global startup actions	343958d1-3083-11e4-980a-881fa1026572	global-department-list.xaction	org.pentaho.platform.engine.services.runtime.RuntimeContext	admin	action_sequence_failed	execution			0.3709999918937683
2014/08/30 17:21:22	Global startup actions	admin	/public/bi-developers/Secure/global-department-list.xaction	org.pentaho.platform.engine.services.solution.SolutionEngine	admin	instance_failed	343958d1-3083-11e4-980a-881fa1026572			1.7300000190734863
2014/08/30 17:22:07	Global startup actions	admin	/public/bi-developers/Secure/global-department-list.xaction	org.pentaho.platform.engine.services.solution.SolutionEngine	admin	instance_start	502aaad7-3083-11e4-8ee5-881fa1026572			0.0
2014/08/30 17:22:08	Global startup actions	502aaad7-3083-11e4-8ee5-881fa1026572	global-department-list.xaction	org.pentaho.platform.engine.services.runtime.RuntimeContext	admin	action_sequence_start	start			0.0
2014/08/30 17:22:08	Global startup actions	502aaad7-3083-11e4-8ee5-881fa1026572	global-department-list.xaction	SQLLookupRule	admin	component_execution_start	start			0.0
2014/08/30 17:22:09	Global startup actions	502aaad7-3083-11e4-8ee5-881fa1026572	global-department-list.xaction	org.pentaho.platform.engine.services.runtime.RuntimeContext	admin	action_sequence_failed	execution			0.4090000092983246
2014/08/30 17:22:09	Global startup actions	admin	/public/bi-developers/Secure/global-department-list.xaction	org.pentaho.platform.engine.services.solution.SolutionEngine	admin	instance_failed	502aaad7-3083-11e4-8ee5-881fa1026572			1.944000005722046
2014/08/30 17:23:22		57CFE6705B33B7EE492775E139AFBBCA		org.pentaho.platform.web.http.session.PentahoHttpSession	admin	session_start				0.0
2014/08/30 17:23:22	Session startup actions	admin	/public/bi-developers/rules/session-region-list.xaction	org.pentaho.platform.engine.services.solution.SolutionEngine	admin	instance_start	7cea8228-3083-11e4-8ee5-881fa1026572			0.0
2014/08/30 17:23:22	Session startup actions	7cea8228-3083-11e4-8ee5-881fa1026572	session-region-list.xaction	org.pentaho.platform.engine.services.runtime.RuntimeContext	admin	action_sequence_start	start			0.0
2014/08/30 17:23:22	Session startup actions	7cea8228-3083-11e4-8ee5-881fa1026572	session-region-list.xaction	JavascriptRule	admin	component_execution_start	start			0.0
2014/08/30 17:23:23	Session startup actions	7cea8228-3083-11e4-8ee5-881fa1026572	session-region-list.xaction	JavascriptRule	admin	component_execution_end	end			0.20399999618530273
2014/08/30 17:23:23	Session startup actions	7cea8228-3083-11e4-8ee5-881fa1026572	session-region-list.xaction	org.pentaho.platform.engine.services.runtime.RuntimeContext	admin	action_sequence_end	end			0.20399999618530273
2014/08/30 17:23:23	Session startup actions	admin	/public/bi-developers/rules/session-region-list.xaction	org.pentaho.platform.engine.services.solution.SolutionEngine	admin	instance_end	7cea8228-3083-11e4-8ee5-881fa1026572			0.7900000214576721
2014/08/30 17:23:23	Session startup actions	57CFE6705B33B7EE492775E139AFBBCA	/public/bi-developers/rules/session-region-list.xaction	org.pentaho.platform.engine.services.solution.SolutionEngine	admin	instance_start	7d635ba9-3083-11e4-8ee5-881fa1026572			0.0
2014/08/30 17:23:23	Session startup actions	7d635ba9-3083-11e4-8ee5-881fa1026572	session-region-list.xaction	org.pentaho.platform.engine.services.runtime.RuntimeContext	admin	action_sequence_start	start			0.0
2014/08/30 17:23:23	Session startup actions	7d635ba9-3083-11e4-8ee5-881fa1026572	session-region-list.xaction	JavascriptRule	admin	component_execution_start	start			0.0
2014/08/30 17:23:23	Session startup actions	7d635ba9-3083-11e4-8ee5-881fa1026572	session-region-list.xaction	JavascriptRule	admin	component_execution_end	end			0.00800000037997961
2014/08/30 17:23:23	Session startup actions	7d635ba9-3083-11e4-8ee5-881fa1026572	session-region-list.xaction	org.pentaho.platform.engine.services.runtime.RuntimeContext	admin	action_sequence_end	end			0.008999999612569809
2014/08/30 17:23:23	Session startup actions	57CFE6705B33B7EE492775E139AFBBCA	/public/bi-developers/rules/session-region-list.xaction	org.pentaho.platform.engine.services.solution.SolutionEngine	admin	instance_end	7d635ba9-3083-11e4-8ee5-881fa1026572			0.4410000145435333
2014/08/30 17:23:23	Session startup actions	admin	/public/bi-developers/rules/session-region-list.xaction	org.pentaho.platform.engine.services.solution.SolutionEngine	admin	instance_start	7da8f02a-3083-11e4-8ee5-881fa1026572			0.0
2014/08/30 17:23:23	Session startup actions	7da8f02a-3083-11e4-8ee5-881fa1026572	session-region-list.xaction	org.pentaho.platform.engine.services.runtime.RuntimeContext	admin	action_sequence_start	start			0.0
2014/08/30 17:23:23	Session startup actions	7da8f02a-3083-11e4-8ee5-881fa1026572	session-region-list.xaction	JavascriptRule	admin	component_execution_start	start			0.0
2014/08/30 17:23:23	Session startup actions	7da8f02a-3083-11e4-8ee5-881fa1026572	session-region-list.xaction	JavascriptRule	admin	component_execution_end	end			0.00800000037997961
2014/08/30 17:23:23	Session startup actions	7da8f02a-3083-11e4-8ee5-881fa1026572	session-region-list.xaction	org.pentaho.platform.engine.services.runtime.RuntimeContext	admin	action_sequence_end	end			0.008999999612569809
2014/08/30 17:23:23	Session startup actions	admin	/public/bi-developers/rules/session-region-list.xaction	org.pentaho.platform.engine.services.solution.SolutionEngine	admin	instance_end	7da8f02a-3083-11e4-8ee5-881fa1026572			0.44999998807907104
2014/08/30 17:33:27		57CFE6705B33B7EE492775E139AFBBCA	/public/bi-developers/rules/session-region-list.xaction	org.pentaho.platform.web.http.session.PentahoHttpSession	admin	session_end				605.5850219726562
2014/08/30 17:33:51	Global startup actions	admin	/public/bi-developers/Secure/global-department-list.xaction	org.pentaho.platform.engine.services.solution.SolutionEngine	admin	instance_start	f411059e-3084-11e4-b661-881fa1026572			0.0
2014/08/30 17:33:53	Global startup actions	f411059e-3084-11e4-b661-881fa1026572	global-department-list.xaction	org.pentaho.platform.engine.services.runtime.RuntimeContext	admin	action_sequence_start	start			0.0
2014/08/30 17:33:53	Global startup actions	f411059e-3084-11e4-b661-881fa1026572	global-department-list.xaction	SQLLookupRule	admin	component_execution_start	start			0.0
2014/08/30 17:33:53	Global startup actions	f411059e-3084-11e4-b661-881fa1026572	global-department-list.xaction	org.pentaho.platform.engine.services.runtime.RuntimeContext	admin	action_sequence_failed	execution			0.3700000047683716
2014/08/30 17:33:53	Global startup actions	admin	/public/bi-developers/Secure/global-department-list.xaction	org.pentaho.platform.engine.services.solution.SolutionEngine	admin	instance_failed	f411059e-3084-11e4-b661-881fa1026572			1.9229999780654907
2014/08/30 17:38:07		296843F1147AAF976584FDC23767CFAB		org.pentaho.platform.web.http.session.PentahoHttpSession	admin	session_start				0.0
2014/08/30 17:38:07	Session startup actions	admin	/public/bi-developers/rules/session-region-list.xaction	org.pentaho.platform.engine.services.solution.SolutionEngine	admin	instance_start	8c9a663f-3085-11e4-b661-881fa1026572			0.0
2014/08/30 17:38:08	Session startup actions	8c9a663f-3085-11e4-b661-881fa1026572	session-region-list.xaction	org.pentaho.platform.engine.services.runtime.RuntimeContext	admin	action_sequence_start	start			0.0
2014/08/30 17:38:08	Session startup actions	8c9a663f-3085-11e4-b661-881fa1026572	session-region-list.xaction	JavascriptRule	admin	component_execution_start	start			0.0
2014/08/30 17:38:08	Session startup actions	8c9a663f-3085-11e4-b661-881fa1026572	session-region-list.xaction	JavascriptRule	admin	component_execution_end	end			0.26100000739097595
2014/08/30 17:38:08	Session startup actions	8c9a663f-3085-11e4-b661-881fa1026572	session-region-list.xaction	org.pentaho.platform.engine.services.runtime.RuntimeContext	admin	action_sequence_end	end			0.26100000739097595
2014/08/30 17:38:08	Session startup actions	admin	/public/bi-developers/rules/session-region-list.xaction	org.pentaho.platform.engine.services.solution.SolutionEngine	admin	instance_end	8c9a663f-3085-11e4-b661-881fa1026572			0.9789999723434448
2014/08/30 17:38:08	Session startup actions	296843F1147AAF976584FDC23767CFAB	/public/bi-developers/rules/session-region-list.xaction	org.pentaho.platform.engine.services.solution.SolutionEngine	admin	instance_start	8d301690-3085-11e4-b661-881fa1026572			0.0
2014/08/30 17:38:09	Session startup actions	8d301690-3085-11e4-b661-881fa1026572	session-region-list.xaction	org.pentaho.platform.engine.services.runtime.RuntimeContext	admin	action_sequence_start	start			0.0
2014/08/30 17:38:09	Session startup actions	8d301690-3085-11e4-b661-881fa1026572	session-region-list.xaction	JavascriptRule	admin	component_execution_start	start			0.0
2014/08/30 17:38:09	Session startup actions	8d301690-3085-11e4-b661-881fa1026572	session-region-list.xaction	JavascriptRule	admin	component_execution_end	end			0.00800000037997961
2014/08/30 17:38:09	Session startup actions	8d301690-3085-11e4-b661-881fa1026572	session-region-list.xaction	org.pentaho.platform.engine.services.runtime.RuntimeContext	admin	action_sequence_end	end			0.008999999612569809
2014/08/30 17:38:09	Session startup actions	296843F1147AAF976584FDC23767CFAB	/public/bi-developers/rules/session-region-list.xaction	org.pentaho.platform.engine.services.solution.SolutionEngine	admin	instance_end	8d301690-3085-11e4-b661-881fa1026572			0.5040000081062317
2014/08/30 17:38:09	Session startup actions	admin	/public/bi-developers/rules/session-region-list.xaction	org.pentaho.platform.engine.services.solution.SolutionEngine	admin	instance_start	8d7f9621-3085-11e4-b661-881fa1026572			0.0
2014/08/30 17:38:09	Session startup actions	8d7f9621-3085-11e4-b661-881fa1026572	session-region-list.xaction	org.pentaho.platform.engine.services.runtime.RuntimeContext	admin	action_sequence_start	start			0.0
2014/08/30 17:38:09	Session startup actions	8d7f9621-3085-11e4-b661-881fa1026572	session-region-list.xaction	JavascriptRule	admin	component_execution_start	start			0.0
2014/08/30 17:38:09	Session startup actions	8d7f9621-3085-11e4-b661-881fa1026572	session-region-list.xaction	JavascriptRule	admin	component_execution_end	end			0.010999999940395355
2014/08/30 17:38:09	Session startup actions	8d7f9621-3085-11e4-b661-881fa1026572	session-region-list.xaction	org.pentaho.platform.engine.services.runtime.RuntimeContext	admin	action_sequence_end	end			0.010999999940395355
2014/08/30 17:38:09	Session startup actions	admin	/public/bi-developers/rules/session-region-list.xaction	org.pentaho.platform.engine.services.solution.SolutionEngine	admin	instance_end	8d7f9621-3085-11e4-b661-881fa1026572			0.45899999141693115
2014/08/30 17:39:11		296843F1147AAF976584FDC23767CFAB	/public/bi-developers/rules/session-region-list.xaction	org.pentaho.platform.web.http.session.PentahoHttpSession	admin	session_end				64.05000305175781
2014/08/30 17:39:35	Global startup actions	admin	/public/bi-developers/Secure/global-department-list.xaction	org.pentaho.platform.engine.services.solution.SolutionEngine	admin	instance_start	c0f9affa-3085-11e4-8fcb-881fa1026572			0.0
2014/08/30 17:39:36	Global startup actions	c0f9affa-3085-11e4-8fcb-881fa1026572	global-department-list.xaction	org.pentaho.platform.engine.services.runtime.RuntimeContext	admin	action_sequence_start	start			0.0
2014/08/30 17:39:36	Global startup actions	c0f9affa-3085-11e4-8fcb-881fa1026572	global-department-list.xaction	SQLLookupRule	admin	component_execution_start	start			0.0
2014/08/30 17:39:37	Global startup actions	c0f9affa-3085-11e4-8fcb-881fa1026572	global-department-list.xaction	org.pentaho.platform.engine.services.runtime.RuntimeContext	admin	action_sequence_failed	execution			0.3709999918937683
2014/08/30 17:39:37	Global startup actions	admin	/public/bi-developers/Secure/global-department-list.xaction	org.pentaho.platform.engine.services.solution.SolutionEngine	admin	instance_failed	c0f9affa-3085-11e4-8fcb-881fa1026572			1.781999945640564
2014/08/30 17:40:12		F096DE33986019D8F4F577871DDB7561		org.pentaho.platform.web.http.session.PentahoHttpSession	admin	session_start				0.0
2014/08/30 17:40:12	Session startup actions	admin	/public/bi-developers/rules/session-region-list.xaction	org.pentaho.platform.engine.services.solution.SolutionEngine	admin	instance_start	d72c84ab-3085-11e4-8fcb-881fa1026572			0.0
2014/08/30 17:40:13	Session startup actions	d72c84ab-3085-11e4-8fcb-881fa1026572	session-region-list.xaction	org.pentaho.platform.engine.services.runtime.RuntimeContext	admin	action_sequence_start	start			0.0
2014/08/30 17:40:13	Session startup actions	d72c84ab-3085-11e4-8fcb-881fa1026572	session-region-list.xaction	JavascriptRule	admin	component_execution_start	start			0.0
2014/08/30 17:40:13	Session startup actions	d72c84ab-3085-11e4-8fcb-881fa1026572	session-region-list.xaction	JavascriptRule	admin	component_execution_end	end			0.23199999332427979
2014/08/30 17:40:13	Session startup actions	d72c84ab-3085-11e4-8fcb-881fa1026572	session-region-list.xaction	org.pentaho.platform.engine.services.runtime.RuntimeContext	admin	action_sequence_end	end			0.23199999332427979
2014/08/30 17:40:13	Session startup actions	admin	/public/bi-developers/rules/session-region-list.xaction	org.pentaho.platform.engine.services.solution.SolutionEngine	admin	instance_end	d72c84ab-3085-11e4-8fcb-881fa1026572			0.9010000228881836
2014/08/30 17:40:13	Session startup actions	F096DE33986019D8F4F577871DDB7561	/public/bi-developers/rules/session-region-list.xaction	org.pentaho.platform.engine.services.solution.SolutionEngine	admin	instance_start	d7b6752c-3085-11e4-8fcb-881fa1026572			0.0
2014/08/30 17:40:14	Session startup actions	d7b6752c-3085-11e4-8fcb-881fa1026572	session-region-list.xaction	org.pentaho.platform.engine.services.runtime.RuntimeContext	admin	action_sequence_start	start			0.0
2014/08/30 17:40:14	Session startup actions	d7b6752c-3085-11e4-8fcb-881fa1026572	session-region-list.xaction	JavascriptRule	admin	component_execution_start	start			0.0
2014/08/30 17:40:14	Session startup actions	d7b6752c-3085-11e4-8fcb-881fa1026572	session-region-list.xaction	JavascriptRule	admin	component_execution_end	end			0.007000000216066837
2014/08/30 17:40:14	Session startup actions	d7b6752c-3085-11e4-8fcb-881fa1026572	session-region-list.xaction	org.pentaho.platform.engine.services.runtime.RuntimeContext	admin	action_sequence_end	end			0.007000000216066837
2014/08/30 17:40:14	Session startup actions	F096DE33986019D8F4F577871DDB7561	/public/bi-developers/rules/session-region-list.xaction	org.pentaho.platform.engine.services.solution.SolutionEngine	admin	instance_end	d7b6752c-3085-11e4-8fcb-881fa1026572			0.4569999873638153
2014/08/30 17:40:14	Session startup actions	admin	/public/bi-developers/rules/session-region-list.xaction	org.pentaho.platform.engine.services.solution.SolutionEngine	admin	instance_start	d7fec8cd-3085-11e4-8fcb-881fa1026572			0.0
2014/08/30 17:40:14		F096DE33986019D8F4F577871DDB7561	/public/bi-developers/rules/session-region-list.xaction	org.pentaho.platform.web.http.session.PentahoHttpSession	admin	session_start				0.0
2014/08/30 17:40:14	Session startup actions	admin	/public/bi-developers/rules/session-region-list.xaction	org.pentaho.platform.engine.services.solution.SolutionEngine	admin	instance_start	d8408cbe-3085-11e4-8fcb-881fa1026572			0.0
2014/08/30 17:40:14	Session startup actions	d7fec8cd-3085-11e4-8fcb-881fa1026572	session-region-list.xaction	org.pentaho.platform.engine.services.runtime.RuntimeContext	admin	action_sequence_start	start			0.0
2014/08/30 17:40:14	Session startup actions	d7fec8cd-3085-11e4-8fcb-881fa1026572	session-region-list.xaction	JavascriptRule	admin	component_execution_start	start			0.0
2014/08/30 17:40:14	Session startup actions	d7fec8cd-3085-11e4-8fcb-881fa1026572	session-region-list.xaction	JavascriptRule	admin	component_execution_end	end			0.009999999776482582
2014/08/30 17:40:14	Session startup actions	d7fec8cd-3085-11e4-8fcb-881fa1026572	session-region-list.xaction	org.pentaho.platform.engine.services.runtime.RuntimeContext	admin	action_sequence_end	end			0.010999999940395355
2014/08/30 17:40:14	Session startup actions	admin	/public/bi-developers/rules/session-region-list.xaction	org.pentaho.platform.engine.services.solution.SolutionEngine	admin	instance_end	d7fec8cd-3085-11e4-8fcb-881fa1026572			0.515999972820282
2014/08/30 17:40:15	Session startup actions	d8408cbe-3085-11e4-8fcb-881fa1026572	session-region-list.xaction	org.pentaho.platform.engine.services.runtime.RuntimeContext	admin	action_sequence_start	start			0.0
2014/08/30 17:40:15	Session startup actions	d8408cbe-3085-11e4-8fcb-881fa1026572	session-region-list.xaction	JavascriptRule	admin	component_execution_start	start			0.0
2014/08/30 17:40:15	Session startup actions	d8408cbe-3085-11e4-8fcb-881fa1026572	session-region-list.xaction	JavascriptRule	admin	component_execution_end	end			0.014999999664723873
2014/08/30 17:40:15	Session startup actions	d8408cbe-3085-11e4-8fcb-881fa1026572	session-region-list.xaction	org.pentaho.platform.engine.services.runtime.RuntimeContext	admin	action_sequence_end	end			0.01600000075995922
2014/08/30 17:40:15	Session startup actions	admin	/public/bi-developers/rules/session-region-list.xaction	org.pentaho.platform.engine.services.solution.SolutionEngine	admin	instance_end	d8408cbe-3085-11e4-8fcb-881fa1026572			0.5789999961853027
2014/08/30 17:40:15	Session startup actions	F096DE33986019D8F4F577871DDB7561	/public/bi-developers/rules/session-region-list.xaction	org.pentaho.platform.engine.services.solution.SolutionEngine	admin	instance_start	d8995b1f-3085-11e4-8fcb-881fa1026572			0.0
2014/08/30 17:40:15	Session startup actions	d8995b1f-3085-11e4-8fcb-881fa1026572	session-region-list.xaction	org.pentaho.platform.engine.services.runtime.RuntimeContext	admin	action_sequence_start	start			0.0
2014/08/30 17:40:15	Session startup actions	d8995b1f-3085-11e4-8fcb-881fa1026572	session-region-list.xaction	JavascriptRule	admin	component_execution_start	start			0.0
2014/08/30 17:40:15	Session startup actions	d8995b1f-3085-11e4-8fcb-881fa1026572	session-region-list.xaction	JavascriptRule	admin	component_execution_end	end			0.008999999612569809
2014/08/30 17:40:15	Session startup actions	d8995b1f-3085-11e4-8fcb-881fa1026572	session-region-list.xaction	org.pentaho.platform.engine.services.runtime.RuntimeContext	admin	action_sequence_end	end			0.009999999776482582
2014/08/30 17:40:15	Session startup actions	F096DE33986019D8F4F577871DDB7561	/public/bi-developers/rules/session-region-list.xaction	org.pentaho.platform.engine.services.solution.SolutionEngine	admin	instance_end	d8995b1f-3085-11e4-8fcb-881fa1026572			0.3610000014305115
2014/08/30 17:40:15	Session startup actions	admin	/public/bi-developers/rules/session-region-list.xaction	org.pentaho.platform.engine.services.solution.SolutionEngine	admin	instance_start	d8d356e0-3085-11e4-8fcb-881fa1026572			0.0
2014/08/30 17:40:15	Session startup actions	d8d356e0-3085-11e4-8fcb-881fa1026572	session-region-list.xaction	org.pentaho.platform.engine.services.runtime.RuntimeContext	admin	action_sequence_start	start			0.0
2014/08/30 17:40:15	Session startup actions	d8d356e0-3085-11e4-8fcb-881fa1026572	session-region-list.xaction	JavascriptRule	admin	component_execution_start	start			0.0
2014/08/30 17:40:15	Session startup actions	d8d356e0-3085-11e4-8fcb-881fa1026572	session-region-list.xaction	JavascriptRule	admin	component_execution_end	end			0.008999999612569809
2014/08/30 17:40:15	Session startup actions	d8d356e0-3085-11e4-8fcb-881fa1026572	session-region-list.xaction	org.pentaho.platform.engine.services.runtime.RuntimeContext	admin	action_sequence_end	end			0.009999999776482582
2014/08/30 17:40:15	Session startup actions	admin	/public/bi-developers/rules/session-region-list.xaction	org.pentaho.platform.engine.services.solution.SolutionEngine	admin	instance_end	d8d356e0-3085-11e4-8fcb-881fa1026572			0.35899999737739563
2014/09/02 8:12:01		F096DE33986019D8F4F577871DDB7561	/public/bi-developers/rules/session-region-list.xaction	org.pentaho.platform.web.http.session.PentahoHttpSession	admin	session_end				225107.09375
2014/09/02 8:12:11		73CB52DDD48634E9A8EDC472C53AE8ED		org.pentaho.platform.web.http.session.PentahoHttpSession	admin	session_start				0.0
2014/09/02 8:12:11	Session startup actions	admin	/public/bi-developers/rules/session-region-list.xaction	org.pentaho.platform.engine.services.solution.SolutionEngine	admin	instance_start	fc3250b1-3291-11e4-8fcb-881fa1026572			0.0
2014/09/02 8:12:11	Session startup actions	fc3250b1-3291-11e4-8fcb-881fa1026572	session-region-list.xaction	org.pentaho.platform.engine.services.runtime.RuntimeContext	admin	action_sequence_start	start			0.0
2014/09/02 8:12:11	Session startup actions	fc3250b1-3291-11e4-8fcb-881fa1026572	session-region-list.xaction	JavascriptRule	admin	component_execution_start	start			0.0
2014/09/02 8:12:11	Session startup actions	fc3250b1-3291-11e4-8fcb-881fa1026572	session-region-list.xaction	JavascriptRule	admin	component_execution_end	end			0.00800000037997961
2014/09/02 8:12:11	Session startup actions	fc3250b1-3291-11e4-8fcb-881fa1026572	session-region-list.xaction	org.pentaho.platform.engine.services.runtime.RuntimeContext	admin	action_sequence_end	end			0.00800000037997961
2014/09/02 8:12:11	Session startup actions	admin	/public/bi-developers/rules/session-region-list.xaction	org.pentaho.platform.engine.services.solution.SolutionEngine	admin	instance_end	fc3250b1-3291-11e4-8fcb-881fa1026572			0.20499999821186066
2014/09/02 8:12:11	Session startup actions	73CB52DDD48634E9A8EDC472C53AE8ED	/public/bi-developers/rules/session-region-list.xaction	org.pentaho.platform.engine.services.solution.SolutionEngine	admin	instance_start	fc51bf92-3291-11e4-8fcb-881fa1026572			0.0
2014/09/02 8:12:11	Session startup actions	fc51bf92-3291-11e4-8fcb-881fa1026572	session-region-list.xaction	org.pentaho.platform.engine.services.runtime.RuntimeContext	admin	action_sequence_start	start			0.0
2014/09/02 8:12:11	Session startup actions	fc51bf92-3291-11e4-8fcb-881fa1026572	session-region-list.xaction	JavascriptRule	admin	component_execution_start	start			0.0
2014/09/02 8:12:11	Session startup actions	fc51bf92-3291-11e4-8fcb-881fa1026572	session-region-list.xaction	JavascriptRule	admin	component_execution_end	end			0.007000000216066837
2014/09/02 8:12:11	Session startup actions	fc51bf92-3291-11e4-8fcb-881fa1026572	session-region-list.xaction	org.pentaho.platform.engine.services.runtime.RuntimeContext	admin	action_sequence_end	end			0.00800000037997961
2014/09/02 8:12:11	Session startup actions	73CB52DDD48634E9A8EDC472C53AE8ED	/public/bi-developers/rules/session-region-list.xaction	org.pentaho.platform.engine.services.solution.SolutionEngine	admin	instance_end	fc51bf92-3291-11e4-8fcb-881fa1026572			0.210999995470047
2014/09/02 8:12:11	Session startup actions	admin	/public/bi-developers/rules/session-region-list.xaction	org.pentaho.platform.engine.services.solution.SolutionEngine	admin	instance_start	fc732a43-3291-11e4-8fcb-881fa1026572			0.0
2014/09/02 8:12:11	Session startup actions	fc732a43-3291-11e4-8fcb-881fa1026572	session-region-list.xaction	org.pentaho.platform.engine.services.runtime.RuntimeContext	admin	action_sequence_start	start			0.0
2014/09/02 8:12:11	Session startup actions	fc732a43-3291-11e4-8fcb-881fa1026572	session-region-list.xaction	JavascriptRule	admin	component_execution_start	start			0.0
2014/09/02 8:12:11	Session startup actions	fc732a43-3291-11e4-8fcb-881fa1026572	session-region-list.xaction	JavascriptRule	admin	component_execution_end	end			0.008999999612569809
2014/09/02 8:12:11	Session startup actions	fc732a43-3291-11e4-8fcb-881fa1026572	session-region-list.xaction	org.pentaho.platform.engine.services.runtime.RuntimeContext	admin	action_sequence_end	end			0.008999999612569809
2014/09/02 8:12:11	Session startup actions	admin	/public/bi-developers/rules/session-region-list.xaction	org.pentaho.platform.engine.services.solution.SolutionEngine	admin	instance_end	fc732a43-3291-11e4-8fcb-881fa1026572			0.20200000703334808
2014/09/02 15:18:08		73CB52DDD48634E9A8EDC472C53AE8ED	/public/bi-developers/rules/session-region-list.xaction	org.pentaho.platform.web.http.session.PentahoHttpSession	admin	session_end				25557.056640625
2014/09/02 18:04:26	Global startup actions	admin	/public/bi-developers/Secure/global-department-list.xaction	org.pentaho.platform.engine.services.solution.SolutionEngine	admin	instance_start	b8da8c18-32e4-11e4-b9e5-a5052bc8336f			0.0
2014/09/02 18:04:27	Global startup actions	b8da8c18-32e4-11e4-b9e5-a5052bc8336f	global-department-list.xaction	org.pentaho.platform.engine.services.runtime.RuntimeContext	admin	action_sequence_start	start			0.0
2014/09/02 18:04:27	Global startup actions	b8da8c18-32e4-11e4-b9e5-a5052bc8336f	global-department-list.xaction	SQLLookupRule	admin	component_execution_start	start			0.0
2014/09/02 18:04:28	Global startup actions	b8da8c18-32e4-11e4-b9e5-a5052bc8336f	global-department-list.xaction	org.pentaho.platform.engine.services.runtime.RuntimeContext	admin	action_sequence_failed	execution			0.38999998569488525
2014/09/02 18:04:28	Global startup actions	admin	/public/bi-developers/Secure/global-department-list.xaction	org.pentaho.platform.engine.services.solution.SolutionEngine	admin	instance_failed	b8da8c18-32e4-11e4-b9e5-a5052bc8336f			1.8209999799728394
2014/09/02 18:04:36		31160BA2D31EF682A92501B2B84D137C		org.pentaho.platform.web.http.session.PentahoHttpSession	admin	session_start				0.0
2014/09/02 18:04:36	Session startup actions	admin	/public/bi-developers/rules/session-region-list.xaction	org.pentaho.platform.engine.services.solution.SolutionEngine	admin	instance_start	bf18c0b9-32e4-11e4-b9e5-a5052bc8336f			0.0
2014/09/02 18:04:37	Session startup actions	bf18c0b9-32e4-11e4-b9e5-a5052bc8336f	session-region-list.xaction	org.pentaho.platform.engine.services.runtime.RuntimeContext	admin	action_sequence_start	start			0.0
2014/09/02 18:04:37	Session startup actions	bf18c0b9-32e4-11e4-b9e5-a5052bc8336f	session-region-list.xaction	JavascriptRule	admin	component_execution_start	start			0.0
2014/09/02 18:04:37	Session startup actions	bf18c0b9-32e4-11e4-b9e5-a5052bc8336f	session-region-list.xaction	JavascriptRule	admin	component_execution_end	end			0.20800000429153442
2014/09/02 18:04:37	Session startup actions	bf18c0b9-32e4-11e4-b9e5-a5052bc8336f	session-region-list.xaction	org.pentaho.platform.engine.services.runtime.RuntimeContext	admin	action_sequence_end	end			0.20900000631809235
2014/09/02 18:04:37	Session startup actions	admin	/public/bi-developers/rules/session-region-list.xaction	org.pentaho.platform.engine.services.solution.SolutionEngine	admin	instance_end	bf18c0b9-32e4-11e4-b9e5-a5052bc8336f			0.8960000276565552
2014/09/02 18:04:37	Session startup actions	31160BA2D31EF682A92501B2B84D137C	/public/bi-developers/rules/session-region-list.xaction	org.pentaho.platform.engine.services.solution.SolutionEngine	admin	instance_start	bfa1edea-32e4-11e4-b9e5-a5052bc8336f			0.0
2014/09/02 18:04:38	Session startup actions	bfa1edea-32e4-11e4-b9e5-a5052bc8336f	session-region-list.xaction	org.pentaho.platform.engine.services.runtime.RuntimeContext	admin	action_sequence_start	start			0.0
2014/09/02 18:04:38	Session startup actions	bfa1edea-32e4-11e4-b9e5-a5052bc8336f	session-region-list.xaction	JavascriptRule	admin	component_execution_start	start			0.0
2014/09/02 18:04:38	Session startup actions	bfa1edea-32e4-11e4-b9e5-a5052bc8336f	session-region-list.xaction	JavascriptRule	admin	component_execution_end	end			0.00800000037997961
2014/09/02 18:04:38	Session startup actions	bfa1edea-32e4-11e4-b9e5-a5052bc8336f	session-region-list.xaction	org.pentaho.platform.engine.services.runtime.RuntimeContext	admin	action_sequence_end	end			0.008999999612569809
2014/09/02 18:04:38	Session startup actions	31160BA2D31EF682A92501B2B84D137C	/public/bi-developers/rules/session-region-list.xaction	org.pentaho.platform.engine.services.solution.SolutionEngine	admin	instance_end	bfa1edea-32e4-11e4-b9e5-a5052bc8336f			0.4359999895095825
2014/09/02 18:04:38	Session startup actions	admin	/public/bi-developers/rules/session-region-list.xaction	org.pentaho.platform.engine.services.solution.SolutionEngine	admin	instance_start	bfe81eab-32e4-11e4-b9e5-a5052bc8336f			0.0
2014/09/02 18:04:38	Session startup actions	bfe81eab-32e4-11e4-b9e5-a5052bc8336f	session-region-list.xaction	org.pentaho.platform.engine.services.runtime.RuntimeContext	admin	action_sequence_start	start			0.0
2014/09/02 18:04:38	Session startup actions	bfe81eab-32e4-11e4-b9e5-a5052bc8336f	session-region-list.xaction	JavascriptRule	admin	component_execution_start	start			0.0
2014/09/02 18:04:38	Session startup actions	bfe81eab-32e4-11e4-b9e5-a5052bc8336f	session-region-list.xaction	JavascriptRule	admin	component_execution_end	end			0.00800000037997961
2014/09/02 18:04:38	Session startup actions	bfe81eab-32e4-11e4-b9e5-a5052bc8336f	session-region-list.xaction	org.pentaho.platform.engine.services.runtime.RuntimeContext	admin	action_sequence_end	end			0.008999999612569809
2014/09/02 18:04:38	Session startup actions	admin	/public/bi-developers/rules/session-region-list.xaction	org.pentaho.platform.engine.services.solution.SolutionEngine	admin	instance_end	bfe81eab-32e4-11e4-b9e5-a5052bc8336f			0.46799999475479126
2014/09/02 20:39:01		31160BA2D31EF682A92501B2B84D137C	/public/bi-developers/rules/session-region-list.xaction	org.pentaho.platform.web.http.session.PentahoHttpSession	admin	session_end				9264.443359375
2014/09/13 14:41:07	Global startup actions	admin	/public/bi-developers/Secure/global-department-list.xaction	org.pentaho.platform.engine.services.solution.SolutionEngine	admin	instance_start	245ac531-3b6d-11e4-b611-881fa1026572			0.0
2014/09/13 14:41:09	Global startup actions	245ac531-3b6d-11e4-b611-881fa1026572	global-department-list.xaction	org.pentaho.platform.engine.services.runtime.RuntimeContext	admin	action_sequence_start	start			0.0
2014/09/13 14:41:09	Global startup actions	245ac531-3b6d-11e4-b611-881fa1026572	global-department-list.xaction	SQLLookupRule	admin	component_execution_start	start			0.0
2014/09/13 14:41:09	Global startup actions	245ac531-3b6d-11e4-b611-881fa1026572	global-department-list.xaction	org.pentaho.platform.engine.services.runtime.RuntimeContext	admin	action_sequence_failed	execution			0.4950000047683716
2014/09/13 14:41:09	Global startup actions	admin	/public/bi-developers/Secure/global-department-list.xaction	org.pentaho.platform.engine.services.solution.SolutionEngine	admin	instance_failed	245ac531-3b6d-11e4-b611-881fa1026572			2.119999885559082
2014/09/13 15:08:37		BD1E8D2CD11566DEE5E001CF590635B3		org.pentaho.platform.web.http.session.PentahoHttpSession	admin	session_start				0.0
2014/09/13 15:08:37	Session startup actions	admin	/public/bi-developers/rules/session-region-list.xaction	org.pentaho.platform.engine.services.solution.SolutionEngine	admin	instance_start	fc0e29b2-3b70-11e4-b611-881fa1026572			0.0
2014/09/13 15:08:38	Session startup actions	fc0e29b2-3b70-11e4-b611-881fa1026572	session-region-list.xaction	org.pentaho.platform.engine.services.runtime.RuntimeContext	admin	action_sequence_start	start			0.0
2014/09/13 15:08:38	Session startup actions	fc0e29b2-3b70-11e4-b611-881fa1026572	session-region-list.xaction	JavascriptRule	admin	component_execution_start	start			0.0
2014/09/13 15:08:38	Session startup actions	fc0e29b2-3b70-11e4-b611-881fa1026572	session-region-list.xaction	JavascriptRule	admin	component_execution_end	end			0.25600001215934753
2014/09/13 15:08:38	Session startup actions	fc0e29b2-3b70-11e4-b611-881fa1026572	session-region-list.xaction	org.pentaho.platform.engine.services.runtime.RuntimeContext	admin	action_sequence_end	end			0.25699999928474426
2014/09/13 15:08:38	Session startup actions	admin	/public/bi-developers/rules/session-region-list.xaction	org.pentaho.platform.engine.services.solution.SolutionEngine	admin	instance_end	fc0e29b2-3b70-11e4-b611-881fa1026572			1.027999997138977
2014/09/13 15:08:38	Session startup actions	BD1E8D2CD11566DEE5E001CF590635B3	/public/bi-developers/rules/session-region-list.xaction	org.pentaho.platform.engine.services.solution.SolutionEngine	admin	instance_start	fcab5413-3b70-11e4-b611-881fa1026572			0.0
2014/09/13 15:08:39		BD1E8D2CD11566DEE5E001CF590635B3	/public/bi-developers/rules/session-region-list.xaction	org.pentaho.platform.web.http.session.PentahoHttpSession	admin	session_start				0.0
2014/09/13 15:08:39	Session startup actions	admin	/public/bi-developers/rules/session-region-list.xaction	org.pentaho.platform.engine.services.solution.SolutionEngine	admin	instance_start	fcf443f4-3b70-11e4-b611-881fa1026572			0.0
2014/09/13 15:08:39	Session startup actions	fcab5413-3b70-11e4-b611-881fa1026572	session-region-list.xaction	org.pentaho.platform.engine.services.runtime.RuntimeContext	admin	action_sequence_start	start			0.0
2014/09/13 15:08:39	Session startup actions	fcab5413-3b70-11e4-b611-881fa1026572	session-region-list.xaction	JavascriptRule	admin	component_execution_start	start			0.0
2014/09/13 15:08:39	Session startup actions	fcab5413-3b70-11e4-b611-881fa1026572	session-region-list.xaction	JavascriptRule	admin	component_execution_end	end			0.01600000075995922
2014/09/13 15:08:39	Session startup actions	fcab5413-3b70-11e4-b611-881fa1026572	session-region-list.xaction	org.pentaho.platform.engine.services.runtime.RuntimeContext	admin	action_sequence_end	end			0.01600000075995922
2014/09/13 15:08:39	Session startup actions	BD1E8D2CD11566DEE5E001CF590635B3	/public/bi-developers/rules/session-region-list.xaction	org.pentaho.platform.engine.services.solution.SolutionEngine	admin	instance_end	fcab5413-3b70-11e4-b611-881fa1026572			0.6050000190734863
2014/09/13 15:08:39	Session startup actions	admin	/public/bi-developers/rules/session-region-list.xaction	org.pentaho.platform.engine.services.solution.SolutionEngine	admin	instance_start	fd0de675-3b70-11e4-b611-881fa1026572			0.0
2014/09/13 15:08:40	Session startup actions	fcf443f4-3b70-11e4-b611-881fa1026572	session-region-list.xaction	org.pentaho.platform.engine.services.runtime.RuntimeContext	admin	action_sequence_start	start			0.0
2014/09/13 15:08:40	Session startup actions	fcf443f4-3b70-11e4-b611-881fa1026572	session-region-list.xaction	JavascriptRule	admin	component_execution_start	start			0.0
2014/09/13 15:08:40	Session startup actions	fcf443f4-3b70-11e4-b611-881fa1026572	session-region-list.xaction	JavascriptRule	admin	component_execution_end	end			0.014000000432133675
2014/09/13 15:08:40	Session startup actions	fcf443f4-3b70-11e4-b611-881fa1026572	session-region-list.xaction	org.pentaho.platform.engine.services.runtime.RuntimeContext	admin	action_sequence_end	end			0.014999999664723873
2014/09/13 15:08:40	Session startup actions	admin	/public/bi-developers/rules/session-region-list.xaction	org.pentaho.platform.engine.services.solution.SolutionEngine	admin	instance_end	fcf443f4-3b70-11e4-b611-881fa1026572			0.7070000171661377
2014/09/13 15:08:40	Session startup actions	BD1E8D2CD11566DEE5E001CF590635B3	/public/bi-developers/rules/session-region-list.xaction	org.pentaho.platform.engine.services.solution.SolutionEngine	admin	instance_start	fd607346-3b70-11e4-b611-881fa1026572			0.0
2014/09/13 15:08:40	Session startup actions	fd0de675-3b70-11e4-b611-881fa1026572	session-region-list.xaction	org.pentaho.platform.engine.services.runtime.RuntimeContext	admin	action_sequence_start	start			0.0
2014/09/13 15:08:40	Session startup actions	fd0de675-3b70-11e4-b611-881fa1026572	session-region-list.xaction	JavascriptRule	admin	component_execution_start	start			0.0
2014/09/13 15:08:40	Session startup actions	fd0de675-3b70-11e4-b611-881fa1026572	session-region-list.xaction	JavascriptRule	admin	component_execution_end	end			0.010999999940395355
2014/09/13 15:08:40	Session startup actions	fd0de675-3b70-11e4-b611-881fa1026572	session-region-list.xaction	org.pentaho.platform.engine.services.runtime.RuntimeContext	admin	action_sequence_end	end			0.010999999940395355
2014/09/13 15:08:40	Session startup actions	admin	/public/bi-developers/rules/session-region-list.xaction	org.pentaho.platform.engine.services.solution.SolutionEngine	admin	instance_end	fd0de675-3b70-11e4-b611-881fa1026572			0.6620000004768372
2014/09/13 15:08:40	Session startup actions	fd607346-3b70-11e4-b611-881fa1026572	session-region-list.xaction	org.pentaho.platform.engine.services.runtime.RuntimeContext	admin	action_sequence_start	start			0.0
2014/09/13 15:08:40	Session startup actions	fd607346-3b70-11e4-b611-881fa1026572	session-region-list.xaction	JavascriptRule	admin	component_execution_start	start			0.0
2014/09/13 15:08:40	Session startup actions	fd607346-3b70-11e4-b611-881fa1026572	session-region-list.xaction	JavascriptRule	admin	component_execution_end	end			0.014999999664723873
2014/09/13 15:08:40	Session startup actions	fd607346-3b70-11e4-b611-881fa1026572	session-region-list.xaction	org.pentaho.platform.engine.services.runtime.RuntimeContext	admin	action_sequence_end	end			0.014999999664723873
2014/09/13 15:08:40	Session startup actions	BD1E8D2CD11566DEE5E001CF590635B3	/public/bi-developers/rules/session-region-list.xaction	org.pentaho.platform.engine.services.solution.SolutionEngine	admin	instance_end	fd607346-3b70-11e4-b611-881fa1026572			0.4180000126361847
2014/09/13 15:08:40	Session startup actions	admin	/public/bi-developers/rules/session-region-list.xaction	org.pentaho.platform.engine.services.solution.SolutionEngine	admin	instance_start	fda4a837-3b70-11e4-b611-881fa1026572			0.0
2014/09/13 15:08:41	Session startup actions	fda4a837-3b70-11e4-b611-881fa1026572	session-region-list.xaction	org.pentaho.platform.engine.services.runtime.RuntimeContext	admin	action_sequence_start	start			0.0
2014/09/13 15:08:41	Session startup actions	fda4a837-3b70-11e4-b611-881fa1026572	session-region-list.xaction	JavascriptRule	admin	component_execution_start	start			0.0
2014/09/13 15:08:41	Session startup actions	fda4a837-3b70-11e4-b611-881fa1026572	session-region-list.xaction	JavascriptRule	admin	component_execution_end	end			0.010999999940395355
2014/09/13 15:08:41	Session startup actions	fda4a837-3b70-11e4-b611-881fa1026572	session-region-list.xaction	org.pentaho.platform.engine.services.runtime.RuntimeContext	admin	action_sequence_end	end			0.010999999940395355
2014/09/13 15:08:41	Session startup actions	admin	/public/bi-developers/rules/session-region-list.xaction	org.pentaho.platform.engine.services.solution.SolutionEngine	admin	instance_end	fda4a837-3b70-11e4-b611-881fa1026572			0.8119999766349792
2014/09/13 16:12:17		BD1E8D2CD11566DEE5E001CF590635B3	/public/bi-developers/rules/session-region-list.xaction	org.pentaho.platform.web.http.session.PentahoHttpSession	admin	session_end				3818.323974609375
2014/09/13 16:30:10	Global startup actions	admin	/public/bi-developers/Secure/global-department-list.xaction	org.pentaho.platform.engine.services.solution.SolutionEngine	admin	instance_start	60316239-3b7c-11e4-8710-881fa1026572			0.0
2014/09/13 16:30:11	Global startup actions	60316239-3b7c-11e4-8710-881fa1026572	global-department-list.xaction	org.pentaho.platform.engine.services.runtime.RuntimeContext	admin	action_sequence_start	start			0.0
2014/09/13 16:30:11	Global startup actions	60316239-3b7c-11e4-8710-881fa1026572	global-department-list.xaction	SQLLookupRule	admin	component_execution_start	start			0.0
2014/09/13 16:30:12	Global startup actions	60316239-3b7c-11e4-8710-881fa1026572	global-department-list.xaction	org.pentaho.platform.engine.services.runtime.RuntimeContext	admin	action_sequence_failed	execution			0.4399999976158142
2014/09/13 16:30:12	Global startup actions	admin	/public/bi-developers/Secure/global-department-list.xaction	org.pentaho.platform.engine.services.solution.SolutionEngine	admin	instance_failed	60316239-3b7c-11e4-8710-881fa1026572			1.8229999542236328
2014/09/13 16:36:03		9A24B563C971C2E2FAF4F6EC3018614E		org.pentaho.platform.web.http.session.PentahoHttpSession	admin	session_start				0.0
2014/09/13 16:36:03	Session startup actions	admin	/public/bi-developers/rules/session-region-list.xaction	org.pentaho.platform.engine.services.solution.SolutionEngine	admin	instance_start	32e756da-3b7d-11e4-8710-881fa1026572			0.0
2014/09/13 16:36:04	Session startup actions	32e756da-3b7d-11e4-8710-881fa1026572	session-region-list.xaction	org.pentaho.platform.engine.services.runtime.RuntimeContext	admin	action_sequence_start	start			0.0
2014/09/13 16:36:04	Session startup actions	32e756da-3b7d-11e4-8710-881fa1026572	session-region-list.xaction	JavascriptRule	admin	component_execution_start	start			0.0
2014/09/13 16:36:04	Session startup actions	32e756da-3b7d-11e4-8710-881fa1026572	session-region-list.xaction	JavascriptRule	admin	component_execution_end	end			0.24899999797344208
2014/09/13 16:36:04	Session startup actions	32e756da-3b7d-11e4-8710-881fa1026572	session-region-list.xaction	org.pentaho.platform.engine.services.runtime.RuntimeContext	admin	action_sequence_end	end			0.24899999797344208
2014/09/13 16:36:04	Session startup actions	admin	/public/bi-developers/rules/session-region-list.xaction	org.pentaho.platform.engine.services.solution.SolutionEngine	admin	instance_end	32e756da-3b7d-11e4-8710-881fa1026572			0.8370000123977661
2014/09/13 16:36:04	Session startup actions	9A24B563C971C2E2FAF4F6EC3018614E	/public/bi-developers/rules/session-region-list.xaction	org.pentaho.platform.engine.services.solution.SolutionEngine	admin	instance_start	3367835b-3b7d-11e4-8710-881fa1026572			0.0
2014/09/13 16:36:05	Session startup actions	3367835b-3b7d-11e4-8710-881fa1026572	session-region-list.xaction	org.pentaho.platform.engine.services.runtime.RuntimeContext	admin	action_sequence_start	start			0.0
2014/09/13 16:36:05	Session startup actions	3367835b-3b7d-11e4-8710-881fa1026572	session-region-list.xaction	JavascriptRule	admin	component_execution_start	start			0.0
2014/09/13 16:36:05	Session startup actions	3367835b-3b7d-11e4-8710-881fa1026572	session-region-list.xaction	JavascriptRule	admin	component_execution_end	end			0.00800000037997961
2014/09/13 16:36:05	Session startup actions	3367835b-3b7d-11e4-8710-881fa1026572	session-region-list.xaction	org.pentaho.platform.engine.services.runtime.RuntimeContext	admin	action_sequence_end	end			0.00800000037997961
2014/09/13 16:36:05	Session startup actions	9A24B563C971C2E2FAF4F6EC3018614E	/public/bi-developers/rules/session-region-list.xaction	org.pentaho.platform.engine.services.solution.SolutionEngine	admin	instance_end	3367835b-3b7d-11e4-8710-881fa1026572			0.5049999952316284
2014/09/13 16:36:05	Session startup actions	admin	/public/bi-developers/rules/session-region-list.xaction	org.pentaho.platform.engine.services.solution.SolutionEngine	admin	instance_start	33b7ed4c-3b7d-11e4-8710-881fa1026572			0.0
2014/09/13 16:36:05	Session startup actions	33b7ed4c-3b7d-11e4-8710-881fa1026572	session-region-list.xaction	org.pentaho.platform.engine.services.runtime.RuntimeContext	admin	action_sequence_start	start			0.0
2014/09/13 16:36:05	Session startup actions	33b7ed4c-3b7d-11e4-8710-881fa1026572	session-region-list.xaction	JavascriptRule	admin	component_execution_start	start			0.0
2014/09/13 16:36:05	Session startup actions	33b7ed4c-3b7d-11e4-8710-881fa1026572	session-region-list.xaction	JavascriptRule	admin	component_execution_end	end			0.010999999940395355
2014/09/13 16:36:05	Session startup actions	33b7ed4c-3b7d-11e4-8710-881fa1026572	session-region-list.xaction	org.pentaho.platform.engine.services.runtime.RuntimeContext	admin	action_sequence_end	end			0.012000000104308128
2014/09/13 16:36:05	Session startup actions	admin	/public/bi-developers/rules/session-region-list.xaction	org.pentaho.platform.engine.services.solution.SolutionEngine	admin	instance_end	33b7ed4c-3b7d-11e4-8710-881fa1026572			0.44699999690055847
2014/09/13 16:38:13		9A24B563C971C2E2FAF4F6EC3018614E	/public/bi-developers/rules/session-region-list.xaction	org.pentaho.platform.web.http.session.PentahoHttpSession	admin	session_end				129.39199829101562
2014/09/13 16:59:09	Global startup actions	admin	/public/bi-developers/Secure/global-department-list.xaction	org.pentaho.platform.engine.services.solution.SolutionEngine	admin	instance_start	6ca5df52-3b80-11e4-b99c-74e50b7a3ba8			0.0
2014/09/13 16:59:09	Global startup actions	admin	/public/bi-developers/Secure/global-department-list.xaction	org.pentaho.platform.engine.services.solution.SolutionEngine	admin	instance_failed	6ca5df52-3b80-11e4-b99c-74e50b7a3ba8	SolutionEngine.ERROR_0007 - Action sequence execution failed		0.04699999839067459
2014/09/13 16:59:21		9FA5DE25E2996428DEBBC8E50219B495		org.pentaho.platform.web.http.session.PentahoHttpSession	admin	session_start				0.0
2014/09/13 16:59:21	Session startup actions	admin	/public/bi-developers/rules/session-region-list.xaction	org.pentaho.platform.engine.services.solution.SolutionEngine	admin	instance_start	743b1873-3b80-11e4-b99c-74e50b7a3ba8			0.0
2014/09/13 16:59:22	Session startup actions	admin	/public/bi-developers/rules/session-region-list.xaction	org.pentaho.platform.engine.services.solution.SolutionEngine	admin	instance_failed	743b1873-3b80-11e4-b99c-74e50b7a3ba8	SolutionEngine.ERROR_0007 - Action sequence execution failed		0.02199999988079071
2014/09/13 16:59:22	Session startup actions	9FA5DE25E2996428DEBBC8E50219B495	/public/bi-developers/rules/session-region-list.xaction	org.pentaho.platform.engine.services.solution.SolutionEngine	admin	instance_start	743ec1f4-3b80-11e4-b99c-74e50b7a3ba8			0.0
2014/09/13 16:59:22	Session startup actions	9FA5DE25E2996428DEBBC8E50219B495	/public/bi-developers/rules/session-region-list.xaction	org.pentaho.platform.engine.services.solution.SolutionEngine	admin	instance_failed	743ec1f4-3b80-11e4-b99c-74e50b7a3ba8	SolutionEngine.ERROR_0007 - Action sequence execution failed		0.014000000432133675
2014/09/13 16:59:22	Session startup actions	admin	/public/bi-developers/rules/session-region-list.xaction	org.pentaho.platform.engine.services.solution.SolutionEngine	admin	instance_start	74459fc5-3b80-11e4-b99c-74e50b7a3ba8			0.0
2014/09/13 16:59:22	Session startup actions	admin	/public/bi-developers/rules/session-region-list.xaction	org.pentaho.platform.engine.services.solution.SolutionEngine	admin	instance_failed	74459fc5-3b80-11e4-b99c-74e50b7a3ba8	SolutionEngine.ERROR_0007 - Action sequence execution failed		0.014999999664723873
2014/09/13 17:05:17	Global startup actions	admin	/public/bi-developers/Secure/global-department-list.xaction	org.pentaho.platform.engine.services.solution.SolutionEngine	admin	instance_start	4855cd38-3b81-11e4-ab16-74e50b7a3ba8			0.0
2014/09/13 17:05:18	Global startup actions	admin	/public/bi-developers/Secure/global-department-list.xaction	org.pentaho.platform.engine.services.solution.SolutionEngine	admin	instance_failed	4855cd38-3b81-11e4-ab16-74e50b7a3ba8	SolutionEngine.ERROR_0007 - Action sequence execution failed		0.1899999976158142
2014/09/13 17:05:38		41644D32BB106DB56F16F112F7F0F7B9		org.pentaho.platform.web.http.session.PentahoHttpSession	admin	session_start				0.0
2014/09/13 17:05:38	Session startup actions	admin	/public/bi-developers/rules/session-region-list.xaction	org.pentaho.platform.engine.services.solution.SolutionEngine	admin	instance_start	546ff239-3b81-11e4-ab16-74e50b7a3ba8			0.0
2014/09/13 17:05:38	Session startup actions	admin	/public/bi-developers/rules/session-region-list.xaction	org.pentaho.platform.engine.services.solution.SolutionEngine	admin	instance_failed	546ff239-3b81-11e4-ab16-74e50b7a3ba8	SolutionEngine.ERROR_0007 - Action sequence execution failed		0.01899999938905239
2014/09/13 17:05:38	Session startup actions	41644D32BB106DB56F16F112F7F0F7B9	/public/bi-developers/rules/session-region-list.xaction	org.pentaho.platform.engine.services.solution.SolutionEngine	admin	instance_start	54734d9a-3b81-11e4-ab16-74e50b7a3ba8			0.0
2014/09/13 17:05:38	Session startup actions	41644D32BB106DB56F16F112F7F0F7B9	/public/bi-developers/rules/session-region-list.xaction	org.pentaho.platform.engine.services.solution.SolutionEngine	admin	instance_failed	54734d9a-3b81-11e4-ab16-74e50b7a3ba8	SolutionEngine.ERROR_0007 - Action sequence execution failed		0.017999999225139618
2014/09/13 17:05:38	Session startup actions	admin	/public/bi-developers/rules/session-region-list.xaction	org.pentaho.platform.engine.services.solution.SolutionEngine	admin	instance_start	547c273b-3b81-11e4-ab16-74e50b7a3ba8			0.0
2014/09/13 17:05:38	Session startup actions	admin	/public/bi-developers/rules/session-region-list.xaction	org.pentaho.platform.engine.services.solution.SolutionEngine	admin	instance_failed	547c273b-3b81-11e4-ab16-74e50b7a3ba8	SolutionEngine.ERROR_0007 - Action sequence execution failed		0.017999999225139618
